<?xml version="1.0" encoding="UTF-8"?>
<!-- Generated by org.testng.reporters.JUnitXMLReporter -->
<testsuite ignored="0" hostname="Dell-5577-Sidhu" failures="2" tests="7" name="Login_Module" time="57.444" errors="0" timestamp="2023-10-23T12:45:53 EDT">
  <testcase classname="test_layer.Login_Test" name="Sign_in_TC1_blank_email_address" time="0.618"/>
  <testcase classname="test_layer.Login_Test" name="Sign_in_TC2_invalid_email_address" time="0.591"/>
  <testcase classname="test_layer.Login_Test" name="Sign_in_TC3_valid_email_address" time="1.52"/>
  <testcase classname="test_layer.Login_Test" name="Sign_in_TC4_blank_password" time="1.726"/>
  <testcase classname="test_layer.Login_Test" name="Sign_in_TC5_incorrect_password" time="6.6">
    <failure type="java.lang.AssertionError" message="expected [true] but found [false]">
      <![CDATA[java.lang.AssertionError: expected [true] but found [false]
at test_layer.Login_Test.Sign_in_TC5_incorrect_password(Login_Test.java:72)
at java.base/java.util.ArrayList.forEach(ArrayList.java:1511)
... Removed 32 stack frames]]>
    </failure>
  </testcase> <!-- Sign_in_TC5_incorrect_password -->
  <testcase classname="test_layer.Login_Test" name="Sign_in_TC6_correct_password" time="4.234"/>
  <testcase classname="test_layer.Login_Test" name="Sign_in_TC7_keep_me_signed_in_checked" time="16.11">
    <failure type="java.lang.AssertionError" message="expected [Hello, town] but found [Hello, sign in]">
      <![CDATA[java.lang.AssertionError: expected [Hello, town] but found [Hello, sign in]
at test_layer.Login_Test.Sign_in_TC7_keep_me_signed_in_checked(Login_Test.java:100)
at java.base/java.util.ArrayList.forEach(ArrayList.java:1511)
... Removed 31 stack frames]]>
    </failure>
  </testcase> <!-- Sign_in_TC7_keep_me_signed_in_checked -->
</testsuite> <!-- Login_Module -->
