<?xml version="1.0" encoding="UTF-8"?>
<!-- Generated by org.testng.reporters.JUnitXMLReporter -->
<testsuite ignored="0" hostname="Dell-5577-Sidhu" failures="6" tests="11" name="Registration_Module" time="38.837" errors="0" timestamp="2023-10-23T12:44:55 EDT">
  <testcase classname="test_layer.Registration_Test" name="Registration_TC1_blank_your_name_field" time="0.206">
    <failure type="java.lang.AssertionError" message="expected [true] but found [false]">
      <![CDATA[java.lang.AssertionError: expected [true] but found [false]
at test_layer.Registration_Test.Registration_TC1_blank_your_name_field(Registration_Test.java:35)
at java.base/java.util.ArrayList.forEach(ArrayList.java:1511)
... Removed 32 stack frames]]>
    </failure>
  </testcase> <!-- Registration_TC1_blank_your_name_field -->
  <testcase classname="test_layer.Registration_Test" name="Registration_TC2_valid_your_name_field" time="0.162"/>
  <testcase classname="test_layer.Registration_Test" name="Registration_TC3_blank_mobile_email" time="0.305">
    <failure type="java.lang.AssertionError" message="expected [true] but found [false]">
      <![CDATA[java.lang.AssertionError: expected [true] but found [false]
at test_layer.Registration_Test.Registration_TC3_blank_mobile_email(Registration_Test.java:52)
at java.base/java.util.ArrayList.forEach(ArrayList.java:1511)
... Removed 32 stack frames]]>
    </failure>
  </testcase> <!-- Registration_TC3_blank_mobile_email -->
  <testcase classname="test_layer.Registration_Test" name="Registration_TC4_Verify_Mobile_number" time="0.207"/>
  <testcase classname="test_layer.Registration_Test" name="Registration_TC5_Verify_email" time="0.163"/>
  <testcase classname="test_layer.Registration_Test" name="Registration_TC6_blank_password" time="0.131">
    <failure type="java.lang.AssertionError" message="expected [true] but found [false]">
      <![CDATA[java.lang.AssertionError: expected [true] but found [false]
at test_layer.Registration_Test.Registration_TC6_blank_password(Registration_Test.java:80)
at java.base/java.util.ArrayList.forEach(ArrayList.java:1511)
... Removed 32 stack frames]]>
    </failure>
  </testcase> <!-- Registration_TC6_blank_password -->
  <testcase classname="test_layer.Registration_Test" name="Registration_TC7_invalid_password_less_than_6" time="0.168">
    <failure type="java.lang.AssertionError" message="expected [true] but found [false]">
      <![CDATA[java.lang.AssertionError: expected [true] but found [false]
at test_layer.Registration_Test.Registration_TC7_invalid_password_less_than_6(Registration_Test.java:90)
at java.base/java.util.ArrayList.forEach(ArrayList.java:1511)
... Removed 32 stack frames]]>
    </failure>
  </testcase> <!-- Registration_TC7_invalid_password_less_than_6 -->
  <testcase classname="test_layer.Registration_Test" name="Registration_TC8_valid_password_atleast_6" time="0.508"/>
  <testcase classname="test_layer.Registration_Test" name="Registration_TC9_invalid_password_again" time="0.193">
    <failure type="java.lang.AssertionError" message="expected [true] but found [false]">
      <![CDATA[java.lang.AssertionError: expected [true] but found [false]
at test_layer.Registration_Test.Registration_TC9_invalid_password_again(Registration_Test.java:110)
at java.base/java.util.ArrayList.forEach(ArrayList.java:1511)
... Removed 32 stack frames]]>
    </failure>
  </testcase> <!-- Registration_TC9_invalid_password_again -->
  <testcase classname="test_layer.Registration_Test" name="Registration_TC10_valid_password_again" time="0.476"/>
  <testcase classname="test_layer.Registration_Test" name="Registration_TC11_existing_customer" time="4.753">
    <failure type="java.lang.AssertionError" message="expected [Are you returning customer] but found [Are you a returning customer?]">
      <![CDATA[java.lang.AssertionError: expected [Are you returning customer] but found [Are you a returning customer?]
at test_layer.Registration_Test.Registration_TC11_existing_customer(Registration_Test.java:131)
at java.base/java.util.ArrayList.forEach(ArrayList.java:1511)
... Removed 31 stack frames]]>
    </failure>
  </testcase> <!-- Registration_TC11_existing_customer -->
</testsuite> <!-- Registration_Module -->
