<?xml version="1.0" encoding="UTF-8"?>
<testng-results ignored="0" total="95" passed="60" failed="35" skipped="0">
  <reporter-output>
  </reporter-output>
  <suite started-at="2023-10-23T12:44:16 EDT" name="Amazon E-commerce" finished-at="2023-10-23T13:07:31 EDT" duration-ms="1394726">
    <groups>
    </groups>
    <test started-at="2023-10-23T12:44:16 EDT" name="Registration_Module" finished-at="2023-10-23T12:44:55 EDT" duration-ms="38837">
      <class name="test_layer.Registration_Test">
        <test-method is-config="true" signature="start()[pri:0, instance:test_layer.Registration_Test@6771beb3]" started-at="2023-10-23T12:44:16 EDT" name="start" finished-at="2023-10-23T12:44:24 EDT" duration-ms="7454" status="PASS">
          <reporter-output>
          </reporter-output>
        </test-method> <!-- start -->
        <test-method is-config="true" signature="open_registration_page()[pri:0, instance:test_layer.Registration_Test@6771beb3]" started-at="2023-10-23T12:44:24 EDT" name="open_registration_page" finished-at="2023-10-23T12:44:26 EDT" duration-ms="1713" status="PASS">
          <reporter-output>
          </reporter-output>
        </test-method> <!-- open_registration_page -->
        <test-method signature="Registration_TC1_blank_your_name_field()[pri:1, instance:test_layer.Registration_Test@6771beb3]" started-at="2023-10-23T12:44:26 EDT" name="Registration_TC1_blank_your_name_field" finished-at="2023-10-23T12:44:26 EDT" duration-ms="206" status="FAIL">
          <exception class="java.lang.AssertionError">
            <message>
              <![CDATA[expected [true] but found [false]]]>
            </message>
            <full-stacktrace>
              <![CDATA[java.lang.AssertionError: expected [true] but found [false]
at org.testng.Assert.fail(Assert.java:111)
at org.testng.Assert.failNotEquals(Assert.java:1578)
at org.testng.Assert.assertEqualsImpl(Assert.java:150)
at org.testng.Assert.assertEquals(Assert.java:132)
at org.testng.Assert.assertEquals(Assert.java:1067)
at org.testng.Assert.assertEquals(Assert.java:1031)
at org.testng.Assert.assertEquals(Assert.java:1077)
at test_layer.Registration_Test.Registration_TC1_blank_your_name_field(Registration_Test.java:35)
at java.base/jdk.internal.reflect.DirectMethodHandleAccessor.invoke(DirectMethodHandleAccessor.java:104)
at java.base/java.lang.reflect.Method.invoke(Method.java:578)
at org.testng.internal.invokers.MethodInvocationHelper.invokeMethod(MethodInvocationHelper.java:139)
at org.testng.internal.invokers.TestInvoker.invokeMethod(TestInvoker.java:664)
at org.testng.internal.invokers.TestInvoker.invokeTestMethod(TestInvoker.java:227)
at org.testng.internal.invokers.MethodRunner.runInSequence(MethodRunner.java:50)
at org.testng.internal.invokers.TestInvoker$MethodInvocationAgent.invoke(TestInvoker.java:957)
at org.testng.internal.invokers.TestInvoker.invokeTestMethods(TestInvoker.java:200)
at org.testng.internal.invokers.TestMethodWorker.invokeTestMethods(TestMethodWorker.java:148)
at org.testng.internal.invokers.TestMethodWorker.run(TestMethodWorker.java:128)
at java.base/java.util.ArrayList.forEach(ArrayList.java:1511)
at org.testng.TestRunner.privateRun(TestRunner.java:848)
at org.testng.TestRunner.run(TestRunner.java:621)
at org.testng.SuiteRunner.runTest(SuiteRunner.java:443)
at org.testng.SuiteRunner.runSequentially(SuiteRunner.java:437)
at org.testng.SuiteRunner.privateRun(SuiteRunner.java:397)
at org.testng.SuiteRunner.run(SuiteRunner.java:336)
at org.testng.SuiteRunnerWorker.runSuite(SuiteRunnerWorker.java:52)
at org.testng.SuiteRunnerWorker.run(SuiteRunnerWorker.java:95)
at org.testng.TestNG.runSuitesSequentially(TestNG.java:1280)
at org.testng.TestNG.runSuitesLocally(TestNG.java:1200)
at org.testng.TestNG.runSuites(TestNG.java:1114)
at org.testng.TestNG.run(TestNG.java:1082)
at org.testng.remote.AbstractRemoteTestNG.run(AbstractRemoteTestNG.java:115)
at org.testng.remote.RemoteTestNG.initAndRun(RemoteTestNG.java:251)
at org.testng.remote.RemoteTestNG.main(RemoteTestNG.java:77)
]]>
            </full-stacktrace>
          </exception> <!-- java.lang.AssertionError -->
          <reporter-output>
          </reporter-output>
        </test-method> <!-- Registration_TC1_blank_your_name_field -->
        <test-method is-config="true" signature="open_homepage()[pri:0, instance:test_layer.Registration_Test@6771beb3]" started-at="2023-10-23T12:44:26 EDT" name="open_homepage" finished-at="2023-10-23T12:44:27 EDT" duration-ms="890" status="PASS">
          <reporter-output>
          </reporter-output>
        </test-method> <!-- open_homepage -->
        <test-method is-config="true" signature="open_registration_page()[pri:0, instance:test_layer.Registration_Test@6771beb3]" started-at="2023-10-23T12:44:27 EDT" name="open_registration_page" finished-at="2023-10-23T12:44:28 EDT" duration-ms="879" status="PASS">
          <reporter-output>
          </reporter-output>
        </test-method> <!-- open_registration_page -->
        <test-method signature="Registration_TC2_valid_your_name_field()[pri:2, instance:test_layer.Registration_Test@6771beb3]" started-at="2023-10-23T12:44:28 EDT" name="Registration_TC2_valid_your_name_field" finished-at="2023-10-23T12:44:28 EDT" duration-ms="162" status="PASS">
          <reporter-output>
          </reporter-output>
        </test-method> <!-- Registration_TC2_valid_your_name_field -->
        <test-method is-config="true" signature="open_homepage()[pri:0, instance:test_layer.Registration_Test@6771beb3]" started-at="2023-10-23T12:44:28 EDT" name="open_homepage" finished-at="2023-10-23T12:44:30 EDT" duration-ms="1809" status="PASS">
          <reporter-output>
          </reporter-output>
        </test-method> <!-- open_homepage -->
        <test-method is-config="true" signature="open_registration_page()[pri:0, instance:test_layer.Registration_Test@6771beb3]" started-at="2023-10-23T12:44:30 EDT" name="open_registration_page" finished-at="2023-10-23T12:44:30 EDT" duration-ms="669" status="PASS">
          <reporter-output>
          </reporter-output>
        </test-method> <!-- open_registration_page -->
        <test-method signature="Registration_TC3_blank_mobile_email()[pri:3, instance:test_layer.Registration_Test@6771beb3]" started-at="2023-10-23T12:44:30 EDT" name="Registration_TC3_blank_mobile_email" finished-at="2023-10-23T12:44:31 EDT" duration-ms="305" status="FAIL">
          <exception class="java.lang.AssertionError">
            <message>
              <![CDATA[expected [true] but found [false]]]>
            </message>
            <full-stacktrace>
              <![CDATA[java.lang.AssertionError: expected [true] but found [false]
at org.testng.Assert.fail(Assert.java:111)
at org.testng.Assert.failNotEquals(Assert.java:1578)
at org.testng.Assert.assertEqualsImpl(Assert.java:150)
at org.testng.Assert.assertEquals(Assert.java:132)
at org.testng.Assert.assertEquals(Assert.java:1067)
at org.testng.Assert.assertEquals(Assert.java:1031)
at org.testng.Assert.assertEquals(Assert.java:1077)
at test_layer.Registration_Test.Registration_TC3_blank_mobile_email(Registration_Test.java:52)
at java.base/jdk.internal.reflect.DirectMethodHandleAccessor.invoke(DirectMethodHandleAccessor.java:104)
at java.base/java.lang.reflect.Method.invoke(Method.java:578)
at org.testng.internal.invokers.MethodInvocationHelper.invokeMethod(MethodInvocationHelper.java:139)
at org.testng.internal.invokers.TestInvoker.invokeMethod(TestInvoker.java:664)
at org.testng.internal.invokers.TestInvoker.invokeTestMethod(TestInvoker.java:227)
at org.testng.internal.invokers.MethodRunner.runInSequence(MethodRunner.java:50)
at org.testng.internal.invokers.TestInvoker$MethodInvocationAgent.invoke(TestInvoker.java:957)
at org.testng.internal.invokers.TestInvoker.invokeTestMethods(TestInvoker.java:200)
at org.testng.internal.invokers.TestMethodWorker.invokeTestMethods(TestMethodWorker.java:148)
at org.testng.internal.invokers.TestMethodWorker.run(TestMethodWorker.java:128)
at java.base/java.util.ArrayList.forEach(ArrayList.java:1511)
at org.testng.TestRunner.privateRun(TestRunner.java:848)
at org.testng.TestRunner.run(TestRunner.java:621)
at org.testng.SuiteRunner.runTest(SuiteRunner.java:443)
at org.testng.SuiteRunner.runSequentially(SuiteRunner.java:437)
at org.testng.SuiteRunner.privateRun(SuiteRunner.java:397)
at org.testng.SuiteRunner.run(SuiteRunner.java:336)
at org.testng.SuiteRunnerWorker.runSuite(SuiteRunnerWorker.java:52)
at org.testng.SuiteRunnerWorker.run(SuiteRunnerWorker.java:95)
at org.testng.TestNG.runSuitesSequentially(TestNG.java:1280)
at org.testng.TestNG.runSuitesLocally(TestNG.java:1200)
at org.testng.TestNG.runSuites(TestNG.java:1114)
at org.testng.TestNG.run(TestNG.java:1082)
at org.testng.remote.AbstractRemoteTestNG.run(AbstractRemoteTestNG.java:115)
at org.testng.remote.RemoteTestNG.initAndRun(RemoteTestNG.java:251)
at org.testng.remote.RemoteTestNG.main(RemoteTestNG.java:77)
]]>
            </full-stacktrace>
          </exception> <!-- java.lang.AssertionError -->
          <reporter-output>
          </reporter-output>
        </test-method> <!-- Registration_TC3_blank_mobile_email -->
        <test-method is-config="true" signature="open_homepage()[pri:0, instance:test_layer.Registration_Test@6771beb3]" started-at="2023-10-23T12:44:31 EDT" name="open_homepage" finished-at="2023-10-23T12:44:32 EDT" duration-ms="1053" status="PASS">
          <reporter-output>
          </reporter-output>
        </test-method> <!-- open_homepage -->
        <test-method is-config="true" signature="open_registration_page()[pri:0, instance:test_layer.Registration_Test@6771beb3]" started-at="2023-10-23T12:44:32 EDT" name="open_registration_page" finished-at="2023-10-23T12:44:33 EDT" duration-ms="1240" status="PASS">
          <reporter-output>
          </reporter-output>
        </test-method> <!-- open_registration_page -->
        <test-method signature="Registration_TC4_Verify_Mobile_number()[pri:4, instance:test_layer.Registration_Test@6771beb3]" started-at="2023-10-23T12:44:33 EDT" name="Registration_TC4_Verify_Mobile_number" finished-at="2023-10-23T12:44:33 EDT" duration-ms="207" status="PASS">
          <reporter-output>
          </reporter-output>
        </test-method> <!-- Registration_TC4_Verify_Mobile_number -->
        <test-method is-config="true" signature="open_homepage()[pri:0, instance:test_layer.Registration_Test@6771beb3]" started-at="2023-10-23T12:44:33 EDT" name="open_homepage" finished-at="2023-10-23T12:44:34 EDT" duration-ms="607" status="PASS">
          <reporter-output>
          </reporter-output>
        </test-method> <!-- open_homepage -->
        <test-method is-config="true" signature="open_registration_page()[pri:0, instance:test_layer.Registration_Test@6771beb3]" started-at="2023-10-23T12:44:34 EDT" name="open_registration_page" finished-at="2023-10-23T12:44:34 EDT" duration-ms="862" status="PASS">
          <reporter-output>
          </reporter-output>
        </test-method> <!-- open_registration_page -->
        <test-method signature="Registration_TC5_Verify_email()[pri:5, instance:test_layer.Registration_Test@6771beb3]" started-at="2023-10-23T12:44:34 EDT" name="Registration_TC5_Verify_email" finished-at="2023-10-23T12:44:35 EDT" duration-ms="163" status="PASS">
          <reporter-output>
          </reporter-output>
        </test-method> <!-- Registration_TC5_Verify_email -->
        <test-method is-config="true" signature="open_homepage()[pri:0, instance:test_layer.Registration_Test@6771beb3]" started-at="2023-10-23T12:44:35 EDT" name="open_homepage" finished-at="2023-10-23T12:44:36 EDT" duration-ms="847" status="PASS">
          <reporter-output>
          </reporter-output>
        </test-method> <!-- open_homepage -->
        <test-method is-config="true" signature="open_registration_page()[pri:0, instance:test_layer.Registration_Test@6771beb3]" started-at="2023-10-23T12:44:36 EDT" name="open_registration_page" finished-at="2023-10-23T12:44:37 EDT" duration-ms="1447" status="PASS">
          <reporter-output>
          </reporter-output>
        </test-method> <!-- open_registration_page -->
        <test-method signature="Registration_TC6_blank_password()[pri:6, instance:test_layer.Registration_Test@6771beb3]" started-at="2023-10-23T12:44:37 EDT" name="Registration_TC6_blank_password" finished-at="2023-10-23T12:44:37 EDT" duration-ms="131" status="FAIL">
          <exception class="java.lang.AssertionError">
            <message>
              <![CDATA[expected [true] but found [false]]]>
            </message>
            <full-stacktrace>
              <![CDATA[java.lang.AssertionError: expected [true] but found [false]
at org.testng.Assert.fail(Assert.java:111)
at org.testng.Assert.failNotEquals(Assert.java:1578)
at org.testng.Assert.assertEqualsImpl(Assert.java:150)
at org.testng.Assert.assertEquals(Assert.java:132)
at org.testng.Assert.assertEquals(Assert.java:1067)
at org.testng.Assert.assertEquals(Assert.java:1031)
at org.testng.Assert.assertEquals(Assert.java:1077)
at test_layer.Registration_Test.Registration_TC6_blank_password(Registration_Test.java:80)
at java.base/jdk.internal.reflect.DirectMethodHandleAccessor.invoke(DirectMethodHandleAccessor.java:104)
at java.base/java.lang.reflect.Method.invoke(Method.java:578)
at org.testng.internal.invokers.MethodInvocationHelper.invokeMethod(MethodInvocationHelper.java:139)
at org.testng.internal.invokers.TestInvoker.invokeMethod(TestInvoker.java:664)
at org.testng.internal.invokers.TestInvoker.invokeTestMethod(TestInvoker.java:227)
at org.testng.internal.invokers.MethodRunner.runInSequence(MethodRunner.java:50)
at org.testng.internal.invokers.TestInvoker$MethodInvocationAgent.invoke(TestInvoker.java:957)
at org.testng.internal.invokers.TestInvoker.invokeTestMethods(TestInvoker.java:200)
at org.testng.internal.invokers.TestMethodWorker.invokeTestMethods(TestMethodWorker.java:148)
at org.testng.internal.invokers.TestMethodWorker.run(TestMethodWorker.java:128)
at java.base/java.util.ArrayList.forEach(ArrayList.java:1511)
at org.testng.TestRunner.privateRun(TestRunner.java:848)
at org.testng.TestRunner.run(TestRunner.java:621)
at org.testng.SuiteRunner.runTest(SuiteRunner.java:443)
at org.testng.SuiteRunner.runSequentially(SuiteRunner.java:437)
at org.testng.SuiteRunner.privateRun(SuiteRunner.java:397)
at org.testng.SuiteRunner.run(SuiteRunner.java:336)
at org.testng.SuiteRunnerWorker.runSuite(SuiteRunnerWorker.java:52)
at org.testng.SuiteRunnerWorker.run(SuiteRunnerWorker.java:95)
at org.testng.TestNG.runSuitesSequentially(TestNG.java:1280)
at org.testng.TestNG.runSuitesLocally(TestNG.java:1200)
at org.testng.TestNG.runSuites(TestNG.java:1114)
at org.testng.TestNG.run(TestNG.java:1082)
at org.testng.remote.AbstractRemoteTestNG.run(AbstractRemoteTestNG.java:115)
at org.testng.remote.RemoteTestNG.initAndRun(RemoteTestNG.java:251)
at org.testng.remote.RemoteTestNG.main(RemoteTestNG.java:77)
]]>
            </full-stacktrace>
          </exception> <!-- java.lang.AssertionError -->
          <reporter-output>
          </reporter-output>
        </test-method> <!-- Registration_TC6_blank_password -->
        <test-method is-config="true" signature="open_homepage()[pri:0, instance:test_layer.Registration_Test@6771beb3]" started-at="2023-10-23T12:44:37 EDT" name="open_homepage" finished-at="2023-10-23T12:44:38 EDT" duration-ms="649" status="PASS">
          <reporter-output>
          </reporter-output>
        </test-method> <!-- open_homepage -->
        <test-method is-config="true" signature="open_registration_page()[pri:0, instance:test_layer.Registration_Test@6771beb3]" started-at="2023-10-23T12:44:38 EDT" name="open_registration_page" finished-at="2023-10-23T12:44:38 EDT" duration-ms="711" status="PASS">
          <reporter-output>
          </reporter-output>
        </test-method> <!-- open_registration_page -->
        <test-method signature="Registration_TC7_invalid_password_less_than_6()[pri:7, instance:test_layer.Registration_Test@6771beb3]" started-at="2023-10-23T12:44:38 EDT" name="Registration_TC7_invalid_password_less_than_6" finished-at="2023-10-23T12:44:39 EDT" duration-ms="168" status="FAIL">
          <exception class="java.lang.AssertionError">
            <message>
              <![CDATA[expected [true] but found [false]]]>
            </message>
            <full-stacktrace>
              <![CDATA[java.lang.AssertionError: expected [true] but found [false]
at org.testng.Assert.fail(Assert.java:111)
at org.testng.Assert.failNotEquals(Assert.java:1578)
at org.testng.Assert.assertEqualsImpl(Assert.java:150)
at org.testng.Assert.assertEquals(Assert.java:132)
at org.testng.Assert.assertEquals(Assert.java:1067)
at org.testng.Assert.assertEquals(Assert.java:1031)
at org.testng.Assert.assertEquals(Assert.java:1077)
at test_layer.Registration_Test.Registration_TC7_invalid_password_less_than_6(Registration_Test.java:90)
at java.base/jdk.internal.reflect.DirectMethodHandleAccessor.invoke(DirectMethodHandleAccessor.java:104)
at java.base/java.lang.reflect.Method.invoke(Method.java:578)
at org.testng.internal.invokers.MethodInvocationHelper.invokeMethod(MethodInvocationHelper.java:139)
at org.testng.internal.invokers.TestInvoker.invokeMethod(TestInvoker.java:664)
at org.testng.internal.invokers.TestInvoker.invokeTestMethod(TestInvoker.java:227)
at org.testng.internal.invokers.MethodRunner.runInSequence(MethodRunner.java:50)
at org.testng.internal.invokers.TestInvoker$MethodInvocationAgent.invoke(TestInvoker.java:957)
at org.testng.internal.invokers.TestInvoker.invokeTestMethods(TestInvoker.java:200)
at org.testng.internal.invokers.TestMethodWorker.invokeTestMethods(TestMethodWorker.java:148)
at org.testng.internal.invokers.TestMethodWorker.run(TestMethodWorker.java:128)
at java.base/java.util.ArrayList.forEach(ArrayList.java:1511)
at org.testng.TestRunner.privateRun(TestRunner.java:848)
at org.testng.TestRunner.run(TestRunner.java:621)
at org.testng.SuiteRunner.runTest(SuiteRunner.java:443)
at org.testng.SuiteRunner.runSequentially(SuiteRunner.java:437)
at org.testng.SuiteRunner.privateRun(SuiteRunner.java:397)
at org.testng.SuiteRunner.run(SuiteRunner.java:336)
at org.testng.SuiteRunnerWorker.runSuite(SuiteRunnerWorker.java:52)
at org.testng.SuiteRunnerWorker.run(SuiteRunnerWorker.java:95)
at org.testng.TestNG.runSuitesSequentially(TestNG.java:1280)
at org.testng.TestNG.runSuitesLocally(TestNG.java:1200)
at org.testng.TestNG.runSuites(TestNG.java:1114)
at org.testng.TestNG.run(TestNG.java:1082)
at org.testng.remote.AbstractRemoteTestNG.run(AbstractRemoteTestNG.java:115)
at org.testng.remote.RemoteTestNG.initAndRun(RemoteTestNG.java:251)
at org.testng.remote.RemoteTestNG.main(RemoteTestNG.java:77)
]]>
            </full-stacktrace>
          </exception> <!-- java.lang.AssertionError -->
          <reporter-output>
          </reporter-output>
        </test-method> <!-- Registration_TC7_invalid_password_less_than_6 -->
        <test-method is-config="true" signature="open_homepage()[pri:0, instance:test_layer.Registration_Test@6771beb3]" started-at="2023-10-23T12:44:39 EDT" name="open_homepage" finished-at="2023-10-23T12:44:39 EDT" duration-ms="629" status="PASS">
          <reporter-output>
          </reporter-output>
        </test-method> <!-- open_homepage -->
        <test-method is-config="true" signature="open_registration_page()[pri:0, instance:test_layer.Registration_Test@6771beb3]" started-at="2023-10-23T12:44:39 EDT" name="open_registration_page" finished-at="2023-10-23T12:44:41 EDT" duration-ms="1493" status="PASS">
          <reporter-output>
          </reporter-output>
        </test-method> <!-- open_registration_page -->
        <test-method signature="Registration_TC8_valid_password_atleast_6()[pri:8, instance:test_layer.Registration_Test@6771beb3]" started-at="2023-10-23T12:44:41 EDT" name="Registration_TC8_valid_password_atleast_6" finished-at="2023-10-23T12:44:41 EDT" duration-ms="508" status="PASS">
          <reporter-output>
          </reporter-output>
        </test-method> <!-- Registration_TC8_valid_password_atleast_6 -->
        <test-method is-config="true" signature="open_homepage()[pri:0, instance:test_layer.Registration_Test@6771beb3]" started-at="2023-10-23T12:44:41 EDT" name="open_homepage" finished-at="2023-10-23T12:44:42 EDT" duration-ms="709" status="PASS">
          <reporter-output>
          </reporter-output>
        </test-method> <!-- open_homepage -->
        <test-method is-config="true" signature="open_registration_page()[pri:0, instance:test_layer.Registration_Test@6771beb3]" started-at="2023-10-23T12:44:42 EDT" name="open_registration_page" finished-at="2023-10-23T12:44:43 EDT" duration-ms="997" status="PASS">
          <reporter-output>
          </reporter-output>
        </test-method> <!-- open_registration_page -->
        <test-method signature="Registration_TC9_invalid_password_again()[pri:9, instance:test_layer.Registration_Test@6771beb3]" started-at="2023-10-23T12:44:43 EDT" name="Registration_TC9_invalid_password_again" finished-at="2023-10-23T12:44:43 EDT" duration-ms="193" status="FAIL">
          <exception class="java.lang.AssertionError">
            <message>
              <![CDATA[expected [true] but found [false]]]>
            </message>
            <full-stacktrace>
              <![CDATA[java.lang.AssertionError: expected [true] but found [false]
at org.testng.Assert.fail(Assert.java:111)
at org.testng.Assert.failNotEquals(Assert.java:1578)
at org.testng.Assert.assertEqualsImpl(Assert.java:150)
at org.testng.Assert.assertEquals(Assert.java:132)
at org.testng.Assert.assertEquals(Assert.java:1067)
at org.testng.Assert.assertEquals(Assert.java:1031)
at org.testng.Assert.assertEquals(Assert.java:1077)
at test_layer.Registration_Test.Registration_TC9_invalid_password_again(Registration_Test.java:110)
at java.base/jdk.internal.reflect.DirectMethodHandleAccessor.invoke(DirectMethodHandleAccessor.java:104)
at java.base/java.lang.reflect.Method.invoke(Method.java:578)
at org.testng.internal.invokers.MethodInvocationHelper.invokeMethod(MethodInvocationHelper.java:139)
at org.testng.internal.invokers.TestInvoker.invokeMethod(TestInvoker.java:664)
at org.testng.internal.invokers.TestInvoker.invokeTestMethod(TestInvoker.java:227)
at org.testng.internal.invokers.MethodRunner.runInSequence(MethodRunner.java:50)
at org.testng.internal.invokers.TestInvoker$MethodInvocationAgent.invoke(TestInvoker.java:957)
at org.testng.internal.invokers.TestInvoker.invokeTestMethods(TestInvoker.java:200)
at org.testng.internal.invokers.TestMethodWorker.invokeTestMethods(TestMethodWorker.java:148)
at org.testng.internal.invokers.TestMethodWorker.run(TestMethodWorker.java:128)
at java.base/java.util.ArrayList.forEach(ArrayList.java:1511)
at org.testng.TestRunner.privateRun(TestRunner.java:848)
at org.testng.TestRunner.run(TestRunner.java:621)
at org.testng.SuiteRunner.runTest(SuiteRunner.java:443)
at org.testng.SuiteRunner.runSequentially(SuiteRunner.java:437)
at org.testng.SuiteRunner.privateRun(SuiteRunner.java:397)
at org.testng.SuiteRunner.run(SuiteRunner.java:336)
at org.testng.SuiteRunnerWorker.runSuite(SuiteRunnerWorker.java:52)
at org.testng.SuiteRunnerWorker.run(SuiteRunnerWorker.java:95)
at org.testng.TestNG.runSuitesSequentially(TestNG.java:1280)
at org.testng.TestNG.runSuitesLocally(TestNG.java:1200)
at org.testng.TestNG.runSuites(TestNG.java:1114)
at org.testng.TestNG.run(TestNG.java:1082)
at org.testng.remote.AbstractRemoteTestNG.run(AbstractRemoteTestNG.java:115)
at org.testng.remote.RemoteTestNG.initAndRun(RemoteTestNG.java:251)
at org.testng.remote.RemoteTestNG.main(RemoteTestNG.java:77)
]]>
            </full-stacktrace>
          </exception> <!-- java.lang.AssertionError -->
          <reporter-output>
          </reporter-output>
        </test-method> <!-- Registration_TC9_invalid_password_again -->
        <test-method is-config="true" signature="open_homepage()[pri:0, instance:test_layer.Registration_Test@6771beb3]" started-at="2023-10-23T12:44:43 EDT" name="open_homepage" finished-at="2023-10-23T12:44:44 EDT" duration-ms="656" status="PASS">
          <reporter-output>
          </reporter-output>
        </test-method> <!-- open_homepage -->
        <test-method is-config="true" signature="open_registration_page()[pri:0, instance:test_layer.Registration_Test@6771beb3]" started-at="2023-10-23T12:44:44 EDT" name="open_registration_page" finished-at="2023-10-23T12:44:45 EDT" duration-ms="771" status="PASS">
          <reporter-output>
          </reporter-output>
        </test-method> <!-- open_registration_page -->
        <test-method signature="Registration_TC10_valid_password_again()[pri:10, instance:test_layer.Registration_Test@6771beb3]" started-at="2023-10-23T12:44:45 EDT" name="Registration_TC10_valid_password_again" finished-at="2023-10-23T12:44:45 EDT" duration-ms="476" status="PASS">
          <reporter-output>
          </reporter-output>
        </test-method> <!-- Registration_TC10_valid_password_again -->
        <test-method is-config="true" signature="open_homepage()[pri:0, instance:test_layer.Registration_Test@6771beb3]" started-at="2023-10-23T12:44:45 EDT" name="open_homepage" finished-at="2023-10-23T12:44:46 EDT" duration-ms="605" status="PASS">
          <reporter-output>
          </reporter-output>
        </test-method> <!-- open_homepage -->
        <test-method is-config="true" signature="open_registration_page()[pri:0, instance:test_layer.Registration_Test@6771beb3]" started-at="2023-10-23T12:44:46 EDT" name="open_registration_page" finished-at="2023-10-23T12:44:46 EDT" duration-ms="754" status="PASS">
          <reporter-output>
          </reporter-output>
        </test-method> <!-- open_registration_page -->
        <test-method signature="Registration_TC11_existing_customer()[pri:11, instance:test_layer.Registration_Test@6771beb3]" started-at="2023-10-23T12:44:46 EDT" name="Registration_TC11_existing_customer" finished-at="2023-10-23T12:44:51 EDT" duration-ms="4753" status="FAIL">
          <exception class="java.lang.AssertionError">
            <message>
              <![CDATA[expected [Are you returning customer] but found [Are you a returning customer?]]]>
            </message>
            <full-stacktrace>
              <![CDATA[java.lang.AssertionError: expected [Are you returning customer] but found [Are you a returning customer?]
at org.testng.Assert.fail(Assert.java:111)
at org.testng.Assert.failNotEquals(Assert.java:1578)
at org.testng.Assert.assertEqualsImpl(Assert.java:150)
at org.testng.Assert.assertEquals(Assert.java:132)
at org.testng.Assert.assertEquals(Assert.java:656)
at org.testng.Assert.assertEquals(Assert.java:666)
at test_layer.Registration_Test.Registration_TC11_existing_customer(Registration_Test.java:131)
at java.base/jdk.internal.reflect.DirectMethodHandleAccessor.invoke(DirectMethodHandleAccessor.java:104)
at java.base/java.lang.reflect.Method.invoke(Method.java:578)
at org.testng.internal.invokers.MethodInvocationHelper.invokeMethod(MethodInvocationHelper.java:139)
at org.testng.internal.invokers.TestInvoker.invokeMethod(TestInvoker.java:664)
at org.testng.internal.invokers.TestInvoker.invokeTestMethod(TestInvoker.java:227)
at org.testng.internal.invokers.MethodRunner.runInSequence(MethodRunner.java:50)
at org.testng.internal.invokers.TestInvoker$MethodInvocationAgent.invoke(TestInvoker.java:957)
at org.testng.internal.invokers.TestInvoker.invokeTestMethods(TestInvoker.java:200)
at org.testng.internal.invokers.TestMethodWorker.invokeTestMethods(TestMethodWorker.java:148)
at org.testng.internal.invokers.TestMethodWorker.run(TestMethodWorker.java:128)
at java.base/java.util.ArrayList.forEach(ArrayList.java:1511)
at org.testng.TestRunner.privateRun(TestRunner.java:848)
at org.testng.TestRunner.run(TestRunner.java:621)
at org.testng.SuiteRunner.runTest(SuiteRunner.java:443)
at org.testng.SuiteRunner.runSequentially(SuiteRunner.java:437)
at org.testng.SuiteRunner.privateRun(SuiteRunner.java:397)
at org.testng.SuiteRunner.run(SuiteRunner.java:336)
at org.testng.SuiteRunnerWorker.runSuite(SuiteRunnerWorker.java:52)
at org.testng.SuiteRunnerWorker.run(SuiteRunnerWorker.java:95)
at org.testng.TestNG.runSuitesSequentially(TestNG.java:1280)
at org.testng.TestNG.runSuitesLocally(TestNG.java:1200)
at org.testng.TestNG.runSuites(TestNG.java:1114)
at org.testng.TestNG.run(TestNG.java:1082)
at org.testng.remote.AbstractRemoteTestNG.run(AbstractRemoteTestNG.java:115)
at org.testng.remote.RemoteTestNG.initAndRun(RemoteTestNG.java:251)
at org.testng.remote.RemoteTestNG.main(RemoteTestNG.java:77)
]]>
            </full-stacktrace>
          </exception> <!-- java.lang.AssertionError -->
          <reporter-output>
          </reporter-output>
        </test-method> <!-- Registration_TC11_existing_customer -->
        <test-method is-config="true" signature="open_homepage()[pri:0, instance:test_layer.Registration_Test@6771beb3]" started-at="2023-10-23T12:44:51 EDT" name="open_homepage" finished-at="2023-10-23T12:44:52 EDT" duration-ms="543" status="PASS">
          <reporter-output>
          </reporter-output>
        </test-method> <!-- open_homepage -->
        <test-method is-config="true" signature="close()[pri:0, instance:test_layer.Registration_Test@6771beb3]" started-at="2023-10-23T12:44:52 EDT" name="close" finished-at="2023-10-23T12:44:55 EDT" duration-ms="3410" status="PASS">
          <reporter-output>
          </reporter-output>
        </test-method> <!-- close -->
      </class> <!-- test_layer.Registration_Test -->
    </test> <!-- Registration_Module -->
    <test started-at="2023-10-23T12:44:55 EDT" name="Login_Module" finished-at="2023-10-23T12:45:53 EDT" duration-ms="57444">
      <class name="test_layer.Login_Test">
        <test-method is-config="true" signature="start()[pri:0, instance:test_layer.Login_Test@74e52ef6]" started-at="2023-10-23T12:44:55 EDT" name="start" finished-at="2023-10-23T12:45:03 EDT" duration-ms="7935" status="PASS">
          <reporter-output>
          </reporter-output>
        </test-method> <!-- start -->
        <test-method is-config="true" signature="open_login_page()[pri:0, instance:test_layer.Login_Test@74e52ef6]" started-at="2023-10-23T12:45:03 EDT" name="open_login_page" finished-at="2023-10-23T12:45:07 EDT" duration-ms="4017" status="PASS">
          <reporter-output>
          </reporter-output>
        </test-method> <!-- open_login_page -->
        <test-method signature="Sign_in_TC1_blank_email_address()[pri:1, instance:test_layer.Login_Test@74e52ef6]" started-at="2023-10-23T12:45:07 EDT" name="Sign_in_TC1_blank_email_address" finished-at="2023-10-23T12:45:08 EDT" duration-ms="618" status="PASS">
          <reporter-output>
          </reporter-output>
        </test-method> <!-- Sign_in_TC1_blank_email_address -->
        <test-method is-config="true" signature="open_homepage()[pri:0, instance:test_layer.Login_Test@74e52ef6]" started-at="2023-10-23T12:45:08 EDT" name="open_homepage" finished-at="2023-10-23T12:45:09 EDT" duration-ms="1342" status="PASS">
          <reporter-output>
          </reporter-output>
        </test-method> <!-- open_homepage -->
        <test-method is-config="true" signature="open_login_page()[pri:0, instance:test_layer.Login_Test@74e52ef6]" started-at="2023-10-23T12:45:09 EDT" name="open_login_page" finished-at="2023-10-23T12:45:10 EDT" duration-ms="1253" status="PASS">
          <reporter-output>
          </reporter-output>
        </test-method> <!-- open_login_page -->
        <test-method signature="Sign_in_TC2_invalid_email_address()[pri:2, instance:test_layer.Login_Test@74e52ef6]" started-at="2023-10-23T12:45:10 EDT" name="Sign_in_TC2_invalid_email_address" finished-at="2023-10-23T12:45:11 EDT" duration-ms="591" status="PASS">
          <reporter-output>
          </reporter-output>
        </test-method> <!-- Sign_in_TC2_invalid_email_address -->
        <test-method is-config="true" signature="open_homepage()[pri:0, instance:test_layer.Login_Test@74e52ef6]" started-at="2023-10-23T12:45:11 EDT" name="open_homepage" finished-at="2023-10-23T12:45:12 EDT" duration-ms="796" status="PASS">
          <reporter-output>
          </reporter-output>
        </test-method> <!-- open_homepage -->
        <test-method is-config="true" signature="open_login_page()[pri:0, instance:test_layer.Login_Test@74e52ef6]" started-at="2023-10-23T12:45:12 EDT" name="open_login_page" finished-at="2023-10-23T12:45:13 EDT" duration-ms="971" status="PASS">
          <reporter-output>
          </reporter-output>
        </test-method> <!-- open_login_page -->
        <test-method signature="Sign_in_TC3_valid_email_address()[pri:3, instance:test_layer.Login_Test@74e52ef6]" started-at="2023-10-23T12:45:13 EDT" name="Sign_in_TC3_valid_email_address" finished-at="2023-10-23T12:45:14 EDT" duration-ms="1520" status="PASS">
          <reporter-output>
          </reporter-output>
        </test-method> <!-- Sign_in_TC3_valid_email_address -->
        <test-method is-config="true" signature="open_homepage()[pri:0, instance:test_layer.Login_Test@74e52ef6]" started-at="2023-10-23T12:45:14 EDT" name="open_homepage" finished-at="2023-10-23T12:45:15 EDT" duration-ms="967" status="PASS">
          <reporter-output>
          </reporter-output>
        </test-method> <!-- open_homepage -->
        <test-method is-config="true" signature="open_login_page()[pri:0, instance:test_layer.Login_Test@74e52ef6]" started-at="2023-10-23T12:45:15 EDT" name="open_login_page" finished-at="2023-10-23T12:45:17 EDT" duration-ms="1295" status="PASS">
          <reporter-output>
          </reporter-output>
        </test-method> <!-- open_login_page -->
        <test-method signature="Sign_in_TC4_blank_password()[pri:4, instance:test_layer.Login_Test@74e52ef6]" started-at="2023-10-23T12:45:17 EDT" name="Sign_in_TC4_blank_password" finished-at="2023-10-23T12:45:18 EDT" duration-ms="1726" status="PASS">
          <reporter-output>
          </reporter-output>
        </test-method> <!-- Sign_in_TC4_blank_password -->
        <test-method is-config="true" signature="open_homepage()[pri:0, instance:test_layer.Login_Test@74e52ef6]" started-at="2023-10-23T12:45:18 EDT" name="open_homepage" finished-at="2023-10-23T12:45:19 EDT" duration-ms="717" status="PASS">
          <reporter-output>
          </reporter-output>
        </test-method> <!-- open_homepage -->
        <test-method is-config="true" signature="open_login_page()[pri:0, instance:test_layer.Login_Test@74e52ef6]" started-at="2023-10-23T12:45:19 EDT" name="open_login_page" finished-at="2023-10-23T12:45:20 EDT" duration-ms="950" status="PASS">
          <reporter-output>
          </reporter-output>
        </test-method> <!-- open_login_page -->
        <test-method signature="Sign_in_TC5_incorrect_password()[pri:5, instance:test_layer.Login_Test@74e52ef6]" started-at="2023-10-23T12:45:20 EDT" name="Sign_in_TC5_incorrect_password" finished-at="2023-10-23T12:45:26 EDT" duration-ms="6600" status="FAIL">
          <exception class="java.lang.AssertionError">
            <message>
              <![CDATA[expected [true] but found [false]]]>
            </message>
            <full-stacktrace>
              <![CDATA[java.lang.AssertionError: expected [true] but found [false]
at org.testng.Assert.fail(Assert.java:111)
at org.testng.Assert.failNotEquals(Assert.java:1578)
at org.testng.Assert.assertEqualsImpl(Assert.java:150)
at org.testng.Assert.assertEquals(Assert.java:132)
at org.testng.Assert.assertEquals(Assert.java:1067)
at org.testng.Assert.assertEquals(Assert.java:1031)
at org.testng.Assert.assertEquals(Assert.java:1077)
at test_layer.Login_Test.Sign_in_TC5_incorrect_password(Login_Test.java:72)
at java.base/jdk.internal.reflect.DirectMethodHandleAccessor.invoke(DirectMethodHandleAccessor.java:104)
at java.base/java.lang.reflect.Method.invoke(Method.java:578)
at org.testng.internal.invokers.MethodInvocationHelper.invokeMethod(MethodInvocationHelper.java:139)
at org.testng.internal.invokers.TestInvoker.invokeMethod(TestInvoker.java:664)
at org.testng.internal.invokers.TestInvoker.invokeTestMethod(TestInvoker.java:227)
at org.testng.internal.invokers.MethodRunner.runInSequence(MethodRunner.java:50)
at org.testng.internal.invokers.TestInvoker$MethodInvocationAgent.invoke(TestInvoker.java:957)
at org.testng.internal.invokers.TestInvoker.invokeTestMethods(TestInvoker.java:200)
at org.testng.internal.invokers.TestMethodWorker.invokeTestMethods(TestMethodWorker.java:148)
at org.testng.internal.invokers.TestMethodWorker.run(TestMethodWorker.java:128)
at java.base/java.util.ArrayList.forEach(ArrayList.java:1511)
at org.testng.TestRunner.privateRun(TestRunner.java:848)
at org.testng.TestRunner.run(TestRunner.java:621)
at org.testng.SuiteRunner.runTest(SuiteRunner.java:443)
at org.testng.SuiteRunner.runSequentially(SuiteRunner.java:437)
at org.testng.SuiteRunner.privateRun(SuiteRunner.java:397)
at org.testng.SuiteRunner.run(SuiteRunner.java:336)
at org.testng.SuiteRunnerWorker.runSuite(SuiteRunnerWorker.java:52)
at org.testng.SuiteRunnerWorker.run(SuiteRunnerWorker.java:95)
at org.testng.TestNG.runSuitesSequentially(TestNG.java:1280)
at org.testng.TestNG.runSuitesLocally(TestNG.java:1200)
at org.testng.TestNG.runSuites(TestNG.java:1114)
at org.testng.TestNG.run(TestNG.java:1082)
at org.testng.remote.AbstractRemoteTestNG.run(AbstractRemoteTestNG.java:115)
at org.testng.remote.RemoteTestNG.initAndRun(RemoteTestNG.java:251)
at org.testng.remote.RemoteTestNG.main(RemoteTestNG.java:77)
]]>
            </full-stacktrace>
          </exception> <!-- java.lang.AssertionError -->
          <reporter-output>
          </reporter-output>
        </test-method> <!-- Sign_in_TC5_incorrect_password -->
        <test-method is-config="true" signature="open_homepage()[pri:0, instance:test_layer.Login_Test@74e52ef6]" started-at="2023-10-23T12:45:26 EDT" name="open_homepage" finished-at="2023-10-23T12:45:27 EDT" duration-ms="704" status="PASS">
          <reporter-output>
          </reporter-output>
        </test-method> <!-- open_homepage -->
        <test-method is-config="true" signature="open_login_page()[pri:0, instance:test_layer.Login_Test@74e52ef6]" started-at="2023-10-23T12:45:27 EDT" name="open_login_page" finished-at="2023-10-23T12:45:28 EDT" duration-ms="1040" status="PASS">
          <reporter-output>
          </reporter-output>
        </test-method> <!-- open_login_page -->
        <test-method signature="Sign_in_TC6_correct_password()[pri:6, instance:test_layer.Login_Test@74e52ef6]" started-at="2023-10-23T12:45:28 EDT" name="Sign_in_TC6_correct_password" finished-at="2023-10-23T12:45:32 EDT" duration-ms="4234" status="PASS">
          <reporter-output>
          </reporter-output>
        </test-method> <!-- Sign_in_TC6_correct_password -->
        <test-method is-config="true" signature="open_homepage()[pri:0, instance:test_layer.Login_Test@74e52ef6]" started-at="2023-10-23T12:45:32 EDT" name="open_homepage" finished-at="2023-10-23T12:45:33 EDT" duration-ms="720" status="PASS">
          <reporter-output>
          </reporter-output>
        </test-method> <!-- open_homepage -->
        <test-method is-config="true" signature="open_login_page()[pri:0, instance:test_layer.Login_Test@74e52ef6]" started-at="2023-10-23T12:45:33 EDT" name="open_login_page" finished-at="2023-10-23T12:45:34 EDT" duration-ms="659" status="PASS">
          <reporter-output>
          </reporter-output>
        </test-method> <!-- open_login_page -->
        <test-method signature="Sign_in_TC7_keep_me_signed_in_checked()[pri:7, instance:test_layer.Login_Test@74e52ef6]" started-at="2023-10-23T12:45:34 EDT" name="Sign_in_TC7_keep_me_signed_in_checked" finished-at="2023-10-23T12:45:50 EDT" duration-ms="16110" status="FAIL">
          <exception class="java.lang.AssertionError">
            <message>
              <![CDATA[expected [Hello, town] but found [Hello, sign in]]]>
            </message>
            <full-stacktrace>
              <![CDATA[java.lang.AssertionError: expected [Hello, town] but found [Hello, sign in]
at org.testng.Assert.fail(Assert.java:111)
at org.testng.Assert.failNotEquals(Assert.java:1578)
at org.testng.Assert.assertEqualsImpl(Assert.java:150)
at org.testng.Assert.assertEquals(Assert.java:132)
at org.testng.Assert.assertEquals(Assert.java:656)
at org.testng.Assert.assertEquals(Assert.java:666)
at test_layer.Login_Test.Sign_in_TC7_keep_me_signed_in_checked(Login_Test.java:100)
at java.base/jdk.internal.reflect.DirectMethodHandleAccessor.invoke(DirectMethodHandleAccessor.java:104)
at java.base/java.lang.reflect.Method.invoke(Method.java:578)
at org.testng.internal.invokers.MethodInvocationHelper.invokeMethod(MethodInvocationHelper.java:139)
at org.testng.internal.invokers.TestInvoker.invokeMethod(TestInvoker.java:664)
at org.testng.internal.invokers.TestInvoker.invokeTestMethod(TestInvoker.java:227)
at org.testng.internal.invokers.MethodRunner.runInSequence(MethodRunner.java:50)
at org.testng.internal.invokers.TestInvoker$MethodInvocationAgent.invoke(TestInvoker.java:957)
at org.testng.internal.invokers.TestInvoker.invokeTestMethods(TestInvoker.java:200)
at org.testng.internal.invokers.TestMethodWorker.invokeTestMethods(TestMethodWorker.java:148)
at org.testng.internal.invokers.TestMethodWorker.run(TestMethodWorker.java:128)
at java.base/java.util.ArrayList.forEach(ArrayList.java:1511)
at org.testng.TestRunner.privateRun(TestRunner.java:848)
at org.testng.TestRunner.run(TestRunner.java:621)
at org.testng.SuiteRunner.runTest(SuiteRunner.java:443)
at org.testng.SuiteRunner.runSequentially(SuiteRunner.java:437)
at org.testng.SuiteRunner.privateRun(SuiteRunner.java:397)
at org.testng.SuiteRunner.run(SuiteRunner.java:336)
at org.testng.SuiteRunnerWorker.runSuite(SuiteRunnerWorker.java:52)
at org.testng.SuiteRunnerWorker.run(SuiteRunnerWorker.java:95)
at org.testng.TestNG.runSuitesSequentially(TestNG.java:1280)
at org.testng.TestNG.runSuitesLocally(TestNG.java:1200)
at org.testng.TestNG.runSuites(TestNG.java:1114)
at org.testng.TestNG.run(TestNG.java:1082)
at org.testng.remote.AbstractRemoteTestNG.run(AbstractRemoteTestNG.java:115)
at org.testng.remote.RemoteTestNG.initAndRun(RemoteTestNG.java:251)
at org.testng.remote.RemoteTestNG.main(RemoteTestNG.java:77)
]]>
            </full-stacktrace>
          </exception> <!-- java.lang.AssertionError -->
          <reporter-output>
          </reporter-output>
        </test-method> <!-- Sign_in_TC7_keep_me_signed_in_checked -->
        <test-method is-config="true" signature="open_homepage()[pri:0, instance:test_layer.Login_Test@74e52ef6]" started-at="2023-10-23T12:45:50 EDT" name="open_homepage" finished-at="2023-10-23T12:45:51 EDT" duration-ms="907" status="PASS">
          <reporter-output>
          </reporter-output>
        </test-method> <!-- open_homepage -->
        <test-method is-config="true" signature="close()[pri:0, instance:test_layer.Login_Test@74e52ef6]" started-at="2023-10-23T12:45:51 EDT" name="close" finished-at="2023-10-23T12:45:53 EDT" duration-ms="1753" status="PASS">
          <reporter-output>
          </reporter-output>
        </test-method> <!-- close -->
      </class> <!-- test_layer.Login_Test -->
    </test> <!-- Login_Module -->
    <test started-at="2023-10-23T12:45:53 EDT" name="Guest_Module" finished-at="2023-10-23T12:46:43 EDT" duration-ms="50476">
      <class name="test_layer.Guest_Test">
        <test-method is-config="true" signature="start()[pri:0, instance:test_layer.Guest_Test@198b6731]" started-at="2023-10-23T12:45:53 EDT" name="start" finished-at="2023-10-23T12:45:59 EDT" duration-ms="6356" status="PASS">
          <reporter-output>
          </reporter-output>
        </test-method> <!-- start -->
        <test-method signature="Guest_TC1_Navigate_Products()[pri:1, instance:test_layer.Guest_Test@198b6731]" started-at="2023-10-23T12:45:59 EDT" name="Guest_TC1_Navigate_Products" finished-at="2023-10-23T12:46:08 EDT" duration-ms="8793" status="PASS">
          <reporter-output>
          </reporter-output>
        </test-method> <!-- Guest_TC1_Navigate_Products -->
        <test-method is-config="true" signature="open_homepage()[pri:0, instance:test_layer.Guest_Test@198b6731]" started-at="2023-10-23T12:46:08 EDT" name="open_homepage" finished-at="2023-10-23T12:46:09 EDT" duration-ms="1249" status="PASS">
          <reporter-output>
          </reporter-output>
        </test-method> <!-- open_homepage -->
        <test-method signature="Guest_TC2_Buy_Product()[pri:2, instance:test_layer.Guest_Test@198b6731]" started-at="2023-10-23T12:46:09 EDT" name="Guest_TC2_Buy_Product" finished-at="2023-10-23T12:46:39 EDT" duration-ms="30448" status="FAIL">
          <exception class="java.lang.AssertionError">
            <message>
              <![CDATA[expected [Checkout (1 item)] but found [Sign-in to checkout]]]>
            </message>
            <full-stacktrace>
              <![CDATA[java.lang.AssertionError: expected [Checkout (1 item)] but found [Sign-in to checkout]
at org.testng.Assert.fail(Assert.java:111)
at org.testng.Assert.failNotEquals(Assert.java:1578)
at org.testng.Assert.assertEqualsImpl(Assert.java:150)
at org.testng.Assert.assertEquals(Assert.java:132)
at org.testng.Assert.assertEquals(Assert.java:656)
at org.testng.Assert.assertEquals(Assert.java:666)
at test_layer.Guest_Test.Guest_TC2_Buy_Product(Guest_Test.java:47)
at java.base/jdk.internal.reflect.DirectMethodHandleAccessor.invoke(DirectMethodHandleAccessor.java:104)
at java.base/java.lang.reflect.Method.invoke(Method.java:578)
at org.testng.internal.invokers.MethodInvocationHelper.invokeMethod(MethodInvocationHelper.java:139)
at org.testng.internal.invokers.TestInvoker.invokeMethod(TestInvoker.java:664)
at org.testng.internal.invokers.TestInvoker.invokeTestMethod(TestInvoker.java:227)
at org.testng.internal.invokers.MethodRunner.runInSequence(MethodRunner.java:50)
at org.testng.internal.invokers.TestInvoker$MethodInvocationAgent.invoke(TestInvoker.java:957)
at org.testng.internal.invokers.TestInvoker.invokeTestMethods(TestInvoker.java:200)
at org.testng.internal.invokers.TestMethodWorker.invokeTestMethods(TestMethodWorker.java:148)
at org.testng.internal.invokers.TestMethodWorker.run(TestMethodWorker.java:128)
at java.base/java.util.ArrayList.forEach(ArrayList.java:1511)
at org.testng.TestRunner.privateRun(TestRunner.java:848)
at org.testng.TestRunner.run(TestRunner.java:621)
at org.testng.SuiteRunner.runTest(SuiteRunner.java:443)
at org.testng.SuiteRunner.runSequentially(SuiteRunner.java:437)
at org.testng.SuiteRunner.privateRun(SuiteRunner.java:397)
at org.testng.SuiteRunner.run(SuiteRunner.java:336)
at org.testng.SuiteRunnerWorker.runSuite(SuiteRunnerWorker.java:52)
at org.testng.SuiteRunnerWorker.run(SuiteRunnerWorker.java:95)
at org.testng.TestNG.runSuitesSequentially(TestNG.java:1280)
at org.testng.TestNG.runSuitesLocally(TestNG.java:1200)
at org.testng.TestNG.runSuites(TestNG.java:1114)
at org.testng.TestNG.run(TestNG.java:1082)
at org.testng.remote.AbstractRemoteTestNG.run(AbstractRemoteTestNG.java:115)
at org.testng.remote.RemoteTestNG.initAndRun(RemoteTestNG.java:251)
at org.testng.remote.RemoteTestNG.main(RemoteTestNG.java:77)
]]>
            </full-stacktrace>
          </exception> <!-- java.lang.AssertionError -->
          <reporter-output>
          </reporter-output>
        </test-method> <!-- Guest_TC2_Buy_Product -->
        <test-method is-config="true" signature="open_homepage()[pri:0, instance:test_layer.Guest_Test@198b6731]" started-at="2023-10-23T12:46:39 EDT" name="open_homepage" finished-at="2023-10-23T12:46:40 EDT" duration-ms="911" status="PASS">
          <reporter-output>
          </reporter-output>
        </test-method> <!-- open_homepage -->
        <test-method is-config="true" signature="close()[pri:0, instance:test_layer.Guest_Test@198b6731]" started-at="2023-10-23T12:46:40 EDT" name="close" finished-at="2023-10-23T12:46:43 EDT" duration-ms="2709" status="PASS">
          <reporter-output>
          </reporter-output>
        </test-method> <!-- close -->
      </class> <!-- test_layer.Guest_Test -->
    </test> <!-- Guest_Module -->
    <test started-at="2023-10-23T12:46:43 EDT" name="Search_Module" finished-at="2023-10-23T12:56:39 EDT" duration-ms="596065">
      <class name="test_layer.Search_Test">
        <test-method is-config="true" signature="start()[pri:0, instance:test_layer.Search_Test@7d20d0b]" started-at="2023-10-23T12:46:43 EDT" name="start" finished-at="2023-10-23T12:46:49 EDT" duration-ms="6031" status="PASS">
          <reporter-output>
          </reporter-output>
        </test-method> <!-- start -->
        <test-method is-config="true" signature="login()[pri:0, instance:test_layer.Search_Test@7d20d0b]" started-at="2023-10-23T12:46:49 EDT" name="login" finished-at="2023-10-23T12:46:52 EDT" duration-ms="2990" status="PASS">
          <reporter-output>
          </reporter-output>
        </test-method> <!-- login -->
        <test-method signature="Search_TC1_search_suggestions()[pri:1, instance:test_layer.Search_Test@7d20d0b]" started-at="2023-10-23T12:46:52 EDT" name="Search_TC1_search_suggestions" finished-at="2023-10-23T12:46:53 EDT" duration-ms="549" status="PASS">
          <reporter-output>
          </reporter-output>
        </test-method> <!-- Search_TC1_search_suggestions -->
        <test-method is-config="true" signature="open_homepage()[pri:0, instance:test_layer.Search_Test@7d20d0b]" started-at="2023-10-23T12:46:53 EDT" name="open_homepage" finished-at="2023-10-23T12:46:55 EDT" duration-ms="2207" status="PASS">
          <reporter-output>
          </reporter-output>
        </test-method> <!-- open_homepage -->
        <test-method signature="Search_TC2_search_result()[pri:2, instance:test_layer.Search_Test@7d20d0b]" started-at="2023-10-23T12:46:55 EDT" name="Search_TC2_search_result" finished-at="2023-10-23T12:46:58 EDT" duration-ms="2722" status="PASS">
          <reporter-output>
          </reporter-output>
        </test-method> <!-- Search_TC2_search_result -->
        <test-method is-config="true" signature="open_homepage()[pri:0, instance:test_layer.Search_Test@7d20d0b]" started-at="2023-10-23T12:46:58 EDT" name="open_homepage" finished-at="2023-10-23T12:46:59 EDT" duration-ms="1538" status="PASS">
          <reporter-output>
          </reporter-output>
        </test-method> <!-- open_homepage -->
        <test-method signature="Search_TC3_Number_of_products()[pri:3, instance:test_layer.Search_Test@7d20d0b]" started-at="2023-10-23T12:46:59 EDT" name="Search_TC3_Number_of_products" finished-at="2023-10-23T12:47:01 EDT" duration-ms="2106" status="PASS">
          <reporter-output>
          </reporter-output>
        </test-method> <!-- Search_TC3_Number_of_products -->
        <test-method is-config="true" signature="open_homepage()[pri:0, instance:test_layer.Search_Test@7d20d0b]" started-at="2023-10-23T12:47:01 EDT" name="open_homepage" finished-at="2023-10-23T12:47:03 EDT" duration-ms="1312" status="PASS">
          <reporter-output>
          </reporter-output>
        </test-method> <!-- open_homepage -->
        <test-method signature="Search_TC4_click_next_page()[pri:4, instance:test_layer.Search_Test@7d20d0b]" started-at="2023-10-23T12:47:03 EDT" name="Search_TC4_click_next_page" finished-at="2023-10-23T12:47:09 EDT" duration-ms="6753" status="PASS">
          <reporter-output>
          </reporter-output>
        </test-method> <!-- Search_TC4_click_next_page -->
        <test-method is-config="true" signature="open_homepage()[pri:0, instance:test_layer.Search_Test@7d20d0b]" started-at="2023-10-23T12:47:09 EDT" name="open_homepage" finished-at="2023-10-23T12:47:10 EDT" duration-ms="777" status="PASS">
          <reporter-output>
          </reporter-output>
        </test-method> <!-- open_homepage -->
        <test-method signature="Search_TC5_Pagination()[pri:5, instance:test_layer.Search_Test@7d20d0b]" started-at="2023-10-23T12:47:10 EDT" name="Search_TC5_Pagination" finished-at="2023-10-23T12:47:18 EDT" duration-ms="8202" status="PASS">
          <reporter-output>
          </reporter-output>
        </test-method> <!-- Search_TC5_Pagination -->
        <test-method is-config="true" signature="open_homepage()[pri:0, instance:test_layer.Search_Test@7d20d0b]" started-at="2023-10-23T12:47:18 EDT" name="open_homepage" finished-at="2023-10-23T12:47:19 EDT" duration-ms="690" status="PASS">
          <reporter-output>
          </reporter-output>
        </test-method> <!-- open_homepage -->
        <test-method signature="Search_TC7_Filter_by_Customer_Rating()[pri:6, instance:test_layer.Search_Test@7d20d0b]" started-at="2023-10-23T12:47:19 EDT" name="Search_TC7_Filter_by_Customer_Rating" finished-at="2023-10-23T12:47:26 EDT" duration-ms="7460" status="PASS">
          <reporter-output>
          </reporter-output>
        </test-method> <!-- Search_TC7_Filter_by_Customer_Rating -->
        <test-method is-config="true" signature="open_homepage()[pri:0, instance:test_layer.Search_Test@7d20d0b]" started-at="2023-10-23T12:47:26 EDT" name="open_homepage" finished-at="2023-10-23T12:47:27 EDT" duration-ms="758" status="PASS">
          <reporter-output>
          </reporter-output>
        </test-method> <!-- open_homepage -->
        <test-method signature="Search_TC8_Filter_by_Online_Saving()[pri:7, instance:test_layer.Search_Test@7d20d0b]" started-at="2023-10-23T12:47:27 EDT" name="Search_TC8_Filter_by_Online_Saving" finished-at="2023-10-23T12:47:35 EDT" duration-ms="8206" status="PASS">
          <reporter-output>
          </reporter-output>
        </test-method> <!-- Search_TC8_Filter_by_Online_Saving -->
        <test-method is-config="true" signature="open_homepage()[pri:0, instance:test_layer.Search_Test@7d20d0b]" started-at="2023-10-23T12:47:35 EDT" name="open_homepage" finished-at="2023-10-23T12:47:36 EDT" duration-ms="1006" status="PASS">
          <reporter-output>
          </reporter-output>
        </test-method> <!-- open_homepage -->
        <test-method signature="Search_TC10_Filter_by_Brand()[pri:8, instance:test_layer.Search_Test@7d20d0b]" started-at="2023-10-23T12:47:36 EDT" name="Search_TC10_Filter_by_Brand" finished-at="2023-10-23T12:47:43 EDT" duration-ms="6758" status="PASS">
          <reporter-output>
          </reporter-output>
        </test-method> <!-- Search_TC10_Filter_by_Brand -->
        <test-method is-config="true" signature="open_homepage()[pri:0, instance:test_layer.Search_Test@7d20d0b]" started-at="2023-10-23T12:47:43 EDT" name="open_homepage" finished-at="2023-10-23T12:47:44 EDT" duration-ms="947" status="PASS">
          <reporter-output>
          </reporter-output>
        </test-method> <!-- open_homepage -->
        <test-method signature="Search_TC11_Filter_by_Price()[pri:9, instance:test_layer.Search_Test@7d20d0b]" started-at="2023-10-23T12:47:44 EDT" name="Search_TC11_Filter_by_Price" finished-at="2023-10-23T12:47:51 EDT" duration-ms="7310" status="PASS">
          <reporter-output>
          </reporter-output>
        </test-method> <!-- Search_TC11_Filter_by_Price -->
        <test-method is-config="true" signature="open_homepage()[pri:0, instance:test_layer.Search_Test@7d20d0b]" started-at="2023-10-23T12:47:51 EDT" name="open_homepage" finished-at="2023-10-23T12:47:52 EDT" duration-ms="723" status="PASS">
          <reporter-output>
          </reporter-output>
        </test-method> <!-- open_homepage -->
        <test-method signature="Search_TC21_Filter_by_Customer_Rating_and_Online_Saving()[pri:10, instance:test_layer.Search_Test@7d20d0b]" started-at="2023-10-23T12:47:52 EDT" name="Search_TC21_Filter_by_Customer_Rating_and_Online_Saving" finished-at="2023-10-23T12:48:04 EDT" duration-ms="11668" status="PASS">
          <reporter-output>
          </reporter-output>
        </test-method> <!-- Search_TC21_Filter_by_Customer_Rating_and_Online_Saving -->
        <test-method is-config="true" signature="open_homepage()[pri:0, instance:test_layer.Search_Test@7d20d0b]" started-at="2023-10-23T12:48:04 EDT" name="open_homepage" finished-at="2023-10-23T12:48:05 EDT" duration-ms="842" status="PASS">
          <reporter-output>
          </reporter-output>
        </test-method> <!-- open_homepage -->
        <test-method signature="Search_TC23_Filter_by_Customer_Rating_and_Brand()[pri:11, instance:test_layer.Search_Test@7d20d0b]" started-at="2023-10-23T12:48:05 EDT" name="Search_TC23_Filter_by_Customer_Rating_and_Brand" finished-at="2023-10-23T12:48:16 EDT" duration-ms="11272" status="PASS">
          <reporter-output>
          </reporter-output>
        </test-method> <!-- Search_TC23_Filter_by_Customer_Rating_and_Brand -->
        <test-method is-config="true" signature="open_homepage()[pri:0, instance:test_layer.Search_Test@7d20d0b]" started-at="2023-10-23T12:48:16 EDT" name="open_homepage" finished-at="2023-10-23T12:48:17 EDT" duration-ms="834" status="PASS">
          <reporter-output>
          </reporter-output>
        </test-method> <!-- open_homepage -->
        <test-method signature="Search_TC24_Filter_by_Customer_Rating_and_Price()[pri:12, instance:test_layer.Search_Test@7d20d0b]" started-at="2023-10-23T12:48:17 EDT" name="Search_TC24_Filter_by_Customer_Rating_and_Price" finished-at="2023-10-23T12:48:28 EDT" duration-ms="11285" status="PASS">
          <reporter-output>
          </reporter-output>
        </test-method> <!-- Search_TC24_Filter_by_Customer_Rating_and_Price -->
        <test-method is-config="true" signature="open_homepage()[pri:0, instance:test_layer.Search_Test@7d20d0b]" started-at="2023-10-23T12:48:28 EDT" name="open_homepage" finished-at="2023-10-23T12:48:29 EDT" duration-ms="931" status="PASS">
          <reporter-output>
          </reporter-output>
        </test-method> <!-- open_homepage -->
        <test-method signature="Search_TC28_Filter_by_Online_Saving_and_Brand()[pri:13, instance:test_layer.Search_Test@7d20d0b]" started-at="2023-10-23T12:48:29 EDT" name="Search_TC28_Filter_by_Online_Saving_and_Brand" finished-at="2023-10-23T12:48:40 EDT" duration-ms="11390" status="PASS">
          <reporter-output>
          </reporter-output>
        </test-method> <!-- Search_TC28_Filter_by_Online_Saving_and_Brand -->
        <test-method is-config="true" signature="open_homepage()[pri:0, instance:test_layer.Search_Test@7d20d0b]" started-at="2023-10-23T12:48:40 EDT" name="open_homepage" finished-at="2023-10-23T12:48:41 EDT" duration-ms="785" status="PASS">
          <reporter-output>
          </reporter-output>
        </test-method> <!-- open_homepage -->
        <test-method signature="Search_TC29_Filter_by_Online_Saving_and_Price()[pri:14, instance:test_layer.Search_Test@7d20d0b]" started-at="2023-10-23T12:48:41 EDT" name="Search_TC29_Filter_by_Online_Saving_and_Price" finished-at="2023-10-23T12:48:53 EDT" duration-ms="11610" status="PASS">
          <reporter-output>
          </reporter-output>
        </test-method> <!-- Search_TC29_Filter_by_Online_Saving_and_Price -->
        <test-method is-config="true" signature="open_homepage()[pri:0, instance:test_layer.Search_Test@7d20d0b]" started-at="2023-10-23T12:48:53 EDT" name="open_homepage" finished-at="2023-10-23T12:48:54 EDT" duration-ms="741" status="PASS">
          <reporter-output>
          </reporter-output>
        </test-method> <!-- open_homepage -->
        <test-method signature="Search_TC36_Filter_by_Brand_and_Price()[pri:15, instance:test_layer.Search_Test@7d20d0b]" started-at="2023-10-23T12:48:54 EDT" name="Search_TC36_Filter_by_Brand_and_Price" finished-at="2023-10-23T12:49:04 EDT" duration-ms="10533" status="FAIL">
          <exception class="java.lang.AssertionError">
            <message>
              <![CDATA[The following asserts failed:
Prices out of filter range: Under $25 expected [true] but found [false]]]>
            </message>
            <full-stacktrace>
              <![CDATA[java.lang.AssertionError: The following asserts failed:
Prices out of filter range: Under $25 expected [true] but found [false]
at org.testng.asserts.SoftAssert.assertAll(SoftAssert.java:46)
at org.testng.asserts.SoftAssert.assertAll(SoftAssert.java:30)
at test_layer.Search_Test.Search_TC36_Filter_by_Brand_and_Price(Search_Test.java:220)
at java.base/jdk.internal.reflect.DirectMethodHandleAccessor.invoke(DirectMethodHandleAccessor.java:104)
at java.base/java.lang.reflect.Method.invoke(Method.java:578)
at org.testng.internal.invokers.MethodInvocationHelper.invokeMethod(MethodInvocationHelper.java:139)
at org.testng.internal.invokers.TestInvoker.invokeMethod(TestInvoker.java:664)
at org.testng.internal.invokers.TestInvoker.invokeTestMethod(TestInvoker.java:227)
at org.testng.internal.invokers.MethodRunner.runInSequence(MethodRunner.java:50)
at org.testng.internal.invokers.TestInvoker$MethodInvocationAgent.invoke(TestInvoker.java:957)
at org.testng.internal.invokers.TestInvoker.invokeTestMethods(TestInvoker.java:200)
at org.testng.internal.invokers.TestMethodWorker.invokeTestMethods(TestMethodWorker.java:148)
at org.testng.internal.invokers.TestMethodWorker.run(TestMethodWorker.java:128)
at java.base/java.util.ArrayList.forEach(ArrayList.java:1511)
at org.testng.TestRunner.privateRun(TestRunner.java:848)
at org.testng.TestRunner.run(TestRunner.java:621)
at org.testng.SuiteRunner.runTest(SuiteRunner.java:443)
at org.testng.SuiteRunner.runSequentially(SuiteRunner.java:437)
at org.testng.SuiteRunner.privateRun(SuiteRunner.java:397)
at org.testng.SuiteRunner.run(SuiteRunner.java:336)
at org.testng.SuiteRunnerWorker.runSuite(SuiteRunnerWorker.java:52)
at org.testng.SuiteRunnerWorker.run(SuiteRunnerWorker.java:95)
at org.testng.TestNG.runSuitesSequentially(TestNG.java:1280)
at org.testng.TestNG.runSuitesLocally(TestNG.java:1200)
at org.testng.TestNG.runSuites(TestNG.java:1114)
at org.testng.TestNG.run(TestNG.java:1082)
at org.testng.remote.AbstractRemoteTestNG.run(AbstractRemoteTestNG.java:115)
at org.testng.remote.RemoteTestNG.initAndRun(RemoteTestNG.java:251)
at org.testng.remote.RemoteTestNG.main(RemoteTestNG.java:77)
]]>
            </full-stacktrace>
          </exception> <!-- java.lang.AssertionError -->
          <reporter-output>
          </reporter-output>
        </test-method> <!-- Search_TC36_Filter_by_Brand_and_Price -->
        <test-method is-config="true" signature="open_homepage()[pri:0, instance:test_layer.Search_Test@7d20d0b]" started-at="2023-10-23T12:49:04 EDT" name="open_homepage" finished-at="2023-10-23T12:49:05 EDT" duration-ms="940" status="PASS">
          <reporter-output>
          </reporter-output>
        </test-method> <!-- open_homepage -->
        <test-method signature="Search_TC42_Apply_all_filters()[pri:16, instance:test_layer.Search_Test@7d20d0b]" started-at="2023-10-23T12:49:05 EDT" name="Search_TC42_Apply_all_filters" finished-at="2023-10-23T12:49:23 EDT" duration-ms="17608" status="PASS">
          <reporter-output>
          </reporter-output>
        </test-method> <!-- Search_TC42_Apply_all_filters -->
        <test-method is-config="true" signature="open_homepage()[pri:0, instance:test_layer.Search_Test@7d20d0b]" started-at="2023-10-23T12:49:23 EDT" name="open_homepage" finished-at="2023-10-23T12:49:24 EDT" duration-ms="1302" status="PASS">
          <reporter-output>
          </reporter-output>
        </test-method> <!-- open_homepage -->
        <test-method signature="Search_TC44_Sort_by_price_low_to_high()[pri:17, instance:test_layer.Search_Test@7d20d0b]" started-at="2023-10-23T12:49:24 EDT" name="Search_TC44_Sort_by_price_low_to_high" finished-at="2023-10-23T12:49:32 EDT" duration-ms="7661" status="FAIL">
          <exception class="java.lang.AssertionError">
            <message>
              <![CDATA[Sort by Price: Low to High failed expected [true] but found [false]]]>
            </message>
            <full-stacktrace>
              <![CDATA[java.lang.AssertionError: Sort by Price: Low to High failed expected [true] but found [false]
at org.testng.Assert.fail(Assert.java:111)
at org.testng.Assert.failNotEquals(Assert.java:1578)
at org.testng.Assert.assertEqualsImpl(Assert.java:150)
at org.testng.Assert.assertEquals(Assert.java:132)
at org.testng.Assert.assertEquals(Assert.java:1067)
at org.testng.Assert.assertEquals(Assert.java:1031)
at test_layer.Search_Test.Search_TC44_Sort_by_price_low_to_high(Search_Test.java:253)
at java.base/jdk.internal.reflect.DirectMethodHandleAccessor.invoke(DirectMethodHandleAccessor.java:104)
at java.base/java.lang.reflect.Method.invoke(Method.java:578)
at org.testng.internal.invokers.MethodInvocationHelper.invokeMethod(MethodInvocationHelper.java:139)
at org.testng.internal.invokers.TestInvoker.invokeMethod(TestInvoker.java:664)
at org.testng.internal.invokers.TestInvoker.invokeTestMethod(TestInvoker.java:227)
at org.testng.internal.invokers.MethodRunner.runInSequence(MethodRunner.java:50)
at org.testng.internal.invokers.TestInvoker$MethodInvocationAgent.invoke(TestInvoker.java:957)
at org.testng.internal.invokers.TestInvoker.invokeTestMethods(TestInvoker.java:200)
at org.testng.internal.invokers.TestMethodWorker.invokeTestMethods(TestMethodWorker.java:148)
at org.testng.internal.invokers.TestMethodWorker.run(TestMethodWorker.java:128)
at java.base/java.util.ArrayList.forEach(ArrayList.java:1511)
at org.testng.TestRunner.privateRun(TestRunner.java:848)
at org.testng.TestRunner.run(TestRunner.java:621)
at org.testng.SuiteRunner.runTest(SuiteRunner.java:443)
at org.testng.SuiteRunner.runSequentially(SuiteRunner.java:437)
at org.testng.SuiteRunner.privateRun(SuiteRunner.java:397)
at org.testng.SuiteRunner.run(SuiteRunner.java:336)
at org.testng.SuiteRunnerWorker.runSuite(SuiteRunnerWorker.java:52)
at org.testng.SuiteRunnerWorker.run(SuiteRunnerWorker.java:95)
at org.testng.TestNG.runSuitesSequentially(TestNG.java:1280)
at org.testng.TestNG.runSuitesLocally(TestNG.java:1200)
at org.testng.TestNG.runSuites(TestNG.java:1114)
at org.testng.TestNG.run(TestNG.java:1082)
at org.testng.remote.AbstractRemoteTestNG.run(AbstractRemoteTestNG.java:115)
at org.testng.remote.RemoteTestNG.initAndRun(RemoteTestNG.java:251)
at org.testng.remote.RemoteTestNG.main(RemoteTestNG.java:77)
]]>
            </full-stacktrace>
          </exception> <!-- java.lang.AssertionError -->
          <reporter-output>
          </reporter-output>
        </test-method> <!-- Search_TC44_Sort_by_price_low_to_high -->
        <test-method is-config="true" signature="open_homepage()[pri:0, instance:test_layer.Search_Test@7d20d0b]" started-at="2023-10-23T12:49:32 EDT" name="open_homepage" finished-at="2023-10-23T12:49:32 EDT" duration-ms="830" status="PASS">
          <reporter-output>
          </reporter-output>
        </test-method> <!-- open_homepage -->
        <test-method signature="Search_TC45_Sort_by_price_high_to_low()[pri:18, instance:test_layer.Search_Test@7d20d0b]" started-at="2023-10-23T12:49:32 EDT" name="Search_TC45_Sort_by_price_high_to_low" finished-at="2023-10-23T12:49:41 EDT" duration-ms="8569" status="FAIL">
          <exception class="java.lang.AssertionError">
            <message>
              <![CDATA[Sort by Price: High to Low failed expected [true] but found [false]]]>
            </message>
            <full-stacktrace>
              <![CDATA[java.lang.AssertionError: Sort by Price: High to Low failed expected [true] but found [false]
at org.testng.Assert.fail(Assert.java:111)
at org.testng.Assert.failNotEquals(Assert.java:1578)
at org.testng.Assert.assertEqualsImpl(Assert.java:150)
at org.testng.Assert.assertEquals(Assert.java:132)
at org.testng.Assert.assertEquals(Assert.java:1067)
at org.testng.Assert.assertEquals(Assert.java:1031)
at test_layer.Search_Test.Search_TC45_Sort_by_price_high_to_low(Search_Test.java:262)
at java.base/jdk.internal.reflect.DirectMethodHandleAccessor.invoke(DirectMethodHandleAccessor.java:104)
at java.base/java.lang.reflect.Method.invoke(Method.java:578)
at org.testng.internal.invokers.MethodInvocationHelper.invokeMethod(MethodInvocationHelper.java:139)
at org.testng.internal.invokers.TestInvoker.invokeMethod(TestInvoker.java:664)
at org.testng.internal.invokers.TestInvoker.invokeTestMethod(TestInvoker.java:227)
at org.testng.internal.invokers.MethodRunner.runInSequence(MethodRunner.java:50)
at org.testng.internal.invokers.TestInvoker$MethodInvocationAgent.invoke(TestInvoker.java:957)
at org.testng.internal.invokers.TestInvoker.invokeTestMethods(TestInvoker.java:200)
at org.testng.internal.invokers.TestMethodWorker.invokeTestMethods(TestMethodWorker.java:148)
at org.testng.internal.invokers.TestMethodWorker.run(TestMethodWorker.java:128)
at java.base/java.util.ArrayList.forEach(ArrayList.java:1511)
at org.testng.TestRunner.privateRun(TestRunner.java:848)
at org.testng.TestRunner.run(TestRunner.java:621)
at org.testng.SuiteRunner.runTest(SuiteRunner.java:443)
at org.testng.SuiteRunner.runSequentially(SuiteRunner.java:437)
at org.testng.SuiteRunner.privateRun(SuiteRunner.java:397)
at org.testng.SuiteRunner.run(SuiteRunner.java:336)
at org.testng.SuiteRunnerWorker.runSuite(SuiteRunnerWorker.java:52)
at org.testng.SuiteRunnerWorker.run(SuiteRunnerWorker.java:95)
at org.testng.TestNG.runSuitesSequentially(TestNG.java:1280)
at org.testng.TestNG.runSuitesLocally(TestNG.java:1200)
at org.testng.TestNG.runSuites(TestNG.java:1114)
at org.testng.TestNG.run(TestNG.java:1082)
at org.testng.remote.AbstractRemoteTestNG.run(AbstractRemoteTestNG.java:115)
at org.testng.remote.RemoteTestNG.initAndRun(RemoteTestNG.java:251)
at org.testng.remote.RemoteTestNG.main(RemoteTestNG.java:77)
]]>
            </full-stacktrace>
          </exception> <!-- java.lang.AssertionError -->
          <reporter-output>
          </reporter-output>
        </test-method> <!-- Search_TC45_Sort_by_price_high_to_low -->
        <test-method is-config="true" signature="open_homepage()[pri:0, instance:test_layer.Search_Test@7d20d0b]" started-at="2023-10-23T12:49:41 EDT" name="open_homepage" finished-at="2023-10-23T12:49:42 EDT" duration-ms="730" status="PASS">
          <reporter-output>
          </reporter-output>
        </test-method> <!-- open_homepage -->
        <test-method signature="Search_TC46_Sort_by_Avg_customer_review()[pri:19, instance:test_layer.Search_Test@7d20d0b]" started-at="2023-10-23T12:49:42 EDT" name="Search_TC46_Sort_by_Avg_customer_review" finished-at="2023-10-23T12:49:49 EDT" duration-ms="7662" status="FAIL">
          <exception class="java.lang.AssertionError">
            <message>
              <![CDATA[Sort by Avg. Customer Review failed expected [true] but found [false]]]>
            </message>
            <full-stacktrace>
              <![CDATA[java.lang.AssertionError: Sort by Avg. Customer Review failed expected [true] but found [false]
at org.testng.Assert.fail(Assert.java:111)
at org.testng.Assert.failNotEquals(Assert.java:1578)
at org.testng.Assert.assertEqualsImpl(Assert.java:150)
at org.testng.Assert.assertEquals(Assert.java:132)
at org.testng.Assert.assertEquals(Assert.java:1067)
at org.testng.Assert.assertEquals(Assert.java:1031)
at test_layer.Search_Test.Search_TC46_Sort_by_Avg_customer_review(Search_Test.java:271)
at java.base/jdk.internal.reflect.DirectMethodHandleAccessor.invoke(DirectMethodHandleAccessor.java:104)
at java.base/java.lang.reflect.Method.invoke(Method.java:578)
at org.testng.internal.invokers.MethodInvocationHelper.invokeMethod(MethodInvocationHelper.java:139)
at org.testng.internal.invokers.TestInvoker.invokeMethod(TestInvoker.java:664)
at org.testng.internal.invokers.TestInvoker.invokeTestMethod(TestInvoker.java:227)
at org.testng.internal.invokers.MethodRunner.runInSequence(MethodRunner.java:50)
at org.testng.internal.invokers.TestInvoker$MethodInvocationAgent.invoke(TestInvoker.java:957)
at org.testng.internal.invokers.TestInvoker.invokeTestMethods(TestInvoker.java:200)
at org.testng.internal.invokers.TestMethodWorker.invokeTestMethods(TestMethodWorker.java:148)
at org.testng.internal.invokers.TestMethodWorker.run(TestMethodWorker.java:128)
at java.base/java.util.ArrayList.forEach(ArrayList.java:1511)
at org.testng.TestRunner.privateRun(TestRunner.java:848)
at org.testng.TestRunner.run(TestRunner.java:621)
at org.testng.SuiteRunner.runTest(SuiteRunner.java:443)
at org.testng.SuiteRunner.runSequentially(SuiteRunner.java:437)
at org.testng.SuiteRunner.privateRun(SuiteRunner.java:397)
at org.testng.SuiteRunner.run(SuiteRunner.java:336)
at org.testng.SuiteRunnerWorker.runSuite(SuiteRunnerWorker.java:52)
at org.testng.SuiteRunnerWorker.run(SuiteRunnerWorker.java:95)
at org.testng.TestNG.runSuitesSequentially(TestNG.java:1280)
at org.testng.TestNG.runSuitesLocally(TestNG.java:1200)
at org.testng.TestNG.runSuites(TestNG.java:1114)
at org.testng.TestNG.run(TestNG.java:1082)
at org.testng.remote.AbstractRemoteTestNG.run(AbstractRemoteTestNG.java:115)
at org.testng.remote.RemoteTestNG.initAndRun(RemoteTestNG.java:251)
at org.testng.remote.RemoteTestNG.main(RemoteTestNG.java:77)
]]>
            </full-stacktrace>
          </exception> <!-- java.lang.AssertionError -->
          <reporter-output>
          </reporter-output>
        </test-method> <!-- Search_TC46_Sort_by_Avg_customer_review -->
        <test-method is-config="true" signature="open_homepage()[pri:0, instance:test_layer.Search_Test@7d20d0b]" started-at="2023-10-23T12:49:49 EDT" name="open_homepage" finished-at="2023-10-23T12:49:50 EDT" duration-ms="757" status="PASS">
          <reporter-output>
          </reporter-output>
        </test-method> <!-- open_homepage -->
        <test-method signature="Search_TC57_Sort_by_Price_Low_to_High_and_Filter_by_Customer_Rating()[pri:20, instance:test_layer.Search_Test@7d20d0b]" started-at="2023-10-23T12:49:50 EDT" name="Search_TC57_Sort_by_Price_Low_to_High_and_Filter_by_Customer_Rating" finished-at="2023-10-23T12:50:01 EDT" duration-ms="11192" status="FAIL">
          <exception class="java.lang.AssertionError">
            <message>
              <![CDATA[expected [true] but found [false]]]>
            </message>
            <full-stacktrace>
              <![CDATA[java.lang.AssertionError: expected [true] but found [false]
at org.testng.Assert.fail(Assert.java:111)
at org.testng.Assert.failNotEquals(Assert.java:1578)
at org.testng.Assert.assertEqualsImpl(Assert.java:150)
at org.testng.Assert.assertEquals(Assert.java:132)
at org.testng.Assert.assertEquals(Assert.java:1067)
at org.testng.Assert.assertEquals(Assert.java:1031)
at org.testng.Assert.assertEquals(Assert.java:1077)
at test_layer.Search_Test.Search_TC57_Sort_by_Price_Low_to_High_and_Filter_by_Customer_Rating(Search_Test.java:283)
at java.base/jdk.internal.reflect.DirectMethodHandleAccessor.invoke(DirectMethodHandleAccessor.java:104)
at java.base/java.lang.reflect.Method.invoke(Method.java:578)
at org.testng.internal.invokers.MethodInvocationHelper.invokeMethod(MethodInvocationHelper.java:139)
at org.testng.internal.invokers.TestInvoker.invokeMethod(TestInvoker.java:664)
at org.testng.internal.invokers.TestInvoker.invokeTestMethod(TestInvoker.java:227)
at org.testng.internal.invokers.MethodRunner.runInSequence(MethodRunner.java:50)
at org.testng.internal.invokers.TestInvoker$MethodInvocationAgent.invoke(TestInvoker.java:957)
at org.testng.internal.invokers.TestInvoker.invokeTestMethods(TestInvoker.java:200)
at org.testng.internal.invokers.TestMethodWorker.invokeTestMethods(TestMethodWorker.java:148)
at org.testng.internal.invokers.TestMethodWorker.run(TestMethodWorker.java:128)
at java.base/java.util.ArrayList.forEach(ArrayList.java:1511)
at org.testng.TestRunner.privateRun(TestRunner.java:848)
at org.testng.TestRunner.run(TestRunner.java:621)
at org.testng.SuiteRunner.runTest(SuiteRunner.java:443)
at org.testng.SuiteRunner.runSequentially(SuiteRunner.java:437)
at org.testng.SuiteRunner.privateRun(SuiteRunner.java:397)
at org.testng.SuiteRunner.run(SuiteRunner.java:336)
at org.testng.SuiteRunnerWorker.runSuite(SuiteRunnerWorker.java:52)
at org.testng.SuiteRunnerWorker.run(SuiteRunnerWorker.java:95)
at org.testng.TestNG.runSuitesSequentially(TestNG.java:1280)
at org.testng.TestNG.runSuitesLocally(TestNG.java:1200)
at org.testng.TestNG.runSuites(TestNG.java:1114)
at org.testng.TestNG.run(TestNG.java:1082)
at org.testng.remote.AbstractRemoteTestNG.run(AbstractRemoteTestNG.java:115)
at org.testng.remote.RemoteTestNG.initAndRun(RemoteTestNG.java:251)
at org.testng.remote.RemoteTestNG.main(RemoteTestNG.java:77)
]]>
            </full-stacktrace>
          </exception> <!-- java.lang.AssertionError -->
          <reporter-output>
          </reporter-output>
        </test-method> <!-- Search_TC57_Sort_by_Price_Low_to_High_and_Filter_by_Customer_Rating -->
        <test-method is-config="true" signature="open_homepage()[pri:0, instance:test_layer.Search_Test@7d20d0b]" started-at="2023-10-23T12:50:01 EDT" name="open_homepage" finished-at="2023-10-23T12:50:02 EDT" duration-ms="803" status="PASS">
          <reporter-output>
          </reporter-output>
        </test-method> <!-- open_homepage -->
        <test-method signature="Search_TC58_Sort_by_Price_Low_to_High_and_Filter_by_Online_Saving()[pri:21, instance:test_layer.Search_Test@7d20d0b]" started-at="2023-10-23T12:50:02 EDT" name="Search_TC58_Sort_by_Price_Low_to_High_and_Filter_by_Online_Saving" finished-at="2023-10-23T12:50:19 EDT" duration-ms="16401" status="FAIL">
          <exception class="java.lang.AssertionError">
            <message>
              <![CDATA[expected [true] but found [false]]]>
            </message>
            <full-stacktrace>
              <![CDATA[java.lang.AssertionError: expected [true] but found [false]
at org.testng.Assert.fail(Assert.java:111)
at org.testng.Assert.failNotEquals(Assert.java:1578)
at org.testng.Assert.assertEqualsImpl(Assert.java:150)
at org.testng.Assert.assertEquals(Assert.java:132)
at org.testng.Assert.assertEquals(Assert.java:1067)
at org.testng.Assert.assertEquals(Assert.java:1031)
at org.testng.Assert.assertEquals(Assert.java:1077)
at test_layer.Search_Test.Search_TC58_Sort_by_Price_Low_to_High_and_Filter_by_Online_Saving(Search_Test.java:295)
at java.base/jdk.internal.reflect.DirectMethodHandleAccessor.invoke(DirectMethodHandleAccessor.java:104)
at java.base/java.lang.reflect.Method.invoke(Method.java:578)
at org.testng.internal.invokers.MethodInvocationHelper.invokeMethod(MethodInvocationHelper.java:139)
at org.testng.internal.invokers.TestInvoker.invokeMethod(TestInvoker.java:664)
at org.testng.internal.invokers.TestInvoker.invokeTestMethod(TestInvoker.java:227)
at org.testng.internal.invokers.MethodRunner.runInSequence(MethodRunner.java:50)
at org.testng.internal.invokers.TestInvoker$MethodInvocationAgent.invoke(TestInvoker.java:957)
at org.testng.internal.invokers.TestInvoker.invokeTestMethods(TestInvoker.java:200)
at org.testng.internal.invokers.TestMethodWorker.invokeTestMethods(TestMethodWorker.java:148)
at org.testng.internal.invokers.TestMethodWorker.run(TestMethodWorker.java:128)
at java.base/java.util.ArrayList.forEach(ArrayList.java:1511)
at org.testng.TestRunner.privateRun(TestRunner.java:848)
at org.testng.TestRunner.run(TestRunner.java:621)
at org.testng.SuiteRunner.runTest(SuiteRunner.java:443)
at org.testng.SuiteRunner.runSequentially(SuiteRunner.java:437)
at org.testng.SuiteRunner.privateRun(SuiteRunner.java:397)
at org.testng.SuiteRunner.run(SuiteRunner.java:336)
at org.testng.SuiteRunnerWorker.runSuite(SuiteRunnerWorker.java:52)
at org.testng.SuiteRunnerWorker.run(SuiteRunnerWorker.java:95)
at org.testng.TestNG.runSuitesSequentially(TestNG.java:1280)
at org.testng.TestNG.runSuitesLocally(TestNG.java:1200)
at org.testng.TestNG.runSuites(TestNG.java:1114)
at org.testng.TestNG.run(TestNG.java:1082)
at org.testng.remote.AbstractRemoteTestNG.run(AbstractRemoteTestNG.java:115)
at org.testng.remote.RemoteTestNG.initAndRun(RemoteTestNG.java:251)
at org.testng.remote.RemoteTestNG.main(RemoteTestNG.java:77)
]]>
            </full-stacktrace>
          </exception> <!-- java.lang.AssertionError -->
          <reporter-output>
          </reporter-output>
        </test-method> <!-- Search_TC58_Sort_by_Price_Low_to_High_and_Filter_by_Online_Saving -->
        <test-method is-config="true" signature="open_homepage()[pri:0, instance:test_layer.Search_Test@7d20d0b]" started-at="2023-10-23T12:50:19 EDT" name="open_homepage" finished-at="2023-10-23T12:50:19 EDT" duration-ms="815" status="PASS">
          <reporter-output>
          </reporter-output>
        </test-method> <!-- open_homepage -->
        <test-method signature="Search_TC60_Sort_by_Price_Low_to_High_and_Filter_by_Brand()[pri:22, instance:test_layer.Search_Test@7d20d0b]" started-at="2023-10-23T12:50:19 EDT" name="Search_TC60_Sort_by_Price_Low_to_High_and_Filter_by_Brand" finished-at="2023-10-23T12:50:36 EDT" duration-ms="16451" status="FAIL">
          <exception class="java.lang.AssertionError">
            <message>
              <![CDATA[expected [true] but found [false]]]>
            </message>
            <full-stacktrace>
              <![CDATA[java.lang.AssertionError: expected [true] but found [false]
at org.testng.Assert.fail(Assert.java:111)
at org.testng.Assert.failNotEquals(Assert.java:1578)
at org.testng.Assert.assertEqualsImpl(Assert.java:150)
at org.testng.Assert.assertEquals(Assert.java:132)
at org.testng.Assert.assertEquals(Assert.java:1067)
at org.testng.Assert.assertEquals(Assert.java:1031)
at org.testng.Assert.assertEquals(Assert.java:1077)
at test_layer.Search_Test.Search_TC60_Sort_by_Price_Low_to_High_and_Filter_by_Brand(Search_Test.java:305)
at java.base/jdk.internal.reflect.DirectMethodHandleAccessor.invoke(DirectMethodHandleAccessor.java:104)
at java.base/java.lang.reflect.Method.invoke(Method.java:578)
at org.testng.internal.invokers.MethodInvocationHelper.invokeMethod(MethodInvocationHelper.java:139)
at org.testng.internal.invokers.TestInvoker.invokeMethod(TestInvoker.java:664)
at org.testng.internal.invokers.TestInvoker.invokeTestMethod(TestInvoker.java:227)
at org.testng.internal.invokers.MethodRunner.runInSequence(MethodRunner.java:50)
at org.testng.internal.invokers.TestInvoker$MethodInvocationAgent.invoke(TestInvoker.java:957)
at org.testng.internal.invokers.TestInvoker.invokeTestMethods(TestInvoker.java:200)
at org.testng.internal.invokers.TestMethodWorker.invokeTestMethods(TestMethodWorker.java:148)
at org.testng.internal.invokers.TestMethodWorker.run(TestMethodWorker.java:128)
at java.base/java.util.ArrayList.forEach(ArrayList.java:1511)
at org.testng.TestRunner.privateRun(TestRunner.java:848)
at org.testng.TestRunner.run(TestRunner.java:621)
at org.testng.SuiteRunner.runTest(SuiteRunner.java:443)
at org.testng.SuiteRunner.runSequentially(SuiteRunner.java:437)
at org.testng.SuiteRunner.privateRun(SuiteRunner.java:397)
at org.testng.SuiteRunner.run(SuiteRunner.java:336)
at org.testng.SuiteRunnerWorker.runSuite(SuiteRunnerWorker.java:52)
at org.testng.SuiteRunnerWorker.run(SuiteRunnerWorker.java:95)
at org.testng.TestNG.runSuitesSequentially(TestNG.java:1280)
at org.testng.TestNG.runSuitesLocally(TestNG.java:1200)
at org.testng.TestNG.runSuites(TestNG.java:1114)
at org.testng.TestNG.run(TestNG.java:1082)
at org.testng.remote.AbstractRemoteTestNG.run(AbstractRemoteTestNG.java:115)
at org.testng.remote.RemoteTestNG.initAndRun(RemoteTestNG.java:251)
at org.testng.remote.RemoteTestNG.main(RemoteTestNG.java:77)
]]>
            </full-stacktrace>
          </exception> <!-- java.lang.AssertionError -->
          <reporter-output>
          </reporter-output>
        </test-method> <!-- Search_TC60_Sort_by_Price_Low_to_High_and_Filter_by_Brand -->
        <test-method is-config="true" signature="open_homepage()[pri:0, instance:test_layer.Search_Test@7d20d0b]" started-at="2023-10-23T12:50:36 EDT" name="open_homepage" finished-at="2023-10-23T12:50:37 EDT" duration-ms="801" status="PASS">
          <reporter-output>
          </reporter-output>
        </test-method> <!-- open_homepage -->
        <test-method signature="Search_TC61_Sort_by_Price_Low_to_High_and_Filter_by_Price()[pri:23, instance:test_layer.Search_Test@7d20d0b]" started-at="2023-10-23T12:50:37 EDT" name="Search_TC61_Sort_by_Price_Low_to_High_and_Filter_by_Price" finished-at="2023-10-23T12:50:49 EDT" duration-ms="11930" status="FAIL">
          <exception class="java.lang.AssertionError">
            <message>
              <![CDATA[expected [true] but found [false]]]>
            </message>
            <full-stacktrace>
              <![CDATA[java.lang.AssertionError: expected [true] but found [false]
at org.testng.Assert.fail(Assert.java:111)
at org.testng.Assert.failNotEquals(Assert.java:1578)
at org.testng.Assert.assertEqualsImpl(Assert.java:150)
at org.testng.Assert.assertEquals(Assert.java:132)
at org.testng.Assert.assertEquals(Assert.java:1067)
at org.testng.Assert.assertEquals(Assert.java:1031)
at org.testng.Assert.assertEquals(Assert.java:1077)
at test_layer.Search_Test.Search_TC61_Sort_by_Price_Low_to_High_and_Filter_by_Price(Search_Test.java:315)
at java.base/jdk.internal.reflect.DirectMethodHandleAccessor.invoke(DirectMethodHandleAccessor.java:104)
at java.base/java.lang.reflect.Method.invoke(Method.java:578)
at org.testng.internal.invokers.MethodInvocationHelper.invokeMethod(MethodInvocationHelper.java:139)
at org.testng.internal.invokers.TestInvoker.invokeMethod(TestInvoker.java:664)
at org.testng.internal.invokers.TestInvoker.invokeTestMethod(TestInvoker.java:227)
at org.testng.internal.invokers.MethodRunner.runInSequence(MethodRunner.java:50)
at org.testng.internal.invokers.TestInvoker$MethodInvocationAgent.invoke(TestInvoker.java:957)
at org.testng.internal.invokers.TestInvoker.invokeTestMethods(TestInvoker.java:200)
at org.testng.internal.invokers.TestMethodWorker.invokeTestMethods(TestMethodWorker.java:148)
at org.testng.internal.invokers.TestMethodWorker.run(TestMethodWorker.java:128)
at java.base/java.util.ArrayList.forEach(ArrayList.java:1511)
at org.testng.TestRunner.privateRun(TestRunner.java:848)
at org.testng.TestRunner.run(TestRunner.java:621)
at org.testng.SuiteRunner.runTest(SuiteRunner.java:443)
at org.testng.SuiteRunner.runSequentially(SuiteRunner.java:437)
at org.testng.SuiteRunner.privateRun(SuiteRunner.java:397)
at org.testng.SuiteRunner.run(SuiteRunner.java:336)
at org.testng.SuiteRunnerWorker.runSuite(SuiteRunnerWorker.java:52)
at org.testng.SuiteRunnerWorker.run(SuiteRunnerWorker.java:95)
at org.testng.TestNG.runSuitesSequentially(TestNG.java:1280)
at org.testng.TestNG.runSuitesLocally(TestNG.java:1200)
at org.testng.TestNG.runSuites(TestNG.java:1114)
at org.testng.TestNG.run(TestNG.java:1082)
at org.testng.remote.AbstractRemoteTestNG.run(AbstractRemoteTestNG.java:115)
at org.testng.remote.RemoteTestNG.initAndRun(RemoteTestNG.java:251)
at org.testng.remote.RemoteTestNG.main(RemoteTestNG.java:77)
]]>
            </full-stacktrace>
          </exception> <!-- java.lang.AssertionError -->
          <reporter-output>
          </reporter-output>
        </test-method> <!-- Search_TC61_Sort_by_Price_Low_to_High_and_Filter_by_Price -->
        <test-method is-config="true" signature="open_homepage()[pri:0, instance:test_layer.Search_Test@7d20d0b]" started-at="2023-10-23T12:50:49 EDT" name="open_homepage" finished-at="2023-10-23T12:50:49 EDT" duration-ms="768" status="PASS">
          <reporter-output>
          </reporter-output>
        </test-method> <!-- open_homepage -->
        <test-method signature="Search_TC65_Sort_by_Price_High_to_Low_and_Filter_by_Customer_Rating()[pri:24, instance:test_layer.Search_Test@7d20d0b]" started-at="2023-10-23T12:50:49 EDT" name="Search_TC65_Sort_by_Price_High_to_Low_and_Filter_by_Customer_Rating" finished-at="2023-10-23T12:51:01 EDT" duration-ms="11283" status="FAIL">
          <exception class="java.lang.AssertionError">
            <message>
              <![CDATA[expected [true] but found [false]]]>
            </message>
            <full-stacktrace>
              <![CDATA[java.lang.AssertionError: expected [true] but found [false]
at org.testng.Assert.fail(Assert.java:111)
at org.testng.Assert.failNotEquals(Assert.java:1578)
at org.testng.Assert.assertEqualsImpl(Assert.java:150)
at org.testng.Assert.assertEquals(Assert.java:132)
at org.testng.Assert.assertEquals(Assert.java:1067)
at org.testng.Assert.assertEquals(Assert.java:1031)
at org.testng.Assert.assertEquals(Assert.java:1077)
at test_layer.Search_Test.Search_TC65_Sort_by_Price_High_to_Low_and_Filter_by_Customer_Rating(Search_Test.java:327)
at java.base/jdk.internal.reflect.DirectMethodHandleAccessor.invoke(DirectMethodHandleAccessor.java:104)
at java.base/java.lang.reflect.Method.invoke(Method.java:578)
at org.testng.internal.invokers.MethodInvocationHelper.invokeMethod(MethodInvocationHelper.java:139)
at org.testng.internal.invokers.TestInvoker.invokeMethod(TestInvoker.java:664)
at org.testng.internal.invokers.TestInvoker.invokeTestMethod(TestInvoker.java:227)
at org.testng.internal.invokers.MethodRunner.runInSequence(MethodRunner.java:50)
at org.testng.internal.invokers.TestInvoker$MethodInvocationAgent.invoke(TestInvoker.java:957)
at org.testng.internal.invokers.TestInvoker.invokeTestMethods(TestInvoker.java:200)
at org.testng.internal.invokers.TestMethodWorker.invokeTestMethods(TestMethodWorker.java:148)
at org.testng.internal.invokers.TestMethodWorker.run(TestMethodWorker.java:128)
at java.base/java.util.ArrayList.forEach(ArrayList.java:1511)
at org.testng.TestRunner.privateRun(TestRunner.java:848)
at org.testng.TestRunner.run(TestRunner.java:621)
at org.testng.SuiteRunner.runTest(SuiteRunner.java:443)
at org.testng.SuiteRunner.runSequentially(SuiteRunner.java:437)
at org.testng.SuiteRunner.privateRun(SuiteRunner.java:397)
at org.testng.SuiteRunner.run(SuiteRunner.java:336)
at org.testng.SuiteRunnerWorker.runSuite(SuiteRunnerWorker.java:52)
at org.testng.SuiteRunnerWorker.run(SuiteRunnerWorker.java:95)
at org.testng.TestNG.runSuitesSequentially(TestNG.java:1280)
at org.testng.TestNG.runSuitesLocally(TestNG.java:1200)
at org.testng.TestNG.runSuites(TestNG.java:1114)
at org.testng.TestNG.run(TestNG.java:1082)
at org.testng.remote.AbstractRemoteTestNG.run(AbstractRemoteTestNG.java:115)
at org.testng.remote.RemoteTestNG.initAndRun(RemoteTestNG.java:251)
at org.testng.remote.RemoteTestNG.main(RemoteTestNG.java:77)
]]>
            </full-stacktrace>
          </exception> <!-- java.lang.AssertionError -->
          <reporter-output>
          </reporter-output>
        </test-method> <!-- Search_TC65_Sort_by_Price_High_to_Low_and_Filter_by_Customer_Rating -->
        <test-method is-config="true" signature="open_homepage()[pri:0, instance:test_layer.Search_Test@7d20d0b]" started-at="2023-10-23T12:51:01 EDT" name="open_homepage" finished-at="2023-10-23T12:51:01 EDT" duration-ms="688" status="PASS">
          <reporter-output>
          </reporter-output>
        </test-method> <!-- open_homepage -->
        <test-method signature="Search_TC66_Sort_by_Price_High_to_Low_and_Filter_by_Online_Saving()[pri:25, instance:test_layer.Search_Test@7d20d0b]" started-at="2023-10-23T12:51:01 EDT" name="Search_TC66_Sort_by_Price_High_to_Low_and_Filter_by_Online_Saving" finished-at="2023-10-23T12:51:13 EDT" duration-ms="11966" status="FAIL">
          <exception class="java.lang.AssertionError">
            <message>
              <![CDATA[expected [true] but found [false]]]>
            </message>
            <full-stacktrace>
              <![CDATA[java.lang.AssertionError: expected [true] but found [false]
at org.testng.Assert.fail(Assert.java:111)
at org.testng.Assert.failNotEquals(Assert.java:1578)
at org.testng.Assert.assertEqualsImpl(Assert.java:150)
at org.testng.Assert.assertEquals(Assert.java:132)
at org.testng.Assert.assertEquals(Assert.java:1067)
at org.testng.Assert.assertEquals(Assert.java:1031)
at org.testng.Assert.assertEquals(Assert.java:1077)
at test_layer.Search_Test.Search_TC66_Sort_by_Price_High_to_Low_and_Filter_by_Online_Saving(Search_Test.java:339)
at java.base/jdk.internal.reflect.DirectMethodHandleAccessor.invoke(DirectMethodHandleAccessor.java:104)
at java.base/java.lang.reflect.Method.invoke(Method.java:578)
at org.testng.internal.invokers.MethodInvocationHelper.invokeMethod(MethodInvocationHelper.java:139)
at org.testng.internal.invokers.TestInvoker.invokeMethod(TestInvoker.java:664)
at org.testng.internal.invokers.TestInvoker.invokeTestMethod(TestInvoker.java:227)
at org.testng.internal.invokers.MethodRunner.runInSequence(MethodRunner.java:50)
at org.testng.internal.invokers.TestInvoker$MethodInvocationAgent.invoke(TestInvoker.java:957)
at org.testng.internal.invokers.TestInvoker.invokeTestMethods(TestInvoker.java:200)
at org.testng.internal.invokers.TestMethodWorker.invokeTestMethods(TestMethodWorker.java:148)
at org.testng.internal.invokers.TestMethodWorker.run(TestMethodWorker.java:128)
at java.base/java.util.ArrayList.forEach(ArrayList.java:1511)
at org.testng.TestRunner.privateRun(TestRunner.java:848)
at org.testng.TestRunner.run(TestRunner.java:621)
at org.testng.SuiteRunner.runTest(SuiteRunner.java:443)
at org.testng.SuiteRunner.runSequentially(SuiteRunner.java:437)
at org.testng.SuiteRunner.privateRun(SuiteRunner.java:397)
at org.testng.SuiteRunner.run(SuiteRunner.java:336)
at org.testng.SuiteRunnerWorker.runSuite(SuiteRunnerWorker.java:52)
at org.testng.SuiteRunnerWorker.run(SuiteRunnerWorker.java:95)
at org.testng.TestNG.runSuitesSequentially(TestNG.java:1280)
at org.testng.TestNG.runSuitesLocally(TestNG.java:1200)
at org.testng.TestNG.runSuites(TestNG.java:1114)
at org.testng.TestNG.run(TestNG.java:1082)
at org.testng.remote.AbstractRemoteTestNG.run(AbstractRemoteTestNG.java:115)
at org.testng.remote.RemoteTestNG.initAndRun(RemoteTestNG.java:251)
at org.testng.remote.RemoteTestNG.main(RemoteTestNG.java:77)
]]>
            </full-stacktrace>
          </exception> <!-- java.lang.AssertionError -->
          <reporter-output>
          </reporter-output>
        </test-method> <!-- Search_TC66_Sort_by_Price_High_to_Low_and_Filter_by_Online_Saving -->
        <test-method is-config="true" signature="open_homepage()[pri:0, instance:test_layer.Search_Test@7d20d0b]" started-at="2023-10-23T12:51:13 EDT" name="open_homepage" finished-at="2023-10-23T12:51:14 EDT" duration-ms="750" status="PASS">
          <reporter-output>
          </reporter-output>
        </test-method> <!-- open_homepage -->
        <test-method signature="Search_TC68_Sort_by_Price_High_to_Low_and_Filter_by_Brand()[pri:26, instance:test_layer.Search_Test@7d20d0b]" started-at="2023-10-23T12:51:14 EDT" name="Search_TC68_Sort_by_Price_High_to_Low_and_Filter_by_Brand" finished-at="2023-10-23T12:51:26 EDT" duration-ms="11787" status="FAIL">
          <exception class="java.lang.AssertionError">
            <message>
              <![CDATA[expected [true] but found [false]]]>
            </message>
            <full-stacktrace>
              <![CDATA[java.lang.AssertionError: expected [true] but found [false]
at org.testng.Assert.fail(Assert.java:111)
at org.testng.Assert.failNotEquals(Assert.java:1578)
at org.testng.Assert.assertEqualsImpl(Assert.java:150)
at org.testng.Assert.assertEquals(Assert.java:132)
at org.testng.Assert.assertEquals(Assert.java:1067)
at org.testng.Assert.assertEquals(Assert.java:1031)
at org.testng.Assert.assertEquals(Assert.java:1077)
at test_layer.Search_Test.Search_TC68_Sort_by_Price_High_to_Low_and_Filter_by_Brand(Search_Test.java:349)
at java.base/jdk.internal.reflect.DirectMethodHandleAccessor.invoke(DirectMethodHandleAccessor.java:104)
at java.base/java.lang.reflect.Method.invoke(Method.java:578)
at org.testng.internal.invokers.MethodInvocationHelper.invokeMethod(MethodInvocationHelper.java:139)
at org.testng.internal.invokers.TestInvoker.invokeMethod(TestInvoker.java:664)
at org.testng.internal.invokers.TestInvoker.invokeTestMethod(TestInvoker.java:227)
at org.testng.internal.invokers.MethodRunner.runInSequence(MethodRunner.java:50)
at org.testng.internal.invokers.TestInvoker$MethodInvocationAgent.invoke(TestInvoker.java:957)
at org.testng.internal.invokers.TestInvoker.invokeTestMethods(TestInvoker.java:200)
at org.testng.internal.invokers.TestMethodWorker.invokeTestMethods(TestMethodWorker.java:148)
at org.testng.internal.invokers.TestMethodWorker.run(TestMethodWorker.java:128)
at java.base/java.util.ArrayList.forEach(ArrayList.java:1511)
at org.testng.TestRunner.privateRun(TestRunner.java:848)
at org.testng.TestRunner.run(TestRunner.java:621)
at org.testng.SuiteRunner.runTest(SuiteRunner.java:443)
at org.testng.SuiteRunner.runSequentially(SuiteRunner.java:437)
at org.testng.SuiteRunner.privateRun(SuiteRunner.java:397)
at org.testng.SuiteRunner.run(SuiteRunner.java:336)
at org.testng.SuiteRunnerWorker.runSuite(SuiteRunnerWorker.java:52)
at org.testng.SuiteRunnerWorker.run(SuiteRunnerWorker.java:95)
at org.testng.TestNG.runSuitesSequentially(TestNG.java:1280)
at org.testng.TestNG.runSuitesLocally(TestNG.java:1200)
at org.testng.TestNG.runSuites(TestNG.java:1114)
at org.testng.TestNG.run(TestNG.java:1082)
at org.testng.remote.AbstractRemoteTestNG.run(AbstractRemoteTestNG.java:115)
at org.testng.remote.RemoteTestNG.initAndRun(RemoteTestNG.java:251)
at org.testng.remote.RemoteTestNG.main(RemoteTestNG.java:77)
]]>
            </full-stacktrace>
          </exception> <!-- java.lang.AssertionError -->
          <reporter-output>
          </reporter-output>
        </test-method> <!-- Search_TC68_Sort_by_Price_High_to_Low_and_Filter_by_Brand -->
        <test-method is-config="true" signature="open_homepage()[pri:0, instance:test_layer.Search_Test@7d20d0b]" started-at="2023-10-23T12:51:26 EDT" name="open_homepage" finished-at="2023-10-23T12:51:27 EDT" duration-ms="923" status="PASS">
          <reporter-output>
          </reporter-output>
        </test-method> <!-- open_homepage -->
        <test-method signature="Search_TC69_Sort_by_Price_High_to_Low_and_Filter_by_Price()[pri:27, instance:test_layer.Search_Test@7d20d0b]" started-at="2023-10-23T12:51:27 EDT" name="Search_TC69_Sort_by_Price_High_to_Low_and_Filter_by_Price" finished-at="2023-10-23T12:51:43 EDT" duration-ms="16664" status="FAIL">
          <exception class="java.lang.AssertionError">
            <message>
              <![CDATA[expected [true] but found [false]]]>
            </message>
            <full-stacktrace>
              <![CDATA[java.lang.AssertionError: expected [true] but found [false]
at org.testng.Assert.fail(Assert.java:111)
at org.testng.Assert.failNotEquals(Assert.java:1578)
at org.testng.Assert.assertEqualsImpl(Assert.java:150)
at org.testng.Assert.assertEquals(Assert.java:132)
at org.testng.Assert.assertEquals(Assert.java:1067)
at org.testng.Assert.assertEquals(Assert.java:1031)
at org.testng.Assert.assertEquals(Assert.java:1077)
at test_layer.Search_Test.Search_TC69_Sort_by_Price_High_to_Low_and_Filter_by_Price(Search_Test.java:359)
at java.base/jdk.internal.reflect.DirectMethodHandleAccessor.invoke(DirectMethodHandleAccessor.java:104)
at java.base/java.lang.reflect.Method.invoke(Method.java:578)
at org.testng.internal.invokers.MethodInvocationHelper.invokeMethod(MethodInvocationHelper.java:139)
at org.testng.internal.invokers.TestInvoker.invokeMethod(TestInvoker.java:664)
at org.testng.internal.invokers.TestInvoker.invokeTestMethod(TestInvoker.java:227)
at org.testng.internal.invokers.MethodRunner.runInSequence(MethodRunner.java:50)
at org.testng.internal.invokers.TestInvoker$MethodInvocationAgent.invoke(TestInvoker.java:957)
at org.testng.internal.invokers.TestInvoker.invokeTestMethods(TestInvoker.java:200)
at org.testng.internal.invokers.TestMethodWorker.invokeTestMethods(TestMethodWorker.java:148)
at org.testng.internal.invokers.TestMethodWorker.run(TestMethodWorker.java:128)
at java.base/java.util.ArrayList.forEach(ArrayList.java:1511)
at org.testng.TestRunner.privateRun(TestRunner.java:848)
at org.testng.TestRunner.run(TestRunner.java:621)
at org.testng.SuiteRunner.runTest(SuiteRunner.java:443)
at org.testng.SuiteRunner.runSequentially(SuiteRunner.java:437)
at org.testng.SuiteRunner.privateRun(SuiteRunner.java:397)
at org.testng.SuiteRunner.run(SuiteRunner.java:336)
at org.testng.SuiteRunnerWorker.runSuite(SuiteRunnerWorker.java:52)
at org.testng.SuiteRunnerWorker.run(SuiteRunnerWorker.java:95)
at org.testng.TestNG.runSuitesSequentially(TestNG.java:1280)
at org.testng.TestNG.runSuitesLocally(TestNG.java:1200)
at org.testng.TestNG.runSuites(TestNG.java:1114)
at org.testng.TestNG.run(TestNG.java:1082)
at org.testng.remote.AbstractRemoteTestNG.run(AbstractRemoteTestNG.java:115)
at org.testng.remote.RemoteTestNG.initAndRun(RemoteTestNG.java:251)
at org.testng.remote.RemoteTestNG.main(RemoteTestNG.java:77)
]]>
            </full-stacktrace>
          </exception> <!-- java.lang.AssertionError -->
          <reporter-output>
          </reporter-output>
        </test-method> <!-- Search_TC69_Sort_by_Price_High_to_Low_and_Filter_by_Price -->
        <test-method is-config="true" signature="open_homepage()[pri:0, instance:test_layer.Search_Test@7d20d0b]" started-at="2023-10-23T12:51:43 EDT" name="open_homepage" finished-at="2023-10-23T12:51:44 EDT" duration-ms="760" status="PASS">
          <reporter-output>
          </reporter-output>
        </test-method> <!-- open_homepage -->
        <test-method signature="Search_TC73_Sort_by_Avg_Customer_Review_and_Filter_by_Customer_Rating()[pri:28, instance:test_layer.Search_Test@7d20d0b]" started-at="2023-10-23T12:51:44 EDT" name="Search_TC73_Sort_by_Avg_Customer_Review_and_Filter_by_Customer_Rating" finished-at="2023-10-23T12:51:55 EDT" duration-ms="10690" status="FAIL">
          <exception class="java.lang.AssertionError">
            <message>
              <![CDATA[expected [true] but found [false]]]>
            </message>
            <full-stacktrace>
              <![CDATA[java.lang.AssertionError: expected [true] but found [false]
at org.testng.Assert.fail(Assert.java:111)
at org.testng.Assert.failNotEquals(Assert.java:1578)
at org.testng.Assert.assertEqualsImpl(Assert.java:150)
at org.testng.Assert.assertEquals(Assert.java:132)
at org.testng.Assert.assertEquals(Assert.java:1067)
at org.testng.Assert.assertEquals(Assert.java:1031)
at org.testng.Assert.assertEquals(Assert.java:1077)
at test_layer.Search_Test.Search_TC73_Sort_by_Avg_Customer_Review_and_Filter_by_Customer_Rating(Search_Test.java:371)
at java.base/jdk.internal.reflect.DirectMethodHandleAccessor.invoke(DirectMethodHandleAccessor.java:104)
at java.base/java.lang.reflect.Method.invoke(Method.java:578)
at org.testng.internal.invokers.MethodInvocationHelper.invokeMethod(MethodInvocationHelper.java:139)
at org.testng.internal.invokers.TestInvoker.invokeMethod(TestInvoker.java:664)
at org.testng.internal.invokers.TestInvoker.invokeTestMethod(TestInvoker.java:227)
at org.testng.internal.invokers.MethodRunner.runInSequence(MethodRunner.java:50)
at org.testng.internal.invokers.TestInvoker$MethodInvocationAgent.invoke(TestInvoker.java:957)
at org.testng.internal.invokers.TestInvoker.invokeTestMethods(TestInvoker.java:200)
at org.testng.internal.invokers.TestMethodWorker.invokeTestMethods(TestMethodWorker.java:148)
at org.testng.internal.invokers.TestMethodWorker.run(TestMethodWorker.java:128)
at java.base/java.util.ArrayList.forEach(ArrayList.java:1511)
at org.testng.TestRunner.privateRun(TestRunner.java:848)
at org.testng.TestRunner.run(TestRunner.java:621)
at org.testng.SuiteRunner.runTest(SuiteRunner.java:443)
at org.testng.SuiteRunner.runSequentially(SuiteRunner.java:437)
at org.testng.SuiteRunner.privateRun(SuiteRunner.java:397)
at org.testng.SuiteRunner.run(SuiteRunner.java:336)
at org.testng.SuiteRunnerWorker.runSuite(SuiteRunnerWorker.java:52)
at org.testng.SuiteRunnerWorker.run(SuiteRunnerWorker.java:95)
at org.testng.TestNG.runSuitesSequentially(TestNG.java:1280)
at org.testng.TestNG.runSuitesLocally(TestNG.java:1200)
at org.testng.TestNG.runSuites(TestNG.java:1114)
at org.testng.TestNG.run(TestNG.java:1082)
at org.testng.remote.AbstractRemoteTestNG.run(AbstractRemoteTestNG.java:115)
at org.testng.remote.RemoteTestNG.initAndRun(RemoteTestNG.java:251)
at org.testng.remote.RemoteTestNG.main(RemoteTestNG.java:77)
]]>
            </full-stacktrace>
          </exception> <!-- java.lang.AssertionError -->
          <reporter-output>
          </reporter-output>
        </test-method> <!-- Search_TC73_Sort_by_Avg_Customer_Review_and_Filter_by_Customer_Rating -->
        <test-method is-config="true" signature="open_homepage()[pri:0, instance:test_layer.Search_Test@7d20d0b]" started-at="2023-10-23T12:51:55 EDT" name="open_homepage" finished-at="2023-10-23T12:51:56 EDT" duration-ms="829" status="PASS">
          <reporter-output>
          </reporter-output>
        </test-method> <!-- open_homepage -->
        <test-method signature="Search_TC74_Sort_by_Avg_Customer_Review_and_Filter_by_Online_Saving()[pri:29, instance:test_layer.Search_Test@7d20d0b]" started-at="2023-10-23T12:51:56 EDT" name="Search_TC74_Sort_by_Avg_Customer_Review_and_Filter_by_Online_Saving" finished-at="2023-10-23T12:52:07 EDT" duration-ms="11474" status="FAIL">
          <exception class="java.lang.AssertionError">
            <message>
              <![CDATA[expected [true] but found [false]]]>
            </message>
            <full-stacktrace>
              <![CDATA[java.lang.AssertionError: expected [true] but found [false]
at org.testng.Assert.fail(Assert.java:111)
at org.testng.Assert.failNotEquals(Assert.java:1578)
at org.testng.Assert.assertEqualsImpl(Assert.java:150)
at org.testng.Assert.assertEquals(Assert.java:132)
at org.testng.Assert.assertEquals(Assert.java:1067)
at org.testng.Assert.assertEquals(Assert.java:1031)
at org.testng.Assert.assertEquals(Assert.java:1077)
at test_layer.Search_Test.Search_TC74_Sort_by_Avg_Customer_Review_and_Filter_by_Online_Saving(Search_Test.java:383)
at java.base/jdk.internal.reflect.DirectMethodHandleAccessor.invoke(DirectMethodHandleAccessor.java:104)
at java.base/java.lang.reflect.Method.invoke(Method.java:578)
at org.testng.internal.invokers.MethodInvocationHelper.invokeMethod(MethodInvocationHelper.java:139)
at org.testng.internal.invokers.TestInvoker.invokeMethod(TestInvoker.java:664)
at org.testng.internal.invokers.TestInvoker.invokeTestMethod(TestInvoker.java:227)
at org.testng.internal.invokers.MethodRunner.runInSequence(MethodRunner.java:50)
at org.testng.internal.invokers.TestInvoker$MethodInvocationAgent.invoke(TestInvoker.java:957)
at org.testng.internal.invokers.TestInvoker.invokeTestMethods(TestInvoker.java:200)
at org.testng.internal.invokers.TestMethodWorker.invokeTestMethods(TestMethodWorker.java:148)
at org.testng.internal.invokers.TestMethodWorker.run(TestMethodWorker.java:128)
at java.base/java.util.ArrayList.forEach(ArrayList.java:1511)
at org.testng.TestRunner.privateRun(TestRunner.java:848)
at org.testng.TestRunner.run(TestRunner.java:621)
at org.testng.SuiteRunner.runTest(SuiteRunner.java:443)
at org.testng.SuiteRunner.runSequentially(SuiteRunner.java:437)
at org.testng.SuiteRunner.privateRun(SuiteRunner.java:397)
at org.testng.SuiteRunner.run(SuiteRunner.java:336)
at org.testng.SuiteRunnerWorker.runSuite(SuiteRunnerWorker.java:52)
at org.testng.SuiteRunnerWorker.run(SuiteRunnerWorker.java:95)
at org.testng.TestNG.runSuitesSequentially(TestNG.java:1280)
at org.testng.TestNG.runSuitesLocally(TestNG.java:1200)
at org.testng.TestNG.runSuites(TestNG.java:1114)
at org.testng.TestNG.run(TestNG.java:1082)
at org.testng.remote.AbstractRemoteTestNG.run(AbstractRemoteTestNG.java:115)
at org.testng.remote.RemoteTestNG.initAndRun(RemoteTestNG.java:251)
at org.testng.remote.RemoteTestNG.main(RemoteTestNG.java:77)
]]>
            </full-stacktrace>
          </exception> <!-- java.lang.AssertionError -->
          <reporter-output>
          </reporter-output>
        </test-method> <!-- Search_TC74_Sort_by_Avg_Customer_Review_and_Filter_by_Online_Saving -->
        <test-method is-config="true" signature="open_homepage()[pri:0, instance:test_layer.Search_Test@7d20d0b]" started-at="2023-10-23T12:52:07 EDT" name="open_homepage" finished-at="2023-10-23T12:52:08 EDT" duration-ms="710" status="PASS">
          <reporter-output>
          </reporter-output>
        </test-method> <!-- open_homepage -->
        <test-method signature="Search_TC76_Sort_by_Avg_Customer_Review_and_Filter_by_Brand()[pri:30, instance:test_layer.Search_Test@7d20d0b]" started-at="2023-10-23T12:52:08 EDT" name="Search_TC76_Sort_by_Avg_Customer_Review_and_Filter_by_Brand" finished-at="2023-10-23T12:52:20 EDT" duration-ms="12025" status="FAIL">
          <exception class="java.lang.AssertionError">
            <message>
              <![CDATA[expected [true] but found [false]]]>
            </message>
            <full-stacktrace>
              <![CDATA[java.lang.AssertionError: expected [true] but found [false]
at org.testng.Assert.fail(Assert.java:111)
at org.testng.Assert.failNotEquals(Assert.java:1578)
at org.testng.Assert.assertEqualsImpl(Assert.java:150)
at org.testng.Assert.assertEquals(Assert.java:132)
at org.testng.Assert.assertEquals(Assert.java:1067)
at org.testng.Assert.assertEquals(Assert.java:1031)
at org.testng.Assert.assertEquals(Assert.java:1077)
at test_layer.Search_Test.Search_TC76_Sort_by_Avg_Customer_Review_and_Filter_by_Brand(Search_Test.java:393)
at java.base/jdk.internal.reflect.DirectMethodHandleAccessor.invoke(DirectMethodHandleAccessor.java:104)
at java.base/java.lang.reflect.Method.invoke(Method.java:578)
at org.testng.internal.invokers.MethodInvocationHelper.invokeMethod(MethodInvocationHelper.java:139)
at org.testng.internal.invokers.TestInvoker.invokeMethod(TestInvoker.java:664)
at org.testng.internal.invokers.TestInvoker.invokeTestMethod(TestInvoker.java:227)
at org.testng.internal.invokers.MethodRunner.runInSequence(MethodRunner.java:50)
at org.testng.internal.invokers.TestInvoker$MethodInvocationAgent.invoke(TestInvoker.java:957)
at org.testng.internal.invokers.TestInvoker.invokeTestMethods(TestInvoker.java:200)
at org.testng.internal.invokers.TestMethodWorker.invokeTestMethods(TestMethodWorker.java:148)
at org.testng.internal.invokers.TestMethodWorker.run(TestMethodWorker.java:128)
at java.base/java.util.ArrayList.forEach(ArrayList.java:1511)
at org.testng.TestRunner.privateRun(TestRunner.java:848)
at org.testng.TestRunner.run(TestRunner.java:621)
at org.testng.SuiteRunner.runTest(SuiteRunner.java:443)
at org.testng.SuiteRunner.runSequentially(SuiteRunner.java:437)
at org.testng.SuiteRunner.privateRun(SuiteRunner.java:397)
at org.testng.SuiteRunner.run(SuiteRunner.java:336)
at org.testng.SuiteRunnerWorker.runSuite(SuiteRunnerWorker.java:52)
at org.testng.SuiteRunnerWorker.run(SuiteRunnerWorker.java:95)
at org.testng.TestNG.runSuitesSequentially(TestNG.java:1280)
at org.testng.TestNG.runSuitesLocally(TestNG.java:1200)
at org.testng.TestNG.runSuites(TestNG.java:1114)
at org.testng.TestNG.run(TestNG.java:1082)
at org.testng.remote.AbstractRemoteTestNG.run(AbstractRemoteTestNG.java:115)
at org.testng.remote.RemoteTestNG.initAndRun(RemoteTestNG.java:251)
at org.testng.remote.RemoteTestNG.main(RemoteTestNG.java:77)
]]>
            </full-stacktrace>
          </exception> <!-- java.lang.AssertionError -->
          <reporter-output>
          </reporter-output>
        </test-method> <!-- Search_TC76_Sort_by_Avg_Customer_Review_and_Filter_by_Brand -->
        <test-method is-config="true" signature="open_homepage()[pri:0, instance:test_layer.Search_Test@7d20d0b]" started-at="2023-10-23T12:52:20 EDT" name="open_homepage" finished-at="2023-10-23T12:52:21 EDT" duration-ms="732" status="PASS">
          <reporter-output>
          </reporter-output>
        </test-method> <!-- open_homepage -->
        <test-method signature="Search_TC77_Sort_by_Avg_Customer_Review_and_Filter_by_Price()[pri:31, instance:test_layer.Search_Test@7d20d0b]" started-at="2023-10-23T12:52:21 EDT" name="Search_TC77_Sort_by_Avg_Customer_Review_and_Filter_by_Price" finished-at="2023-10-23T12:52:36 EDT" duration-ms="15319" status="FAIL">
          <exception class="java.lang.AssertionError">
            <message>
              <![CDATA[expected [true] but found [false]]]>
            </message>
            <full-stacktrace>
              <![CDATA[java.lang.AssertionError: expected [true] but found [false]
at org.testng.Assert.fail(Assert.java:111)
at org.testng.Assert.failNotEquals(Assert.java:1578)
at org.testng.Assert.assertEqualsImpl(Assert.java:150)
at org.testng.Assert.assertEquals(Assert.java:132)
at org.testng.Assert.assertEquals(Assert.java:1067)
at org.testng.Assert.assertEquals(Assert.java:1031)
at org.testng.Assert.assertEquals(Assert.java:1077)
at test_layer.Search_Test.Search_TC77_Sort_by_Avg_Customer_Review_and_Filter_by_Price(Search_Test.java:403)
at java.base/jdk.internal.reflect.DirectMethodHandleAccessor.invoke(DirectMethodHandleAccessor.java:104)
at java.base/java.lang.reflect.Method.invoke(Method.java:578)
at org.testng.internal.invokers.MethodInvocationHelper.invokeMethod(MethodInvocationHelper.java:139)
at org.testng.internal.invokers.TestInvoker.invokeMethod(TestInvoker.java:664)
at org.testng.internal.invokers.TestInvoker.invokeTestMethod(TestInvoker.java:227)
at org.testng.internal.invokers.MethodRunner.runInSequence(MethodRunner.java:50)
at org.testng.internal.invokers.TestInvoker$MethodInvocationAgent.invoke(TestInvoker.java:957)
at org.testng.internal.invokers.TestInvoker.invokeTestMethods(TestInvoker.java:200)
at org.testng.internal.invokers.TestMethodWorker.invokeTestMethods(TestMethodWorker.java:148)
at org.testng.internal.invokers.TestMethodWorker.run(TestMethodWorker.java:128)
at java.base/java.util.ArrayList.forEach(ArrayList.java:1511)
at org.testng.TestRunner.privateRun(TestRunner.java:848)
at org.testng.TestRunner.run(TestRunner.java:621)
at org.testng.SuiteRunner.runTest(SuiteRunner.java:443)
at org.testng.SuiteRunner.runSequentially(SuiteRunner.java:437)
at org.testng.SuiteRunner.privateRun(SuiteRunner.java:397)
at org.testng.SuiteRunner.run(SuiteRunner.java:336)
at org.testng.SuiteRunnerWorker.runSuite(SuiteRunnerWorker.java:52)
at org.testng.SuiteRunnerWorker.run(SuiteRunnerWorker.java:95)
at org.testng.TestNG.runSuitesSequentially(TestNG.java:1280)
at org.testng.TestNG.runSuitesLocally(TestNG.java:1200)
at org.testng.TestNG.runSuites(TestNG.java:1114)
at org.testng.TestNG.run(TestNG.java:1082)
at org.testng.remote.AbstractRemoteTestNG.run(AbstractRemoteTestNG.java:115)
at org.testng.remote.RemoteTestNG.initAndRun(RemoteTestNG.java:251)
at org.testng.remote.RemoteTestNG.main(RemoteTestNG.java:77)
]]>
            </full-stacktrace>
          </exception> <!-- java.lang.AssertionError -->
          <reporter-output>
          </reporter-output>
        </test-method> <!-- Search_TC77_Sort_by_Avg_Customer_Review_and_Filter_by_Price -->
        <test-method is-config="true" signature="open_homepage()[pri:0, instance:test_layer.Search_Test@7d20d0b]" started-at="2023-10-23T12:52:36 EDT" name="open_homepage" finished-at="2023-10-23T12:52:37 EDT" duration-ms="842" status="PASS">
          <reporter-output>
          </reporter-output>
        </test-method> <!-- open_homepage -->
        <test-method signature="Search_TC97_Pagination_with_Sort_by_Price_Low_to_High_and_Filter_by_Customer_Rating()[pri:32, instance:test_layer.Search_Test@7d20d0b]" started-at="2023-10-23T12:52:37 EDT" name="Search_TC97_Pagination_with_Sort_by_Price_Low_to_High_and_Filter_by_Customer_Rating" finished-at="2023-10-23T12:52:55 EDT" duration-ms="18634" status="PASS">
          <reporter-output>
          </reporter-output>
        </test-method> <!-- Search_TC97_Pagination_with_Sort_by_Price_Low_to_High_and_Filter_by_Customer_Rating -->
        <test-method is-config="true" signature="open_homepage()[pri:0, instance:test_layer.Search_Test@7d20d0b]" started-at="2023-10-23T12:52:55 EDT" name="open_homepage" finished-at="2023-10-23T12:52:56 EDT" duration-ms="810" status="PASS">
          <reporter-output>
          </reporter-output>
        </test-method> <!-- open_homepage -->
        <test-method signature="Search_TC98_Pagination_with_Sort_by_Price_Low_to_High_and_Filter_by_Online_Saving()[pri:33, instance:test_layer.Search_Test@7d20d0b]" started-at="2023-10-23T12:52:56 EDT" name="Search_TC98_Pagination_with_Sort_by_Price_Low_to_High_and_Filter_by_Online_Saving" finished-at="2023-10-23T12:53:09 EDT" duration-ms="12997" status="PASS">
          <reporter-output>
          </reporter-output>
        </test-method> <!-- Search_TC98_Pagination_with_Sort_by_Price_Low_to_High_and_Filter_by_Online_Saving -->
        <test-method is-config="true" signature="open_homepage()[pri:0, instance:test_layer.Search_Test@7d20d0b]" started-at="2023-10-23T12:53:09 EDT" name="open_homepage" finished-at="2023-10-23T12:53:10 EDT" duration-ms="873" status="PASS">
          <reporter-output>
          </reporter-output>
        </test-method> <!-- open_homepage -->
        <test-method signature="Search_TC100_Pagination_with_Sort_by_Price_Low_to_High_and_Filter_by_Brand()[pri:34, instance:test_layer.Search_Test@7d20d0b]" started-at="2023-10-23T12:53:10 EDT" name="Search_TC100_Pagination_with_Sort_by_Price_Low_to_High_and_Filter_by_Brand" finished-at="2023-10-23T12:53:30 EDT" duration-ms="19897" status="PASS">
          <reporter-output>
          </reporter-output>
        </test-method> <!-- Search_TC100_Pagination_with_Sort_by_Price_Low_to_High_and_Filter_by_Brand -->
        <test-method is-config="true" signature="open_homepage()[pri:0, instance:test_layer.Search_Test@7d20d0b]" started-at="2023-10-23T12:53:30 EDT" name="open_homepage" finished-at="2023-10-23T12:53:31 EDT" duration-ms="704" status="PASS">
          <reporter-output>
          </reporter-output>
        </test-method> <!-- open_homepage -->
        <test-method signature="Search_TC101_Pagination_with_Sort_by_Price_Low_to_High_and_Filter_by_Price()[pri:35, instance:test_layer.Search_Test@7d20d0b]" started-at="2023-10-23T12:53:31 EDT" name="Search_TC101_Pagination_with_Sort_by_Price_Low_to_High_and_Filter_by_Price" finished-at="2023-10-23T12:53:53 EDT" duration-ms="22104" status="PASS">
          <reporter-output>
          </reporter-output>
        </test-method> <!-- Search_TC101_Pagination_with_Sort_by_Price_Low_to_High_and_Filter_by_Price -->
        <test-method is-config="true" signature="open_homepage()[pri:0, instance:test_layer.Search_Test@7d20d0b]" started-at="2023-10-23T12:53:53 EDT" name="open_homepage" finished-at="2023-10-23T12:53:54 EDT" duration-ms="1006" status="PASS">
          <reporter-output>
          </reporter-output>
        </test-method> <!-- open_homepage -->
        <test-method signature="Search_TC105_Pagination_with_Sort_by_Price_High_to_Low_and_Filter_by_Customer_Rating()[pri:36, instance:test_layer.Search_Test@7d20d0b]" started-at="2023-10-23T12:53:54 EDT" name="Search_TC105_Pagination_with_Sort_by_Price_High_to_Low_and_Filter_by_Customer_Rating" finished-at="2023-10-23T12:54:15 EDT" duration-ms="21104" status="PASS">
          <reporter-output>
          </reporter-output>
        </test-method> <!-- Search_TC105_Pagination_with_Sort_by_Price_High_to_Low_and_Filter_by_Customer_Rating -->
        <test-method is-config="true" signature="open_homepage()[pri:0, instance:test_layer.Search_Test@7d20d0b]" started-at="2023-10-23T12:54:15 EDT" name="open_homepage" finished-at="2023-10-23T12:54:16 EDT" duration-ms="1535" status="PASS">
          <reporter-output>
          </reporter-output>
        </test-method> <!-- open_homepage -->
        <test-method signature="Search_TC106_Pagination_with_Sort_by_Price_High_to_Low_and_Filter_by_Online_Saving()[pri:37, instance:test_layer.Search_Test@7d20d0b]" started-at="2023-10-23T12:54:16 EDT" name="Search_TC106_Pagination_with_Sort_by_Price_High_to_Low_and_Filter_by_Online_Saving" finished-at="2023-10-23T12:54:36 EDT" duration-ms="19265" status="PASS">
          <reporter-output>
          </reporter-output>
        </test-method> <!-- Search_TC106_Pagination_with_Sort_by_Price_High_to_Low_and_Filter_by_Online_Saving -->
        <test-method is-config="true" signature="open_homepage()[pri:0, instance:test_layer.Search_Test@7d20d0b]" started-at="2023-10-23T12:54:36 EDT" name="open_homepage" finished-at="2023-10-23T12:54:37 EDT" duration-ms="1085" status="PASS">
          <reporter-output>
          </reporter-output>
        </test-method> <!-- open_homepage -->
        <test-method signature="Search_TC108_Pagination_with_Sort_by_Price_High_to_Low_and_Filter_by_Brand()[pri:38, instance:test_layer.Search_Test@7d20d0b]" started-at="2023-10-23T12:54:37 EDT" name="Search_TC108_Pagination_with_Sort_by_Price_High_to_Low_and_Filter_by_Brand" finished-at="2023-10-23T12:54:58 EDT" duration-ms="21297" status="PASS">
          <reporter-output>
          </reporter-output>
        </test-method> <!-- Search_TC108_Pagination_with_Sort_by_Price_High_to_Low_and_Filter_by_Brand -->
        <test-method is-config="true" signature="open_homepage()[pri:0, instance:test_layer.Search_Test@7d20d0b]" started-at="2023-10-23T12:54:58 EDT" name="open_homepage" finished-at="2023-10-23T12:54:59 EDT" duration-ms="700" status="PASS">
          <reporter-output>
          </reporter-output>
        </test-method> <!-- open_homepage -->
        <test-method signature="Search_TC109_Pagination_with_Sort_by_Price_High_to_Low_and_Filter_by_Price()[pri:39, instance:test_layer.Search_Test@7d20d0b]" started-at="2023-10-23T12:54:59 EDT" name="Search_TC109_Pagination_with_Sort_by_Price_High_to_Low_and_Filter_by_Price" finished-at="2023-10-23T12:55:19 EDT" duration-ms="20175" status="PASS">
          <reporter-output>
          </reporter-output>
        </test-method> <!-- Search_TC109_Pagination_with_Sort_by_Price_High_to_Low_and_Filter_by_Price -->
        <test-method is-config="true" signature="open_homepage()[pri:0, instance:test_layer.Search_Test@7d20d0b]" started-at="2023-10-23T12:55:19 EDT" name="open_homepage" finished-at="2023-10-23T12:55:20 EDT" duration-ms="860" status="PASS">
          <reporter-output>
          </reporter-output>
        </test-method> <!-- open_homepage -->
        <test-method signature="Search_TC113_Pagination_with_Sort_by_Avg_Customer_Review_and_Filter_by_Customer_Rating()[pri:40, instance:test_layer.Search_Test@7d20d0b]" started-at="2023-10-23T12:55:20 EDT" name="Search_TC113_Pagination_with_Sort_by_Avg_Customer_Review_and_Filter_by_Customer_Rating" finished-at="2023-10-23T12:55:33 EDT" duration-ms="13145" status="PASS">
          <reporter-output>
          </reporter-output>
        </test-method> <!-- Search_TC113_Pagination_with_Sort_by_Avg_Customer_Review_and_Filter_by_Customer_Rating -->
        <test-method is-config="true" signature="open_homepage()[pri:0, instance:test_layer.Search_Test@7d20d0b]" started-at="2023-10-23T12:55:33 EDT" name="open_homepage" finished-at="2023-10-23T12:55:34 EDT" duration-ms="748" status="PASS">
          <reporter-output>
          </reporter-output>
        </test-method> <!-- open_homepage -->
        <test-method signature="Search_TC114_Pagination_with_Sort_by_Avg_Customer_Review_and_Filter_by_Online_Saving()[pri:41, instance:test_layer.Search_Test@7d20d0b]" started-at="2023-10-23T12:55:34 EDT" name="Search_TC114_Pagination_with_Sort_by_Avg_Customer_Review_and_Filter_by_Online_Saving" finished-at="2023-10-23T12:55:47 EDT" duration-ms="12766" status="PASS">
          <reporter-output>
          </reporter-output>
        </test-method> <!-- Search_TC114_Pagination_with_Sort_by_Avg_Customer_Review_and_Filter_by_Online_Saving -->
        <test-method is-config="true" signature="open_homepage()[pri:0, instance:test_layer.Search_Test@7d20d0b]" started-at="2023-10-23T12:55:47 EDT" name="open_homepage" finished-at="2023-10-23T12:55:47 EDT" duration-ms="729" status="PASS">
          <reporter-output>
          </reporter-output>
        </test-method> <!-- open_homepage -->
        <test-method signature="Search_TC116_Pagination_with_Sort_by_Avg_Customer_Review_and_Filter_by_Brand()[pri:42, instance:test_layer.Search_Test@7d20d0b]" started-at="2023-10-23T12:55:47 EDT" name="Search_TC116_Pagination_with_Sort_by_Avg_Customer_Review_and_Filter_by_Brand" finished-at="2023-10-23T12:56:07 EDT" duration-ms="20115" status="PASS">
          <reporter-output>
          </reporter-output>
        </test-method> <!-- Search_TC116_Pagination_with_Sort_by_Avg_Customer_Review_and_Filter_by_Brand -->
        <test-method is-config="true" signature="open_homepage()[pri:0, instance:test_layer.Search_Test@7d20d0b]" started-at="2023-10-23T12:56:07 EDT" name="open_homepage" finished-at="2023-10-23T12:56:08 EDT" duration-ms="685" status="PASS">
          <reporter-output>
          </reporter-output>
        </test-method> <!-- open_homepage -->
        <test-method signature="Search_TC117_Pagination_with_Sort_by_Avg_Customer_Review_and_Filter_by_Price()[pri:43, instance:test_layer.Search_Test@7d20d0b]" started-at="2023-10-23T12:56:08 EDT" name="Search_TC117_Pagination_with_Sort_by_Avg_Customer_Review_and_Filter_by_Price" finished-at="2023-10-23T12:56:23 EDT" duration-ms="14884" status="PASS">
          <reporter-output>
          </reporter-output>
        </test-method> <!-- Search_TC117_Pagination_with_Sort_by_Avg_Customer_Review_and_Filter_by_Price -->
        <test-method is-config="true" signature="open_homepage()[pri:0, instance:test_layer.Search_Test@7d20d0b]" started-at="2023-10-23T12:56:23 EDT" name="open_homepage" finished-at="2023-10-23T12:56:24 EDT" duration-ms="832" status="PASS">
          <reporter-output>
          </reporter-output>
        </test-method> <!-- open_homepage -->
        <test-method is-config="true" signature="logout()[pri:0, instance:test_layer.Search_Test@7d20d0b]" started-at="2023-10-23T12:56:24 EDT" name="logout" finished-at="2023-10-23T12:56:26 EDT" duration-ms="2166" status="PASS">
          <reporter-output>
          </reporter-output>
        </test-method> <!-- logout -->
        <test-method is-config="true" signature="close()[pri:0, instance:test_layer.Search_Test@7d20d0b]" started-at="2023-10-23T12:56:26 EDT" name="close" finished-at="2023-10-23T12:56:39 EDT" duration-ms="13256" status="PASS">
          <reporter-output>
          </reporter-output>
        </test-method> <!-- close -->
      </class> <!-- test_layer.Search_Test -->
    </test> <!-- Search_Module -->
    <test started-at="2023-10-23T12:56:39 EDT" name="Shopping_Cart_Module" finished-at="2023-10-23T13:04:40 EDT" duration-ms="480689">
      <class name="test_layer.ShoppingCart_Test">
        <test-method is-config="true" signature="start()[pri:0, instance:test_layer.ShoppingCart_Test@7c9d8e2]" started-at="2023-10-23T12:56:39 EDT" name="start" finished-at="2023-10-23T12:56:45 EDT" duration-ms="5880" status="PASS">
          <reporter-output>
          </reporter-output>
        </test-method> <!-- start -->
        <test-method is-config="true" signature="login()[pri:0, instance:test_layer.ShoppingCart_Test@7c9d8e2]" started-at="2023-10-23T12:56:45 EDT" name="login" finished-at="2023-10-23T12:56:49 EDT" duration-ms="3740" status="PASS">
          <reporter-output>
          </reporter-output>
        </test-method> <!-- login -->
        <test-method signature="Shopping_Cart_TC1_Add_item_to_cart_AND_TC7_Click_on_item_in_cart()[pri:1, instance:test_layer.ShoppingCart_Test@7c9d8e2]" started-at="2023-10-23T12:56:49 EDT" name="Shopping_Cart_TC1_Add_item_to_cart_AND_TC7_Click_on_item_in_cart" finished-at="2023-10-23T12:57:41 EDT" duration-ms="52373" status="PASS">
          <reporter-output>
          </reporter-output>
        </test-method> <!-- Shopping_Cart_TC1_Add_item_to_cart_AND_TC7_Click_on_item_in_cart -->
        <test-method is-config="true" signature="open_homepage()[pri:0, instance:test_layer.ShoppingCart_Test@7c9d8e2]" started-at="2023-10-23T12:57:41 EDT" name="open_homepage" finished-at="2023-10-23T12:57:48 EDT" duration-ms="7174" status="PASS">
          <reporter-output>
          </reporter-output>
        </test-method> <!-- open_homepage -->
        <test-method signature="Shopping_Cart_TC2_increase_quantity()[pri:2, instance:test_layer.ShoppingCart_Test@7c9d8e2]" started-at="2023-10-23T12:57:48 EDT" name="Shopping_Cart_TC2_increase_quantity" finished-at="2023-10-23T12:58:50 EDT" duration-ms="61617" status="PASS">
          <reporter-output>
          </reporter-output>
        </test-method> <!-- Shopping_Cart_TC2_increase_quantity -->
        <test-method is-config="true" signature="open_homepage()[pri:0, instance:test_layer.ShoppingCart_Test@7c9d8e2]" started-at="2023-10-23T12:58:50 EDT" name="open_homepage" finished-at="2023-10-23T12:58:57 EDT" duration-ms="7218" status="PASS">
          <reporter-output>
          </reporter-output>
        </test-method> <!-- open_homepage -->
        <test-method signature="Shopping_Cart_TC3_add_same_item_multiple_times()[pri:3, instance:test_layer.ShoppingCart_Test@7c9d8e2]" started-at="2023-10-23T12:58:57 EDT" name="Shopping_Cart_TC3_add_same_item_multiple_times" finished-at="2023-10-23T12:59:51 EDT" duration-ms="53691" status="PASS">
          <reporter-output>
          </reporter-output>
        </test-method> <!-- Shopping_Cart_TC3_add_same_item_multiple_times -->
        <test-method is-config="true" signature="open_homepage()[pri:0, instance:test_layer.ShoppingCart_Test@7c9d8e2]" started-at="2023-10-23T12:59:51 EDT" name="open_homepage" finished-at="2023-10-23T12:59:58 EDT" duration-ms="7555" status="PASS">
          <reporter-output>
          </reporter-output>
        </test-method> <!-- open_homepage -->
        <test-method signature="Shopping_Cart_TC4_add_diiferent_type_multiple_times()[pri:4, instance:test_layer.ShoppingCart_Test@7c9d8e2]" started-at="2023-10-23T12:59:58 EDT" name="Shopping_Cart_TC4_add_diiferent_type_multiple_times" finished-at="2023-10-23T13:01:17 EDT" duration-ms="78126" status="PASS">
          <reporter-output>
          </reporter-output>
        </test-method> <!-- Shopping_Cart_TC4_add_diiferent_type_multiple_times -->
        <test-method is-config="true" signature="open_homepage()[pri:0, instance:test_layer.ShoppingCart_Test@7c9d8e2]" started-at="2023-10-23T13:01:17 EDT" name="open_homepage" finished-at="2023-10-23T13:01:26 EDT" duration-ms="9627" status="PASS">
          <reporter-output>
          </reporter-output>
        </test-method> <!-- open_homepage -->
        <test-method signature="Shopping_Cart_TC5_remove_some_items()[pri:5, instance:test_layer.ShoppingCart_Test@7c9d8e2]" started-at="2023-10-23T13:01:26 EDT" name="Shopping_Cart_TC5_remove_some_items" finished-at="2023-10-23T13:02:47 EDT" duration-ms="80737" status="PASS">
          <reporter-output>
          </reporter-output>
        </test-method> <!-- Shopping_Cart_TC5_remove_some_items -->
        <test-method is-config="true" signature="open_homepage()[pri:0, instance:test_layer.ShoppingCart_Test@7c9d8e2]" started-at="2023-10-23T13:02:47 EDT" name="open_homepage" finished-at="2023-10-23T13:02:54 EDT" duration-ms="7301" status="PASS">
          <reporter-output>
          </reporter-output>
        </test-method> <!-- open_homepage -->
        <test-method signature="Shopping_Cart_TC6_remove_all_items()[pri:6, instance:test_layer.ShoppingCart_Test@7c9d8e2]" started-at="2023-10-23T13:02:54 EDT" name="Shopping_Cart_TC6_remove_all_items" finished-at="2023-10-23T13:04:29 EDT" duration-ms="94637" status="PASS">
          <reporter-output>
          </reporter-output>
        </test-method> <!-- Shopping_Cart_TC6_remove_all_items -->
        <test-method is-config="true" signature="open_homepage()[pri:0, instance:test_layer.ShoppingCart_Test@7c9d8e2]" started-at="2023-10-23T13:04:29 EDT" name="open_homepage" finished-at="2023-10-23T13:04:34 EDT" duration-ms="4838" status="PASS">
          <reporter-output>
          </reporter-output>
        </test-method> <!-- open_homepage -->
        <test-method is-config="true" signature="logout()[pri:0, instance:test_layer.ShoppingCart_Test@7c9d8e2]" started-at="2023-10-23T13:04:34 EDT" name="logout" finished-at="2023-10-23T13:04:36 EDT" duration-ms="2242" status="PASS">
          <reporter-output>
          </reporter-output>
        </test-method> <!-- logout -->
        <test-method is-config="true" signature="close()[pri:0, instance:test_layer.ShoppingCart_Test@7c9d8e2]" started-at="2023-10-23T13:04:36 EDT" name="close" finished-at="2023-10-23T13:04:40 EDT" duration-ms="3915" status="PASS">
          <reporter-output>
          </reporter-output>
        </test-method> <!-- close -->
      </class> <!-- test_layer.ShoppingCart_Test -->
    </test> <!-- Shopping_Cart_Module -->
    <test started-at="2023-10-23T13:04:40 EDT" name="Addresses_Module" finished-at="2023-10-23T13:07:10 EDT" duration-ms="149607">
      <class name="test_layer.Addresses_Test">
        <test-method is-config="true" signature="start()[pri:0, instance:test_layer.Addresses_Test@8c3b9d]" started-at="2023-10-23T13:04:40 EDT" name="start" finished-at="2023-10-23T13:04:45 EDT" duration-ms="5146" status="PASS">
          <reporter-output>
          </reporter-output>
        </test-method> <!-- start -->
        <test-method is-config="true" signature="login()[pri:0, instance:test_layer.Addresses_Test@8c3b9d]" started-at="2023-10-23T13:04:45 EDT" name="login" finished-at="2023-10-23T13:04:48 EDT" duration-ms="2893" status="PASS">
          <reporter-output>
          </reporter-output>
        </test-method> <!-- login -->
        <test-method is-config="true" signature="Go_To_Addresses()[pri:0, instance:test_layer.Addresses_Test@8c3b9d]" started-at="2023-10-23T13:04:48 EDT" name="Go_To_Addresses" finished-at="2023-10-23T13:04:49 EDT" duration-ms="1261" status="PASS">
          <reporter-output>
          </reporter-output>
        </test-method> <!-- Go_To_Addresses -->
        <test-method signature="Address_TC1_Click_Your_Addresses()[pri:1, instance:test_layer.Addresses_Test@8c3b9d]" started-at="2023-10-23T13:04:49 EDT" name="Address_TC1_Click_Your_Addresses" finished-at="2023-10-23T13:04:49 EDT" duration-ms="123" status="PASS">
          <reporter-output>
          </reporter-output>
        </test-method> <!-- Address_TC1_Click_Your_Addresses -->
        <test-method is-config="true" signature="Go_To_Addresses()[pri:0, instance:test_layer.Addresses_Test@8c3b9d]" started-at="2023-10-23T13:04:49 EDT" name="Go_To_Addresses" finished-at="2023-10-23T13:04:50 EDT" duration-ms="888" status="PASS">
          <reporter-output>
          </reporter-output>
        </test-method> <!-- Go_To_Addresses -->
        <test-method signature="Address_TC2_Click_Add_Address()[pri:2, instance:test_layer.Addresses_Test@8c3b9d]" started-at="2023-10-23T13:04:50 EDT" name="Address_TC2_Click_Add_Address" finished-at="2023-10-23T13:04:51 EDT" duration-ms="501" status="PASS">
          <reporter-output>
          </reporter-output>
        </test-method> <!-- Address_TC2_Click_Add_Address -->
        <test-method is-config="true" signature="Go_To_Addresses()[pri:0, instance:test_layer.Addresses_Test@8c3b9d]" started-at="2023-10-23T13:04:51 EDT" name="Go_To_Addresses" finished-at="2023-10-23T13:04:52 EDT" duration-ms="825" status="PASS">
          <reporter-output>
          </reporter-output>
        </test-method> <!-- Go_To_Addresses -->
        <test-method signature="Address_TC3_Check_Country()[pri:3, instance:test_layer.Addresses_Test@8c3b9d]" started-at="2023-10-23T13:04:52 EDT" name="Address_TC3_Check_Country" finished-at="2023-10-23T13:04:52 EDT" duration-ms="571" status="PASS">
          <reporter-output>
          </reporter-output>
        </test-method> <!-- Address_TC3_Check_Country -->
        <test-method is-config="true" signature="Go_To_Addresses()[pri:0, instance:test_layer.Addresses_Test@8c3b9d]" started-at="2023-10-23T13:04:52 EDT" name="Go_To_Addresses" finished-at="2023-10-23T13:04:53 EDT" duration-ms="809" status="PASS">
          <reporter-output>
          </reporter-output>
        </test-method> <!-- Go_To_Addresses -->
        <test-method signature="Address_TC4_Blank_full_name()[pri:4, instance:test_layer.Addresses_Test@8c3b9d]" started-at="2023-10-23T13:04:53 EDT" name="Address_TC4_Blank_full_name" finished-at="2023-10-23T13:04:58 EDT" duration-ms="4986" status="FAIL">
          <exception class="java.lang.AssertionError">
            <message>
              <![CDATA[expected [true] but found [false]]]>
            </message>
            <full-stacktrace>
              <![CDATA[java.lang.AssertionError: expected [true] but found [false]
at org.testng.Assert.fail(Assert.java:111)
at org.testng.Assert.failNotEquals(Assert.java:1578)
at org.testng.Assert.assertEqualsImpl(Assert.java:150)
at org.testng.Assert.assertEquals(Assert.java:132)
at org.testng.Assert.assertEquals(Assert.java:1067)
at org.testng.Assert.assertEquals(Assert.java:1031)
at org.testng.Assert.assertEquals(Assert.java:1077)
at test_layer.Addresses_Test.Address_TC4_Blank_full_name(Addresses_Test.java:72)
at java.base/jdk.internal.reflect.DirectMethodHandleAccessor.invoke(DirectMethodHandleAccessor.java:104)
at java.base/java.lang.reflect.Method.invoke(Method.java:578)
at org.testng.internal.invokers.MethodInvocationHelper.invokeMethod(MethodInvocationHelper.java:139)
at org.testng.internal.invokers.TestInvoker.invokeMethod(TestInvoker.java:664)
at org.testng.internal.invokers.TestInvoker.invokeTestMethod(TestInvoker.java:227)
at org.testng.internal.invokers.MethodRunner.runInSequence(MethodRunner.java:50)
at org.testng.internal.invokers.TestInvoker$MethodInvocationAgent.invoke(TestInvoker.java:957)
at org.testng.internal.invokers.TestInvoker.invokeTestMethods(TestInvoker.java:200)
at org.testng.internal.invokers.TestMethodWorker.invokeTestMethods(TestMethodWorker.java:148)
at org.testng.internal.invokers.TestMethodWorker.run(TestMethodWorker.java:128)
at java.base/java.util.ArrayList.forEach(ArrayList.java:1511)
at org.testng.TestRunner.privateRun(TestRunner.java:848)
at org.testng.TestRunner.run(TestRunner.java:621)
at org.testng.SuiteRunner.runTest(SuiteRunner.java:443)
at org.testng.SuiteRunner.runSequentially(SuiteRunner.java:437)
at org.testng.SuiteRunner.privateRun(SuiteRunner.java:397)
at org.testng.SuiteRunner.run(SuiteRunner.java:336)
at org.testng.SuiteRunnerWorker.runSuite(SuiteRunnerWorker.java:52)
at org.testng.SuiteRunnerWorker.run(SuiteRunnerWorker.java:95)
at org.testng.TestNG.runSuitesSequentially(TestNG.java:1280)
at org.testng.TestNG.runSuitesLocally(TestNG.java:1200)
at org.testng.TestNG.runSuites(TestNG.java:1114)
at org.testng.TestNG.run(TestNG.java:1082)
at org.testng.remote.AbstractRemoteTestNG.run(AbstractRemoteTestNG.java:115)
at org.testng.remote.RemoteTestNG.initAndRun(RemoteTestNG.java:251)
at org.testng.remote.RemoteTestNG.main(RemoteTestNG.java:77)
]]>
            </full-stacktrace>
          </exception> <!-- java.lang.AssertionError -->
          <reporter-output>
          </reporter-output>
        </test-method> <!-- Address_TC4_Blank_full_name -->
        <test-method is-config="true" signature="Go_To_Addresses()[pri:0, instance:test_layer.Addresses_Test@8c3b9d]" started-at="2023-10-23T13:04:58 EDT" name="Go_To_Addresses" finished-at="2023-10-23T13:04:59 EDT" duration-ms="985" status="PASS">
          <reporter-output>
          </reporter-output>
        </test-method> <!-- Go_To_Addresses -->
        <test-method signature="Address_TC5_Valid_full_name()[pri:5, instance:test_layer.Addresses_Test@8c3b9d]" started-at="2023-10-23T13:04:59 EDT" name="Address_TC5_Valid_full_name" finished-at="2023-10-23T13:05:04 EDT" duration-ms="4658" status="PASS">
          <reporter-output>
          </reporter-output>
        </test-method> <!-- Address_TC5_Valid_full_name -->
        <test-method is-config="true" signature="Go_To_Addresses()[pri:0, instance:test_layer.Addresses_Test@8c3b9d]" started-at="2023-10-23T13:05:05 EDT" name="Go_To_Addresses" finished-at="2023-10-23T13:05:05 EDT" duration-ms="923" status="PASS">
          <reporter-output>
          </reporter-output>
        </test-method> <!-- Go_To_Addresses -->
        <test-method signature="Address_TC6_TC7_TC8_TC9_Invalid_Phone_Number(java.lang.String,java.lang.String,java.lang.String)[pri:6, instance:test_layer.Addresses_Test@8c3b9d]" started-at="2023-10-23T13:05:05 EDT" name="Address_TC6_TC7_TC8_TC9_Invalid_Phone_Number" data-provider="getdata" finished-at="2023-10-23T13:05:10 EDT" duration-ms="4711" status="FAIL">
          <params>
            <param index="0">
              <value>
                <![CDATA[Jeevan]]>
              </value>
            </param>
            <param index="1">
              <value>
                <![CDATA[]]>
              </value>
            </param>
            <param index="2">
              <value>
                <![CDATA[]]>
              </value>
            </param>
          </params>
          <exception class="java.lang.AssertionError">
            <message>
              <![CDATA[expected [true] but found [false]]]>
            </message>
            <full-stacktrace>
              <![CDATA[java.lang.AssertionError: expected [true] but found [false]
at org.testng.Assert.fail(Assert.java:111)
at org.testng.Assert.failNotEquals(Assert.java:1578)
at org.testng.Assert.assertEqualsImpl(Assert.java:150)
at org.testng.Assert.assertEquals(Assert.java:132)
at org.testng.Assert.assertEquals(Assert.java:1067)
at org.testng.Assert.assertEquals(Assert.java:1031)
at org.testng.Assert.assertEquals(Assert.java:1077)
at test_layer.Addresses_Test.Address_TC6_TC7_TC8_TC9_Invalid_Phone_Number(Addresses_Test.java:96)
at java.base/jdk.internal.reflect.DirectMethodHandleAccessor.invoke(DirectMethodHandleAccessor.java:104)
at java.base/java.lang.reflect.Method.invoke(Method.java:578)
at org.testng.internal.invokers.MethodInvocationHelper.invokeMethod(MethodInvocationHelper.java:139)
at org.testng.internal.invokers.TestInvoker.invokeMethod(TestInvoker.java:664)
at org.testng.internal.invokers.TestInvoker.invokeTestMethod(TestInvoker.java:227)
at org.testng.internal.invokers.MethodRunner.runInSequence(MethodRunner.java:50)
at org.testng.internal.invokers.TestInvoker$MethodInvocationAgent.invoke(TestInvoker.java:957)
at org.testng.internal.invokers.TestInvoker.invokeTestMethods(TestInvoker.java:200)
at org.testng.internal.invokers.TestMethodWorker.invokeTestMethods(TestMethodWorker.java:148)
at org.testng.internal.invokers.TestMethodWorker.run(TestMethodWorker.java:128)
at java.base/java.util.ArrayList.forEach(ArrayList.java:1511)
at org.testng.TestRunner.privateRun(TestRunner.java:848)
at org.testng.TestRunner.run(TestRunner.java:621)
at org.testng.SuiteRunner.runTest(SuiteRunner.java:443)
at org.testng.SuiteRunner.runSequentially(SuiteRunner.java:437)
at org.testng.SuiteRunner.privateRun(SuiteRunner.java:397)
at org.testng.SuiteRunner.run(SuiteRunner.java:336)
at org.testng.SuiteRunnerWorker.runSuite(SuiteRunnerWorker.java:52)
at org.testng.SuiteRunnerWorker.run(SuiteRunnerWorker.java:95)
at org.testng.TestNG.runSuitesSequentially(TestNG.java:1280)
at org.testng.TestNG.runSuitesLocally(TestNG.java:1200)
at org.testng.TestNG.runSuites(TestNG.java:1114)
at org.testng.TestNG.run(TestNG.java:1082)
at org.testng.remote.AbstractRemoteTestNG.run(AbstractRemoteTestNG.java:115)
at org.testng.remote.RemoteTestNG.initAndRun(RemoteTestNG.java:251)
at org.testng.remote.RemoteTestNG.main(RemoteTestNG.java:77)
]]>
            </full-stacktrace>
          </exception> <!-- java.lang.AssertionError -->
          <reporter-output>
          </reporter-output>
        </test-method> <!-- Address_TC6_TC7_TC8_TC9_Invalid_Phone_Number -->
        <test-method is-config="true" signature="Go_To_Addresses()[pri:0, instance:test_layer.Addresses_Test@8c3b9d]" started-at="2023-10-23T13:05:10 EDT" name="Go_To_Addresses" finished-at="2023-10-23T13:05:11 EDT" duration-ms="879" status="PASS">
          <reporter-output>
          </reporter-output>
        </test-method> <!-- Go_To_Addresses -->
        <test-method signature="Address_TC6_TC7_TC8_TC9_Invalid_Phone_Number(java.lang.String,java.lang.String,java.lang.String)[pri:6, instance:test_layer.Addresses_Test@8c3b9d]" started-at="2023-10-23T13:05:11 EDT" name="Address_TC6_TC7_TC8_TC9_Invalid_Phone_Number" data-provider="getdata" finished-at="2023-10-23T13:05:16 EDT" duration-ms="4867" status="FAIL">
          <params>
            <param index="0">
              <value>
                <![CDATA[Jeevan]]>
              </value>
            </param>
            <param index="1">
              <value>
                <![CDATA[123456]]>
              </value>
            </param>
            <param index="2">
              <value>
                <![CDATA[]]>
              </value>
            </param>
          </params>
          <exception class="java.lang.AssertionError">
            <message>
              <![CDATA[expected [true] but found [false]]]>
            </message>
            <full-stacktrace>
              <![CDATA[java.lang.AssertionError: expected [true] but found [false]
at org.testng.Assert.fail(Assert.java:111)
at org.testng.Assert.failNotEquals(Assert.java:1578)
at org.testng.Assert.assertEqualsImpl(Assert.java:150)
at org.testng.Assert.assertEquals(Assert.java:132)
at org.testng.Assert.assertEquals(Assert.java:1067)
at org.testng.Assert.assertEquals(Assert.java:1031)
at org.testng.Assert.assertEquals(Assert.java:1077)
at test_layer.Addresses_Test.Address_TC6_TC7_TC8_TC9_Invalid_Phone_Number(Addresses_Test.java:96)
at java.base/jdk.internal.reflect.DirectMethodHandleAccessor.invoke(DirectMethodHandleAccessor.java:104)
at java.base/java.lang.reflect.Method.invoke(Method.java:578)
at org.testng.internal.invokers.MethodInvocationHelper.invokeMethod(MethodInvocationHelper.java:139)
at org.testng.internal.invokers.TestInvoker.invokeMethod(TestInvoker.java:664)
at org.testng.internal.invokers.TestInvoker.invokeTestMethod(TestInvoker.java:227)
at org.testng.internal.invokers.MethodRunner.runInSequence(MethodRunner.java:50)
at org.testng.internal.invokers.TestInvoker$MethodInvocationAgent.invoke(TestInvoker.java:957)
at org.testng.internal.invokers.TestInvoker.invokeTestMethods(TestInvoker.java:200)
at org.testng.internal.invokers.TestMethodWorker.invokeTestMethods(TestMethodWorker.java:148)
at org.testng.internal.invokers.TestMethodWorker.run(TestMethodWorker.java:128)
at java.base/java.util.ArrayList.forEach(ArrayList.java:1511)
at org.testng.TestRunner.privateRun(TestRunner.java:848)
at org.testng.TestRunner.run(TestRunner.java:621)
at org.testng.SuiteRunner.runTest(SuiteRunner.java:443)
at org.testng.SuiteRunner.runSequentially(SuiteRunner.java:437)
at org.testng.SuiteRunner.privateRun(SuiteRunner.java:397)
at org.testng.SuiteRunner.run(SuiteRunner.java:336)
at org.testng.SuiteRunnerWorker.runSuite(SuiteRunnerWorker.java:52)
at org.testng.SuiteRunnerWorker.run(SuiteRunnerWorker.java:95)
at org.testng.TestNG.runSuitesSequentially(TestNG.java:1280)
at org.testng.TestNG.runSuitesLocally(TestNG.java:1200)
at org.testng.TestNG.runSuites(TestNG.java:1114)
at org.testng.TestNG.run(TestNG.java:1082)
at org.testng.remote.AbstractRemoteTestNG.run(AbstractRemoteTestNG.java:115)
at org.testng.remote.RemoteTestNG.initAndRun(RemoteTestNG.java:251)
at org.testng.remote.RemoteTestNG.main(RemoteTestNG.java:77)
]]>
            </full-stacktrace>
          </exception> <!-- java.lang.AssertionError -->
          <reporter-output>
          </reporter-output>
        </test-method> <!-- Address_TC6_TC7_TC8_TC9_Invalid_Phone_Number -->
        <test-method is-config="true" signature="Go_To_Addresses()[pri:0, instance:test_layer.Addresses_Test@8c3b9d]" started-at="2023-10-23T13:05:16 EDT" name="Go_To_Addresses" finished-at="2023-10-23T13:05:17 EDT" duration-ms="1169" status="PASS">
          <reporter-output>
          </reporter-output>
        </test-method> <!-- Go_To_Addresses -->
        <test-method signature="Address_TC6_TC7_TC8_TC9_Invalid_Phone_Number(java.lang.String,java.lang.String,java.lang.String)[pri:6, instance:test_layer.Addresses_Test@8c3b9d]" started-at="2023-10-23T13:05:17 EDT" name="Address_TC6_TC7_TC8_TC9_Invalid_Phone_Number" data-provider="getdata" finished-at="2023-10-23T13:05:22 EDT" duration-ms="5185" status="FAIL">
          <params>
            <param index="0">
              <value>
                <![CDATA[Jeevan]]>
              </value>
            </param>
            <param index="1">
              <value>
                <![CDATA[123456123456]]>
              </value>
            </param>
            <param index="2">
              <value>
                <![CDATA[]]>
              </value>
            </param>
          </params>
          <exception class="java.lang.AssertionError">
            <message>
              <![CDATA[expected [true] but found [false]]]>
            </message>
            <full-stacktrace>
              <![CDATA[java.lang.AssertionError: expected [true] but found [false]
at org.testng.Assert.fail(Assert.java:111)
at org.testng.Assert.failNotEquals(Assert.java:1578)
at org.testng.Assert.assertEqualsImpl(Assert.java:150)
at org.testng.Assert.assertEquals(Assert.java:132)
at org.testng.Assert.assertEquals(Assert.java:1067)
at org.testng.Assert.assertEquals(Assert.java:1031)
at org.testng.Assert.assertEquals(Assert.java:1077)
at test_layer.Addresses_Test.Address_TC6_TC7_TC8_TC9_Invalid_Phone_Number(Addresses_Test.java:96)
at java.base/jdk.internal.reflect.DirectMethodHandleAccessor.invoke(DirectMethodHandleAccessor.java:104)
at java.base/java.lang.reflect.Method.invoke(Method.java:578)
at org.testng.internal.invokers.MethodInvocationHelper.invokeMethod(MethodInvocationHelper.java:139)
at org.testng.internal.invokers.TestInvoker.invokeMethod(TestInvoker.java:664)
at org.testng.internal.invokers.TestInvoker.invokeTestMethod(TestInvoker.java:227)
at org.testng.internal.invokers.MethodRunner.runInSequence(MethodRunner.java:50)
at org.testng.internal.invokers.TestInvoker$MethodInvocationAgent.invoke(TestInvoker.java:957)
at org.testng.internal.invokers.TestInvoker.invokeTestMethods(TestInvoker.java:200)
at org.testng.internal.invokers.TestMethodWorker.invokeTestMethods(TestMethodWorker.java:148)
at org.testng.internal.invokers.TestMethodWorker.run(TestMethodWorker.java:128)
at java.base/java.util.ArrayList.forEach(ArrayList.java:1511)
at org.testng.TestRunner.privateRun(TestRunner.java:848)
at org.testng.TestRunner.run(TestRunner.java:621)
at org.testng.SuiteRunner.runTest(SuiteRunner.java:443)
at org.testng.SuiteRunner.runSequentially(SuiteRunner.java:437)
at org.testng.SuiteRunner.privateRun(SuiteRunner.java:397)
at org.testng.SuiteRunner.run(SuiteRunner.java:336)
at org.testng.SuiteRunnerWorker.runSuite(SuiteRunnerWorker.java:52)
at org.testng.SuiteRunnerWorker.run(SuiteRunnerWorker.java:95)
at org.testng.TestNG.runSuitesSequentially(TestNG.java:1280)
at org.testng.TestNG.runSuitesLocally(TestNG.java:1200)
at org.testng.TestNG.runSuites(TestNG.java:1114)
at org.testng.TestNG.run(TestNG.java:1082)
at org.testng.remote.AbstractRemoteTestNG.run(AbstractRemoteTestNG.java:115)
at org.testng.remote.RemoteTestNG.initAndRun(RemoteTestNG.java:251)
at org.testng.remote.RemoteTestNG.main(RemoteTestNG.java:77)
]]>
            </full-stacktrace>
          </exception> <!-- java.lang.AssertionError -->
          <reporter-output>
          </reporter-output>
        </test-method> <!-- Address_TC6_TC7_TC8_TC9_Invalid_Phone_Number -->
        <test-method is-config="true" signature="Go_To_Addresses()[pri:0, instance:test_layer.Addresses_Test@8c3b9d]" started-at="2023-10-23T13:05:22 EDT" name="Go_To_Addresses" finished-at="2023-10-23T13:05:23 EDT" duration-ms="1151" status="PASS">
          <reporter-output>
          </reporter-output>
        </test-method> <!-- Go_To_Addresses -->
        <test-method signature="Address_TC6_TC7_TC8_TC9_Invalid_Phone_Number(java.lang.String,java.lang.String,java.lang.String)[pri:6, instance:test_layer.Addresses_Test@8c3b9d]" started-at="2023-10-23T13:05:23 EDT" name="Address_TC6_TC7_TC8_TC9_Invalid_Phone_Number" data-provider="getdata" finished-at="2023-10-23T13:05:29 EDT" duration-ms="5122" status="FAIL">
          <params>
            <param index="0">
              <value>
                <![CDATA[Jeevan]]>
              </value>
            </param>
            <param index="1">
              <value>
                <![CDATA[A1234B1234]]>
              </value>
            </param>
            <param index="2">
              <value>
                <![CDATA[]]>
              </value>
            </param>
          </params>
          <exception class="java.lang.AssertionError">
            <message>
              <![CDATA[expected [true] but found [false]]]>
            </message>
            <full-stacktrace>
              <![CDATA[java.lang.AssertionError: expected [true] but found [false]
at org.testng.Assert.fail(Assert.java:111)
at org.testng.Assert.failNotEquals(Assert.java:1578)
at org.testng.Assert.assertEqualsImpl(Assert.java:150)
at org.testng.Assert.assertEquals(Assert.java:132)
at org.testng.Assert.assertEquals(Assert.java:1067)
at org.testng.Assert.assertEquals(Assert.java:1031)
at org.testng.Assert.assertEquals(Assert.java:1077)
at test_layer.Addresses_Test.Address_TC6_TC7_TC8_TC9_Invalid_Phone_Number(Addresses_Test.java:96)
at java.base/jdk.internal.reflect.DirectMethodHandleAccessor.invoke(DirectMethodHandleAccessor.java:104)
at java.base/java.lang.reflect.Method.invoke(Method.java:578)
at org.testng.internal.invokers.MethodInvocationHelper.invokeMethod(MethodInvocationHelper.java:139)
at org.testng.internal.invokers.TestInvoker.invokeMethod(TestInvoker.java:664)
at org.testng.internal.invokers.TestInvoker.invokeTestMethod(TestInvoker.java:227)
at org.testng.internal.invokers.MethodRunner.runInSequence(MethodRunner.java:50)
at org.testng.internal.invokers.TestInvoker$MethodInvocationAgent.invoke(TestInvoker.java:957)
at org.testng.internal.invokers.TestInvoker.invokeTestMethods(TestInvoker.java:200)
at org.testng.internal.invokers.TestMethodWorker.invokeTestMethods(TestMethodWorker.java:148)
at org.testng.internal.invokers.TestMethodWorker.run(TestMethodWorker.java:128)
at java.base/java.util.ArrayList.forEach(ArrayList.java:1511)
at org.testng.TestRunner.privateRun(TestRunner.java:848)
at org.testng.TestRunner.run(TestRunner.java:621)
at org.testng.SuiteRunner.runTest(SuiteRunner.java:443)
at org.testng.SuiteRunner.runSequentially(SuiteRunner.java:437)
at org.testng.SuiteRunner.privateRun(SuiteRunner.java:397)
at org.testng.SuiteRunner.run(SuiteRunner.java:336)
at org.testng.SuiteRunnerWorker.runSuite(SuiteRunnerWorker.java:52)
at org.testng.SuiteRunnerWorker.run(SuiteRunnerWorker.java:95)
at org.testng.TestNG.runSuitesSequentially(TestNG.java:1280)
at org.testng.TestNG.runSuitesLocally(TestNG.java:1200)
at org.testng.TestNG.runSuites(TestNG.java:1114)
at org.testng.TestNG.run(TestNG.java:1082)
at org.testng.remote.AbstractRemoteTestNG.run(AbstractRemoteTestNG.java:115)
at org.testng.remote.RemoteTestNG.initAndRun(RemoteTestNG.java:251)
at org.testng.remote.RemoteTestNG.main(RemoteTestNG.java:77)
]]>
            </full-stacktrace>
          </exception> <!-- java.lang.AssertionError -->
          <reporter-output>
          </reporter-output>
        </test-method> <!-- Address_TC6_TC7_TC8_TC9_Invalid_Phone_Number -->
        <test-method is-config="true" signature="Go_To_Addresses()[pri:0, instance:test_layer.Addresses_Test@8c3b9d]" started-at="2023-10-23T13:05:29 EDT" name="Go_To_Addresses" finished-at="2023-10-23T13:05:29 EDT" duration-ms="782" status="PASS">
          <reporter-output>
          </reporter-output>
        </test-method> <!-- Go_To_Addresses -->
        <test-method signature="Address_TC10_Valid_Phone_Number()[pri:7, instance:test_layer.Addresses_Test@8c3b9d]" started-at="2023-10-23T13:05:29 EDT" name="Address_TC10_Valid_Phone_Number" finished-at="2023-10-23T13:05:34 EDT" duration-ms="4679" status="PASS">
          <reporter-output>
          </reporter-output>
        </test-method> <!-- Address_TC10_Valid_Phone_Number -->
        <test-method is-config="true" signature="Go_To_Addresses()[pri:0, instance:test_layer.Addresses_Test@8c3b9d]" started-at="2023-10-23T13:05:34 EDT" name="Go_To_Addresses" finished-at="2023-10-23T13:05:35 EDT" duration-ms="823" status="PASS">
          <reporter-output>
          </reporter-output>
        </test-method> <!-- Go_To_Addresses -->
        <test-method signature="Address_TC11_Blank_Address()[pri:8, instance:test_layer.Addresses_Test@8c3b9d]" started-at="2023-10-23T13:05:35 EDT" name="Address_TC11_Blank_Address" finished-at="2023-10-23T13:05:50 EDT" duration-ms="15592" status="FAIL">
          <exception class="java.lang.AssertionError">
            <message>
              <![CDATA[expected [true] but found [false]]]>
            </message>
            <full-stacktrace>
              <![CDATA[java.lang.AssertionError: expected [true] but found [false]
at org.testng.Assert.fail(Assert.java:111)
at org.testng.Assert.failNotEquals(Assert.java:1578)
at org.testng.Assert.assertEqualsImpl(Assert.java:150)
at org.testng.Assert.assertEquals(Assert.java:132)
at org.testng.Assert.assertEquals(Assert.java:1067)
at org.testng.Assert.assertEquals(Assert.java:1031)
at org.testng.Assert.assertEquals(Assert.java:1077)
at test_layer.Addresses_Test.Address_TC11_Blank_Address(Addresses_Test.java:117)
at java.base/jdk.internal.reflect.DirectMethodHandleAccessor.invoke(DirectMethodHandleAccessor.java:104)
at java.base/java.lang.reflect.Method.invoke(Method.java:578)
at org.testng.internal.invokers.MethodInvocationHelper.invokeMethod(MethodInvocationHelper.java:139)
at org.testng.internal.invokers.TestInvoker.invokeMethod(TestInvoker.java:664)
at org.testng.internal.invokers.TestInvoker.invokeTestMethod(TestInvoker.java:227)
at org.testng.internal.invokers.MethodRunner.runInSequence(MethodRunner.java:50)
at org.testng.internal.invokers.TestInvoker$MethodInvocationAgent.invoke(TestInvoker.java:957)
at org.testng.internal.invokers.TestInvoker.invokeTestMethods(TestInvoker.java:200)
at org.testng.internal.invokers.TestMethodWorker.invokeTestMethods(TestMethodWorker.java:148)
at org.testng.internal.invokers.TestMethodWorker.run(TestMethodWorker.java:128)
at java.base/java.util.ArrayList.forEach(ArrayList.java:1511)
at org.testng.TestRunner.privateRun(TestRunner.java:848)
at org.testng.TestRunner.run(TestRunner.java:621)
at org.testng.SuiteRunner.runTest(SuiteRunner.java:443)
at org.testng.SuiteRunner.runSequentially(SuiteRunner.java:437)
at org.testng.SuiteRunner.privateRun(SuiteRunner.java:397)
at org.testng.SuiteRunner.run(SuiteRunner.java:336)
at org.testng.SuiteRunnerWorker.runSuite(SuiteRunnerWorker.java:52)
at org.testng.SuiteRunnerWorker.run(SuiteRunnerWorker.java:95)
at org.testng.TestNG.runSuitesSequentially(TestNG.java:1280)
at org.testng.TestNG.runSuitesLocally(TestNG.java:1200)
at org.testng.TestNG.runSuites(TestNG.java:1114)
at org.testng.TestNG.run(TestNG.java:1082)
at org.testng.remote.AbstractRemoteTestNG.run(AbstractRemoteTestNG.java:115)
at org.testng.remote.RemoteTestNG.initAndRun(RemoteTestNG.java:251)
at org.testng.remote.RemoteTestNG.main(RemoteTestNG.java:77)
]]>
            </full-stacktrace>
          </exception> <!-- java.lang.AssertionError -->
          <reporter-output>
          </reporter-output>
        </test-method> <!-- Address_TC11_Blank_Address -->
        <test-method is-config="true" signature="Go_To_Addresses()[pri:0, instance:test_layer.Addresses_Test@8c3b9d]" started-at="2023-10-23T13:05:50 EDT" name="Go_To_Addresses" finished-at="2023-10-23T13:05:51 EDT" duration-ms="774" status="PASS">
          <reporter-output>
          </reporter-output>
        </test-method> <!-- Go_To_Addresses -->
        <test-method signature="Address_TC12_Valid_Address()[pri:9, instance:test_layer.Addresses_Test@8c3b9d]" started-at="2023-10-23T13:05:51 EDT" name="Address_TC12_Valid_Address" finished-at="2023-10-23T13:05:56 EDT" duration-ms="4761" status="PASS">
          <reporter-output>
          </reporter-output>
        </test-method> <!-- Address_TC12_Valid_Address -->
        <test-method is-config="true" signature="Go_To_Addresses()[pri:0, instance:test_layer.Addresses_Test@8c3b9d]" started-at="2023-10-23T13:05:56 EDT" name="Go_To_Addresses" finished-at="2023-10-23T13:05:57 EDT" duration-ms="848" status="PASS">
          <reporter-output>
          </reporter-output>
        </test-method> <!-- Go_To_Addresses -->
        <test-method signature="Address_TC13_Valid_City_and_Province()[pri:10, instance:test_layer.Addresses_Test@8c3b9d]" started-at="2023-10-23T13:05:57 EDT" name="Address_TC13_Valid_City_and_Province" finished-at="2023-10-23T13:06:02 EDT" duration-ms="5242" status="PASS">
          <reporter-output>
          </reporter-output>
        </test-method> <!-- Address_TC13_Valid_City_and_Province -->
        <test-method is-config="true" signature="Go_To_Addresses()[pri:0, instance:test_layer.Addresses_Test@8c3b9d]" started-at="2023-10-23T13:06:02 EDT" name="Go_To_Addresses" finished-at="2023-10-23T13:06:03 EDT" duration-ms="872" status="PASS">
          <reporter-output>
          </reporter-output>
        </test-method> <!-- Go_To_Addresses -->
        <test-method signature="Address_TC14_Invalid_City_and_Province()[pri:11, instance:test_layer.Addresses_Test@8c3b9d]" started-at="2023-10-23T13:06:03 EDT" name="Address_TC14_Invalid_City_and_Province" finished-at="2023-10-23T13:06:08 EDT" duration-ms="5452" status="FAIL">
          <exception class="java.lang.AssertionError">
            <message>
              <![CDATA[expected [true] but found [false]]]>
            </message>
            <full-stacktrace>
              <![CDATA[java.lang.AssertionError: expected [true] but found [false]
at org.testng.Assert.fail(Assert.java:111)
at org.testng.Assert.failNotEquals(Assert.java:1578)
at org.testng.Assert.assertEqualsImpl(Assert.java:150)
at org.testng.Assert.assertEquals(Assert.java:132)
at org.testng.Assert.assertEquals(Assert.java:1067)
at org.testng.Assert.assertEquals(Assert.java:1031)
at org.testng.Assert.assertEquals(Assert.java:1077)
at test_layer.Addresses_Test.Address_TC14_Invalid_City_and_Province(Addresses_Test.java:152)
at java.base/jdk.internal.reflect.DirectMethodHandleAccessor.invoke(DirectMethodHandleAccessor.java:104)
at java.base/java.lang.reflect.Method.invoke(Method.java:578)
at org.testng.internal.invokers.MethodInvocationHelper.invokeMethod(MethodInvocationHelper.java:139)
at org.testng.internal.invokers.TestInvoker.invokeMethod(TestInvoker.java:664)
at org.testng.internal.invokers.TestInvoker.invokeTestMethod(TestInvoker.java:227)
at org.testng.internal.invokers.MethodRunner.runInSequence(MethodRunner.java:50)
at org.testng.internal.invokers.TestInvoker$MethodInvocationAgent.invoke(TestInvoker.java:957)
at org.testng.internal.invokers.TestInvoker.invokeTestMethods(TestInvoker.java:200)
at org.testng.internal.invokers.TestMethodWorker.invokeTestMethods(TestMethodWorker.java:148)
at org.testng.internal.invokers.TestMethodWorker.run(TestMethodWorker.java:128)
at java.base/java.util.ArrayList.forEach(ArrayList.java:1511)
at org.testng.TestRunner.privateRun(TestRunner.java:848)
at org.testng.TestRunner.run(TestRunner.java:621)
at org.testng.SuiteRunner.runTest(SuiteRunner.java:443)
at org.testng.SuiteRunner.runSequentially(SuiteRunner.java:437)
at org.testng.SuiteRunner.privateRun(SuiteRunner.java:397)
at org.testng.SuiteRunner.run(SuiteRunner.java:336)
at org.testng.SuiteRunnerWorker.runSuite(SuiteRunnerWorker.java:52)
at org.testng.SuiteRunnerWorker.run(SuiteRunnerWorker.java:95)
at org.testng.TestNG.runSuitesSequentially(TestNG.java:1280)
at org.testng.TestNG.runSuitesLocally(TestNG.java:1200)
at org.testng.TestNG.runSuites(TestNG.java:1114)
at org.testng.TestNG.run(TestNG.java:1082)
at org.testng.remote.AbstractRemoteTestNG.run(AbstractRemoteTestNG.java:115)
at org.testng.remote.RemoteTestNG.initAndRun(RemoteTestNG.java:251)
at org.testng.remote.RemoteTestNG.main(RemoteTestNG.java:77)
]]>
            </full-stacktrace>
          </exception> <!-- java.lang.AssertionError -->
          <reporter-output>
          </reporter-output>
        </test-method> <!-- Address_TC14_Invalid_City_and_Province -->
        <test-method is-config="true" signature="Go_To_Addresses()[pri:0, instance:test_layer.Addresses_Test@8c3b9d]" started-at="2023-10-23T13:06:08 EDT" name="Go_To_Addresses" finished-at="2023-10-23T13:06:09 EDT" duration-ms="847" status="PASS">
          <reporter-output>
          </reporter-output>
        </test-method> <!-- Go_To_Addresses -->
        <test-method signature="Address_TC15_blank_City()[pri:12, instance:test_layer.Addresses_Test@8c3b9d]" started-at="2023-10-23T13:06:09 EDT" name="Address_TC15_blank_City" finished-at="2023-10-23T13:06:14 EDT" duration-ms="5100" status="FAIL">
          <exception class="java.lang.AssertionError">
            <message>
              <![CDATA[expected [true] but found [false]]]>
            </message>
            <full-stacktrace>
              <![CDATA[java.lang.AssertionError: expected [true] but found [false]
at org.testng.Assert.fail(Assert.java:111)
at org.testng.Assert.failNotEquals(Assert.java:1578)
at org.testng.Assert.assertEqualsImpl(Assert.java:150)
at org.testng.Assert.assertEquals(Assert.java:132)
at org.testng.Assert.assertEquals(Assert.java:1067)
at org.testng.Assert.assertEquals(Assert.java:1031)
at org.testng.Assert.assertEquals(Assert.java:1077)
at test_layer.Addresses_Test.Address_TC15_blank_City(Addresses_Test.java:164)
at java.base/jdk.internal.reflect.DirectMethodHandleAccessor.invoke(DirectMethodHandleAccessor.java:104)
at java.base/java.lang.reflect.Method.invoke(Method.java:578)
at org.testng.internal.invokers.MethodInvocationHelper.invokeMethod(MethodInvocationHelper.java:139)
at org.testng.internal.invokers.TestInvoker.invokeMethod(TestInvoker.java:664)
at org.testng.internal.invokers.TestInvoker.invokeTestMethod(TestInvoker.java:227)
at org.testng.internal.invokers.MethodRunner.runInSequence(MethodRunner.java:50)
at org.testng.internal.invokers.TestInvoker$MethodInvocationAgent.invoke(TestInvoker.java:957)
at org.testng.internal.invokers.TestInvoker.invokeTestMethods(TestInvoker.java:200)
at org.testng.internal.invokers.TestMethodWorker.invokeTestMethods(TestMethodWorker.java:148)
at org.testng.internal.invokers.TestMethodWorker.run(TestMethodWorker.java:128)
at java.base/java.util.ArrayList.forEach(ArrayList.java:1511)
at org.testng.TestRunner.privateRun(TestRunner.java:848)
at org.testng.TestRunner.run(TestRunner.java:621)
at org.testng.SuiteRunner.runTest(SuiteRunner.java:443)
at org.testng.SuiteRunner.runSequentially(SuiteRunner.java:437)
at org.testng.SuiteRunner.privateRun(SuiteRunner.java:397)
at org.testng.SuiteRunner.run(SuiteRunner.java:336)
at org.testng.SuiteRunnerWorker.runSuite(SuiteRunnerWorker.java:52)
at org.testng.SuiteRunnerWorker.run(SuiteRunnerWorker.java:95)
at org.testng.TestNG.runSuitesSequentially(TestNG.java:1280)
at org.testng.TestNG.runSuitesLocally(TestNG.java:1200)
at org.testng.TestNG.runSuites(TestNG.java:1114)
at org.testng.TestNG.run(TestNG.java:1082)
at org.testng.remote.AbstractRemoteTestNG.run(AbstractRemoteTestNG.java:115)
at org.testng.remote.RemoteTestNG.initAndRun(RemoteTestNG.java:251)
at org.testng.remote.RemoteTestNG.main(RemoteTestNG.java:77)
]]>
            </full-stacktrace>
          </exception> <!-- java.lang.AssertionError -->
          <reporter-output>
          </reporter-output>
        </test-method> <!-- Address_TC15_blank_City -->
        <test-method is-config="true" signature="Go_To_Addresses()[pri:0, instance:test_layer.Addresses_Test@8c3b9d]" started-at="2023-10-23T13:06:14 EDT" name="Go_To_Addresses" finished-at="2023-10-23T13:06:15 EDT" duration-ms="833" status="PASS">
          <reporter-output>
          </reporter-output>
        </test-method> <!-- Go_To_Addresses -->
        <test-method signature="Address_TC16_Valid_Postal_Code()[pri:13, instance:test_layer.Addresses_Test@8c3b9d]" started-at="2023-10-23T13:06:15 EDT" name="Address_TC16_Valid_Postal_Code" finished-at="2023-10-23T13:06:21 EDT" duration-ms="5670" status="PASS">
          <reporter-output>
          </reporter-output>
        </test-method> <!-- Address_TC16_Valid_Postal_Code -->
        <test-method is-config="true" signature="Go_To_Addresses()[pri:0, instance:test_layer.Addresses_Test@8c3b9d]" started-at="2023-10-23T13:06:21 EDT" name="Go_To_Addresses" finished-at="2023-10-23T13:06:22 EDT" duration-ms="811" status="PASS">
          <reporter-output>
          </reporter-output>
        </test-method> <!-- Go_To_Addresses -->
        <test-method signature="Address_TC17_Invalid_Postal_Code()[pri:14, instance:test_layer.Addresses_Test@8c3b9d]" started-at="2023-10-23T13:06:22 EDT" name="Address_TC17_Invalid_Postal_Code" finished-at="2023-10-23T13:06:27 EDT" duration-ms="5509" status="FAIL">
          <exception class="java.lang.AssertionError">
            <message>
              <![CDATA[expected [true] but found [false]]]>
            </message>
            <full-stacktrace>
              <![CDATA[java.lang.AssertionError: expected [true] but found [false]
at org.testng.Assert.fail(Assert.java:111)
at org.testng.Assert.failNotEquals(Assert.java:1578)
at org.testng.Assert.assertEqualsImpl(Assert.java:150)
at org.testng.Assert.assertEquals(Assert.java:132)
at org.testng.Assert.assertEquals(Assert.java:1067)
at org.testng.Assert.assertEquals(Assert.java:1031)
at org.testng.Assert.assertEquals(Assert.java:1077)
at test_layer.Addresses_Test.Address_TC17_Invalid_Postal_Code(Addresses_Test.java:192)
at java.base/jdk.internal.reflect.DirectMethodHandleAccessor.invoke(DirectMethodHandleAccessor.java:104)
at java.base/java.lang.reflect.Method.invoke(Method.java:578)
at org.testng.internal.invokers.MethodInvocationHelper.invokeMethod(MethodInvocationHelper.java:139)
at org.testng.internal.invokers.TestInvoker.invokeMethod(TestInvoker.java:664)
at org.testng.internal.invokers.TestInvoker.invokeTestMethod(TestInvoker.java:227)
at org.testng.internal.invokers.MethodRunner.runInSequence(MethodRunner.java:50)
at org.testng.internal.invokers.TestInvoker$MethodInvocationAgent.invoke(TestInvoker.java:957)
at org.testng.internal.invokers.TestInvoker.invokeTestMethods(TestInvoker.java:200)
at org.testng.internal.invokers.TestMethodWorker.invokeTestMethods(TestMethodWorker.java:148)
at org.testng.internal.invokers.TestMethodWorker.run(TestMethodWorker.java:128)
at java.base/java.util.ArrayList.forEach(ArrayList.java:1511)
at org.testng.TestRunner.privateRun(TestRunner.java:848)
at org.testng.TestRunner.run(TestRunner.java:621)
at org.testng.SuiteRunner.runTest(SuiteRunner.java:443)
at org.testng.SuiteRunner.runSequentially(SuiteRunner.java:437)
at org.testng.SuiteRunner.privateRun(SuiteRunner.java:397)
at org.testng.SuiteRunner.run(SuiteRunner.java:336)
at org.testng.SuiteRunnerWorker.runSuite(SuiteRunnerWorker.java:52)
at org.testng.SuiteRunnerWorker.run(SuiteRunnerWorker.java:95)
at org.testng.TestNG.runSuitesSequentially(TestNG.java:1280)
at org.testng.TestNG.runSuitesLocally(TestNG.java:1200)
at org.testng.TestNG.runSuites(TestNG.java:1114)
at org.testng.TestNG.run(TestNG.java:1082)
at org.testng.remote.AbstractRemoteTestNG.run(AbstractRemoteTestNG.java:115)
at org.testng.remote.RemoteTestNG.initAndRun(RemoteTestNG.java:251)
at org.testng.remote.RemoteTestNG.main(RemoteTestNG.java:77)
]]>
            </full-stacktrace>
          </exception> <!-- java.lang.AssertionError -->
          <reporter-output>
          </reporter-output>
        </test-method> <!-- Address_TC17_Invalid_Postal_Code -->
        <test-method is-config="true" signature="Go_To_Addresses()[pri:0, instance:test_layer.Addresses_Test@8c3b9d]" started-at="2023-10-23T13:06:27 EDT" name="Go_To_Addresses" finished-at="2023-10-23T13:06:28 EDT" duration-ms="897" status="PASS">
          <reporter-output>
          </reporter-output>
        </test-method> <!-- Go_To_Addresses -->
        <test-method signature="Address_TC18_blank_Postal_Code()[pri:15, instance:test_layer.Addresses_Test@8c3b9d]" started-at="2023-10-23T13:06:28 EDT" name="Address_TC18_blank_Postal_Code" finished-at="2023-10-23T13:06:34 EDT" duration-ms="5497" status="FAIL">
          <exception class="java.lang.AssertionError">
            <message>
              <![CDATA[expected [true] but found [false]]]>
            </message>
            <full-stacktrace>
              <![CDATA[java.lang.AssertionError: expected [true] but found [false]
at org.testng.Assert.fail(Assert.java:111)
at org.testng.Assert.failNotEquals(Assert.java:1578)
at org.testng.Assert.assertEqualsImpl(Assert.java:150)
at org.testng.Assert.assertEquals(Assert.java:132)
at org.testng.Assert.assertEquals(Assert.java:1067)
at org.testng.Assert.assertEquals(Assert.java:1031)
at org.testng.Assert.assertEquals(Assert.java:1077)
at test_layer.Addresses_Test.Address_TC18_blank_Postal_Code(Addresses_Test.java:206)
at java.base/jdk.internal.reflect.DirectMethodHandleAccessor.invoke(DirectMethodHandleAccessor.java:104)
at java.base/java.lang.reflect.Method.invoke(Method.java:578)
at org.testng.internal.invokers.MethodInvocationHelper.invokeMethod(MethodInvocationHelper.java:139)
at org.testng.internal.invokers.TestInvoker.invokeMethod(TestInvoker.java:664)
at org.testng.internal.invokers.TestInvoker.invokeTestMethod(TestInvoker.java:227)
at org.testng.internal.invokers.MethodRunner.runInSequence(MethodRunner.java:50)
at org.testng.internal.invokers.TestInvoker$MethodInvocationAgent.invoke(TestInvoker.java:957)
at org.testng.internal.invokers.TestInvoker.invokeTestMethods(TestInvoker.java:200)
at org.testng.internal.invokers.TestMethodWorker.invokeTestMethods(TestMethodWorker.java:148)
at org.testng.internal.invokers.TestMethodWorker.run(TestMethodWorker.java:128)
at java.base/java.util.ArrayList.forEach(ArrayList.java:1511)
at org.testng.TestRunner.privateRun(TestRunner.java:848)
at org.testng.TestRunner.run(TestRunner.java:621)
at org.testng.SuiteRunner.runTest(SuiteRunner.java:443)
at org.testng.SuiteRunner.runSequentially(SuiteRunner.java:437)
at org.testng.SuiteRunner.privateRun(SuiteRunner.java:397)
at org.testng.SuiteRunner.run(SuiteRunner.java:336)
at org.testng.SuiteRunnerWorker.runSuite(SuiteRunnerWorker.java:52)
at org.testng.SuiteRunnerWorker.run(SuiteRunnerWorker.java:95)
at org.testng.TestNG.runSuitesSequentially(TestNG.java:1280)
at org.testng.TestNG.runSuitesLocally(TestNG.java:1200)
at org.testng.TestNG.runSuites(TestNG.java:1114)
at org.testng.TestNG.run(TestNG.java:1082)
at org.testng.remote.AbstractRemoteTestNG.run(AbstractRemoteTestNG.java:115)
at org.testng.remote.RemoteTestNG.initAndRun(RemoteTestNG.java:251)
at org.testng.remote.RemoteTestNG.main(RemoteTestNG.java:77)
]]>
            </full-stacktrace>
          </exception> <!-- java.lang.AssertionError -->
          <reporter-output>
          </reporter-output>
        </test-method> <!-- Address_TC18_blank_Postal_Code -->
        <test-method is-config="true" signature="Go_To_Addresses()[pri:0, instance:test_layer.Addresses_Test@8c3b9d]" started-at="2023-10-23T13:06:34 EDT" name="Go_To_Addresses" finished-at="2023-10-23T13:06:34 EDT" duration-ms="848" status="PASS">
          <reporter-output>
          </reporter-output>
        </test-method> <!-- Go_To_Addresses -->
        <test-method signature="Address_TC19_make_default()[pri:16, instance:test_layer.Addresses_Test@8c3b9d]" started-at="2023-10-23T13:06:34 EDT" name="Address_TC19_make_default" finished-at="2023-10-23T13:06:36 EDT" duration-ms="1583" status="PASS">
          <reporter-output>
          </reporter-output>
        </test-method> <!-- Address_TC19_make_default -->
        <test-method is-config="true" signature="Go_To_Addresses()[pri:0, instance:test_layer.Addresses_Test@8c3b9d]" started-at="2023-10-23T13:06:36 EDT" name="Go_To_Addresses" finished-at="2023-10-23T13:06:37 EDT" duration-ms="1080" status="PASS">
          <reporter-output>
          </reporter-output>
        </test-method> <!-- Go_To_Addresses -->
        <test-method signature="Address_TC20_TC21_delivery_instructions()[pri:17, instance:test_layer.Addresses_Test@8c3b9d]" started-at="2023-10-23T13:06:37 EDT" name="Address_TC20_TC21_delivery_instructions" finished-at="2023-10-23T13:06:40 EDT" duration-ms="2846" status="PASS">
          <reporter-output>
          </reporter-output>
        </test-method> <!-- Address_TC20_TC21_delivery_instructions -->
        <test-method is-config="true" signature="Go_To_Addresses()[pri:0, instance:test_layer.Addresses_Test@8c3b9d]" started-at="2023-10-23T13:06:40 EDT" name="Go_To_Addresses" finished-at="2023-10-23T13:06:41 EDT" duration-ms="1040" status="PASS">
          <reporter-output>
          </reporter-output>
        </test-method> <!-- Go_To_Addresses -->
        <test-method signature="Address_TC22_add_address_with_make_default()[pri:18, instance:test_layer.Addresses_Test@8c3b9d]" started-at="2023-10-23T13:06:41 EDT" name="Address_TC22_add_address_with_make_default" finished-at="2023-10-23T13:06:56 EDT" duration-ms="15083" status="PASS">
          <reporter-output>
          </reporter-output>
        </test-method> <!-- Address_TC22_add_address_with_make_default -->
        <test-method is-config="true" signature="Go_To_Addresses()[pri:0, instance:test_layer.Addresses_Test@8c3b9d]" started-at="2023-10-23T13:06:56 EDT" name="Go_To_Addresses" finished-at="2023-10-23T13:06:57 EDT" duration-ms="883" status="PASS">
          <reporter-output>
          </reporter-output>
        </test-method> <!-- Go_To_Addresses -->
        <test-method signature="Address_TC23_add_address_without_make_default()[pri:19, instance:test_layer.Addresses_Test@8c3b9d]" started-at="2023-10-23T13:06:57 EDT" name="Address_TC23_add_address_without_make_default" finished-at="2023-10-23T13:07:03 EDT" duration-ms="5773" status="PASS">
          <reporter-output>
          </reporter-output>
        </test-method> <!-- Address_TC23_add_address_without_make_default -->
        <test-method is-config="true" signature="logout()[pri:0, instance:test_layer.Addresses_Test@8c3b9d]" started-at="2023-10-23T13:07:03 EDT" name="logout" finished-at="2023-10-23T13:07:05 EDT" duration-ms="1830" status="PASS">
          <reporter-output>
          </reporter-output>
        </test-method> <!-- logout -->
        <test-method is-config="true" signature="close()[pri:0, instance:test_layer.Addresses_Test@8c3b9d]" started-at="2023-10-23T13:07:05 EDT" name="close" finished-at="2023-10-23T13:07:10 EDT" duration-ms="4979" status="PASS">
          <reporter-output>
          </reporter-output>
        </test-method> <!-- close -->
      </class> <!-- test_layer.Addresses_Test -->
    </test> <!-- Addresses_Module -->
    <test started-at="2023-10-23T13:07:10 EDT" name="Orders_Module" finished-at="2023-10-23T13:07:31 EDT" duration-ms="21496">
      <class name="test_layer.Orders_Test">
        <test-method is-config="true" signature="start()[pri:0, instance:test_layer.Orders_Test@2e377400]" started-at="2023-10-23T13:07:10 EDT" name="start" finished-at="2023-10-23T13:07:14 EDT" duration-ms="4899" status="PASS">
          <reporter-output>
          </reporter-output>
        </test-method> <!-- start -->
        <test-method is-config="true" signature="login()[pri:0, instance:test_layer.Orders_Test@2e377400]" started-at="2023-10-23T13:07:14 EDT" name="login" finished-at="2023-10-23T13:07:18 EDT" duration-ms="3827" status="PASS">
          <reporter-output>
          </reporter-output>
        </test-method> <!-- login -->
        <test-method is-config="true" signature="Go_To_Orders()[pri:0, instance:test_layer.Orders_Test@2e377400]" started-at="2023-10-23T13:07:18 EDT" name="Go_To_Orders" finished-at="2023-10-23T13:07:20 EDT" duration-ms="1791" status="PASS">
          <reporter-output>
          </reporter-output>
        </test-method> <!-- Go_To_Orders -->
        <test-method signature="Orders_TC1_Click_Your_Orders()[pri:1, instance:test_layer.Orders_Test@2e377400]" started-at="2023-10-23T13:07:20 EDT" name="Orders_TC1_Click_Your_Orders" finished-at="2023-10-23T13:07:20 EDT" duration-ms="101" status="PASS">
          <reporter-output>
          </reporter-output>
        </test-method> <!-- Orders_TC1_Click_Your_Orders -->
        <test-method is-config="true" signature="Go_To_Orders()[pri:0, instance:test_layer.Orders_Test@2e377400]" started-at="2023-10-23T13:07:20 EDT" name="Go_To_Orders" finished-at="2023-10-23T13:07:21 EDT" duration-ms="1187" status="PASS">
          <reporter-output>
          </reporter-output>
        </test-method> <!-- Go_To_Orders -->
        <test-method signature="Orders_TC2_Click_Buy_Again()[pri:2, instance:test_layer.Orders_Test@2e377400]" started-at="2023-10-23T13:07:21 EDT" name="Orders_TC2_Click_Buy_Again" finished-at="2023-10-23T13:07:22 EDT" duration-ms="1107" status="PASS">
          <reporter-output>
          </reporter-output>
        </test-method> <!-- Orders_TC2_Click_Buy_Again -->
        <test-method is-config="true" signature="Go_To_Orders()[pri:0, instance:test_layer.Orders_Test@2e377400]" started-at="2023-10-23T13:07:22 EDT" name="Go_To_Orders" finished-at="2023-10-23T13:07:24 EDT" duration-ms="2044" status="PASS">
          <reporter-output>
          </reporter-output>
        </test-method> <!-- Go_To_Orders -->
        <test-method signature="Orders_TC3_Click_Not_Yet_Shipped()[pri:3, instance:test_layer.Orders_Test@2e377400]" started-at="2023-10-23T13:07:24 EDT" name="Orders_TC3_Click_Not_Yet_Shipped" finished-at="2023-10-23T13:07:25 EDT" duration-ms="910" status="PASS">
          <reporter-output>
          </reporter-output>
        </test-method> <!-- Orders_TC3_Click_Not_Yet_Shipped -->
        <test-method is-config="true" signature="Go_To_Orders()[pri:0, instance:test_layer.Orders_Test@2e377400]" started-at="2023-10-23T13:07:25 EDT" name="Go_To_Orders" finished-at="2023-10-23T13:07:26 EDT" duration-ms="945" status="PASS">
          <reporter-output>
          </reporter-output>
        </test-method> <!-- Go_To_Orders -->
        <test-method signature="Orders_TC4_Click_Cancelled_Orders()[pri:4, instance:test_layer.Orders_Test@2e377400]" started-at="2023-10-23T13:07:26 EDT" name="Orders_TC4_Click_Cancelled_Orders" finished-at="2023-10-23T13:07:27 EDT" duration-ms="679" status="PASS">
          <reporter-output>
          </reporter-output>
        </test-method> <!-- Orders_TC4_Click_Cancelled_Orders -->
        <test-method is-config="true" signature="logout()[pri:0, instance:test_layer.Orders_Test@2e377400]" started-at="2023-10-23T13:07:27 EDT" name="logout" finished-at="2023-10-23T13:07:29 EDT" duration-ms="1790" status="PASS">
          <reporter-output>
          </reporter-output>
        </test-method> <!-- logout -->
        <test-method is-config="true" signature="close()[pri:0, instance:test_layer.Orders_Test@2e377400]" started-at="2023-10-23T13:07:29 EDT" name="close" finished-at="2023-10-23T13:07:31 EDT" duration-ms="2208" status="PASS">
          <reporter-output>
          </reporter-output>
        </test-method> <!-- close -->
      </class> <!-- test_layer.Orders_Test -->
    </test> <!-- Orders_Module -->
  </suite> <!-- Amazon E-commerce -->
</testng-results>
